::1 - - [04/Dec/2025:11:42:36 +0000] "POST /login HTTP/1.1" 200 246 "http://localhost:3000/" "Mozilla/5.0 (Windows NT 10.0; Win64; x64) AppleWebKit/537.36 (KHTML, like Gecko) amiguinho-balcao/1.0.0 Chrome/140.0.7339.240 Electron/38.3.0 Safari/537.36"
::1 - - [04/Dec/2025:11:43:03 +0000] "GET /ler-formas-pagamento HTTP/1.1" 500 1579 "http://localhost:3000/" "Mozilla/5.0 (Windows NT 10.0; Win64; x64) AppleWebKit/537.36 (KHTML, like Gecko) amiguinho-balcao/1.0.0 Chrome/140.0.7339.240 Electron/38.3.0 Safari/537.36"
::1 - - [04/Dec/2025:11:43:03 +0000] "GET /ler-formas-pagamento HTTP/1.1" 500 1579 "http://localhost:3000/" "Mozilla/5.0 (Windows NT 10.0; Win64; x64) AppleWebKit/537.36 (KHTML, like Gecko) amiguinho-balcao/1.0.0 Chrome/140.0.7339.240 Electron/38.3.0 Safari/537.36"
::1 - - [04/Dec/2025:11:43:03 +0000] "GET /ler-produtos?status=ATIVO&solicitante=GERAL HTTP/1.1" 200 81496 "http://localhost:3000/" "Mozilla/5.0 (Windows NT 10.0; Win64; x64) AppleWebKit/537.36 (KHTML, like Gecko) amiguinho-balcao/1.0.0 Chrome/140.0.7339.240 Electron/38.3.0 Safari/537.36"
::1 - - [04/Dec/2025:11:43:03 +0000] "GET /ler-produtos?status=ATIVO&solicitante=GERAL HTTP/1.1" 304 - "http://localhost:3000/" "Mozilla/5.0 (Windows NT 10.0; Win64; x64) AppleWebKit/537.36 (KHTML, like Gecko) amiguinho-balcao/1.0.0 Chrome/140.0.7339.240 Electron/38.3.0 Safari/537.36"
::1 - - [04/Dec/2025:11:45:04 +0000] "GET /ler-formas-pagamento?status=ATIVO&solicitante=GERAL HTTP/1.1" 500 1579 "http://localhost:3000/" "Mozilla/5.0 (Windows NT 10.0; Win64; x64) AppleWebKit/537.36 (KHTML, like Gecko) amiguinho-balcao/1.0.0 Chrome/140.0.7339.240 Electron/38.3.0 Safari/537.36"
::1 - - [04/Dec/2025:11:45:04 +0000] "GET /ler-formas-pagamento?status=ATIVO&solicitante=GERAL HTTP/1.1" 500 1579 "http://localhost:3000/" "Mozilla/5.0 (Windows NT 10.0; Win64; x64) AppleWebKit/537.36 (KHTML, like Gecko) amiguinho-balcao/1.0.0 Chrome/140.0.7339.240 Electron/38.3.0 Safari/537.36"
::1 - - [04/Dec/2025:11:45:25 +0000] "GET /ler-formas-pagamento?status=ATIVO&solicitante=GERAL HTTP/1.1" 500 1579 "http://localhost:3000/" "Mozilla/5.0 (Windows NT 10.0; Win64; x64) AppleWebKit/537.36 (KHTML, like Gecko) amiguinho-balcao/1.0.0 Chrome/140.0.7339.240 Electron/38.3.0 Safari/537.36"
::1 - - [04/Dec/2025:11:45:25 +0000] "GET /ler-formas-pagamento?status=ATIVO&solicitante=GERAL HTTP/1.1" 500 1579 "http://localhost:3000/" "Mozilla/5.0 (Windows NT 10.0; Win64; x64) AppleWebKit/537.36 (KHTML, like Gecko) amiguinho-balcao/1.0.0 Chrome/140.0.7339.240 Electron/38.3.0 Safari/537.36"
::1 - - [04/Dec/2025:11:46:31 +0000] "POST /login HTTP/1.1" 200 246 "http://localhost:3000/" "Mozilla/5.0 (Windows NT 10.0; Win64; x64) AppleWebKit/537.36 (KHTML, like Gecko) amiguinho-balcao/1.0.0 Chrome/140.0.7339.240 Electron/38.3.0 Safari/537.36"
::1 - - [04/Dec/2025:11:46:36 +0000] "GET /ler-formas-pagamento?status=ATIVO&solicitante=GERAL HTTP/1.1" 500 1579 "http://localhost:3000/" "Mozilla/5.0 (Windows NT 10.0; Win64; x64) AppleWebKit/537.36 (KHTML, like Gecko) amiguinho-balcao/1.0.0 Chrome/140.0.7339.240 Electron/38.3.0 Safari/537.36"
::1 - - [04/Dec/2025:11:46:36 +0000] "GET /ler-formas-pagamento?status=ATIVO&solicitante=GERAL HTTP/1.1" 500 1579 "http://localhost:3000/" "Mozilla/5.0 (Windows NT 10.0; Win64; x64) AppleWebKit/537.36 (KHTML, like Gecko) amiguinho-balcao/1.0.0 Chrome/140.0.7339.240 Electron/38.3.0 Safari/537.36"
::1 - - [04/Dec/2025:11:47:13 +0000] "GET /ler-formas-pagamento HTTP/1.1" 200 126 "-" "Apidog/1.0.0 (https://apidog.com)"
::1 - - [04/Dec/2025:11:48:54 +0000] "GET /ler-formas-pagamento?status=ATIVO&solicitante=GERAL HTTP/1.1" 500 1579 "http://localhost:3000/" "Mozilla/5.0 (Windows NT 10.0; Win64; x64) AppleWebKit/537.36 (KHTML, like Gecko) amiguinho-balcao/1.0.0 Chrome/140.0.7339.240 Electron/38.3.0 Safari/537.36"
::1 - - [04/Dec/2025:11:48:54 +0000] "GET /ler-formas-pagamento?status=ATIVO&solicitante=GERAL HTTP/1.1" 500 1579 "http://localhost:3000/" "Mozilla/5.0 (Windows NT 10.0; Win64; x64) AppleWebKit/537.36 (KHTML, like Gecko) amiguinho-balcao/1.0.0 Chrome/140.0.7339.240 Electron/38.3.0 Safari/537.36"
::1 - - [04/Dec/2025:11:48:57 +0000] "GET /ler-formas-pagamento?status=ATIVO&solicitante=GERAL HTTP/1.1" 500 1579 "http://localhost:3000/" "Mozilla/5.0 (Windows NT 10.0; Win64; x64) AppleWebKit/537.36 (KHTML, like Gecko) amiguinho-balcao/1.0.0 Chrome/140.0.7339.240 Electron/38.3.0 Safari/537.36"
::1 - - [04/Dec/2025:11:48:57 +0000] "GET /ler-formas-pagamento?status=ATIVO&solicitante=GERAL HTTP/1.1" 500 1579 "http://localhost:3000/" "Mozilla/5.0 (Windows NT 10.0; Win64; x64) AppleWebKit/537.36 (KHTML, like Gecko) amiguinho-balcao/1.0.0 Chrome/140.0.7339.240 Electron/38.3.0 Safari/537.36"
::1 - - [04/Dec/2025:11:52:06 +0000] "GET /ler-formas-pagamento?status=ATIVO&solicitante=GERAL HTTP/1.1" 500 1579 "http://localhost:3000/" "Mozilla/5.0 (Windows NT 10.0; Win64; x64) AppleWebKit/537.36 (KHTML, like Gecko) amiguinho-balcao/1.0.0 Chrome/140.0.7339.240 Electron/38.3.0 Safari/537.36"
::1 - - [04/Dec/2025:11:52:06 +0000] "GET /ler-formas-pagamento?status=ATIVO&solicitante=GERAL HTTP/1.1" 500 1579 "http://localhost:3000/" "Mozilla/5.0 (Windows NT 10.0; Win64; x64) AppleWebKit/537.36 (KHTML, like Gecko) amiguinho-balcao/1.0.0 Chrome/140.0.7339.240 Electron/38.3.0 Safari/537.36"
::1 - - [04/Dec/2025:11:53:46 +0000] "GET /ler-formas-pagamento?status=ATIVO&solicitante=GERAL HTTP/1.1" 500 1579 "http://localhost:3000/" "Mozilla/5.0 (Windows NT 10.0; Win64; x64) AppleWebKit/537.36 (KHTML, like Gecko) amiguinho-balcao/1.0.0 Chrome/140.0.7339.240 Electron/38.3.0 Safari/537.36"
::1 - - [04/Dec/2025:11:53:46 +0000] "GET /ler-formas-pagamento?status=ATIVO&solicitante=GERAL HTTP/1.1" 500 1579 "http://localhost:3000/" "Mozilla/5.0 (Windows NT 10.0; Win64; x64) AppleWebKit/537.36 (KHTML, like Gecko) amiguinho-balcao/1.0.0 Chrome/140.0.7339.240 Electron/38.3.0 Safari/537.36"
::1 - - [04/Dec/2025:11:59:26 +0000] "GET /ler-formas-pagamento?status=ATIVO&solicitante=GERAL HTTP/1.1" 500 1579 "http://localhost:3000/" "Mozilla/5.0 (Windows NT 10.0; Win64; x64) AppleWebKit/537.36 (KHTML, like Gecko) amiguinho-balcao/1.0.0 Chrome/140.0.7339.240 Electron/38.3.0 Safari/537.36"
::1 - - [04/Dec/2025:11:59:26 +0000] "GET /ler-formas-pagamento?status=ATIVO&solicitante=GERAL HTTP/1.1" 500 1579 "http://localhost:3000/" "Mozilla/5.0 (Windows NT 10.0; Win64; x64) AppleWebKit/537.36 (KHTML, like Gecko) amiguinho-balcao/1.0.0 Chrome/140.0.7339.240 Electron/38.3.0 Safari/537.36"
::1 - - [04/Dec/2025:11:59:43 +0000] "GET /ler-formas-pagamento?status=ATIVO&solicitante=GERAL HTTP/1.1" 200 126 "http://localhost:3000/" "Mozilla/5.0 (Windows NT 10.0; Win64; x64) AppleWebKit/537.36 (KHTML, like Gecko) amiguinho-balcao/1.0.0 Chrome/140.0.7339.240 Electron/38.3.0 Safari/537.36"
::1 - - [04/Dec/2025:11:59:43 +0000] "GET /ler-formas-pagamento?status=ATIVO&solicitante=GERAL HTTP/1.1" 304 - "http://localhost:3000/" "Mozilla/5.0 (Windows NT 10.0; Win64; x64) AppleWebKit/537.36 (KHTML, like Gecko) amiguinho-balcao/1.0.0 Chrome/140.0.7339.240 Electron/38.3.0 Safari/537.36"
::1 - - [04/Dec/2025:12:07:11 +0000] "POST /login HTTP/1.1" 200 246 "http://localhost:3000/" "Mozilla/5.0 (Windows NT 10.0; Win64; x64) AppleWebKit/537.36 (KHTML, like Gecko) amiguinho-balcao/1.0.0 Chrome/140.0.7339.240 Electron/38.3.0 Safari/537.36"
::1 - - [04/Dec/2025:12:07:52 +0000] "POST /login HTTP/1.1" 200 246 "http://localhost:3000/" "Mozilla/5.0 (Windows NT 10.0; Win64; x64) AppleWebKit/537.36 (KHTML, like Gecko) amiguinho-balcao/1.0.0 Chrome/140.0.7339.240 Electron/38.3.0 Safari/537.36"
::1 - - [04/Dec/2025:12:16:01 +0000] "POST /login HTTP/1.1" 200 246 "http://localhost:3000/" "Mozilla/5.0 (Windows NT 10.0; Win64; x64) AppleWebKit/537.36 (KHTML, like Gecko) amiguinho-balcao/1.0.0 Chrome/140.0.7339.240 Electron/38.3.0 Safari/537.36"
::1 - - [04/Dec/2025:12:27:20 +0000] "POST /login HTTP/1.1" 200 246 "http://localhost:3000/" "Mozilla/5.0 (Windows NT 10.0; Win64; x64) AppleWebKit/537.36 (KHTML, like Gecko) amiguinho-balcao/1.0.0 Chrome/140.0.7339.240 Electron/38.3.0 Safari/537.36"
::1 - - [04/Dec/2025:12:30:44 +0000] "POST /login HTTP/1.1" 200 246 "http://localhost:3000/" "Mozilla/5.0 (Windows NT 10.0; Win64; x64) AppleWebKit/537.36 (KHTML, like Gecko) amiguinho-balcao/1.0.0 Chrome/140.0.7339.240 Electron/38.3.0 Safari/537.36"
::1 - - [04/Dec/2025:12:31:17 +0000] "GET /ler-formas-pagamento HTTP/1.1" 404 47 "-" "Apidog/1.0.0 (https://apidog.com)"
::1 - - [04/Dec/2025:12:31:22 +0000] "GET /ler-formas-pagamento HTTP/1.1" 404 47 "-" "Apidog/1.0.0 (https://apidog.com)"
::1 - - [04/Dec/2025:12:32:07 +0000] "GET /ler-formas-pagamento?status=%22ATIVO%22&solicitante=%22GERAL%22 HTTP/1.1" - - "-" "Apidog/1.0.0 (https://apidog.com)"
::1 - - [04/Dec/2025:12:32:13 +0000] "GET /ler-formas-pagamento?status=ATIVO&solicitante=GERAL HTTP/1.1" 200 126 "-" "Apidog/1.0.0 (https://apidog.com)"
::1 - - [04/Dec/2025:12:36:26 +0000] "POST /login HTTP/1.1" 200 246 "http://localhost:3000/" "Mozilla/5.0 (Windows NT 10.0; Win64; x64) AppleWebKit/537.36 (KHTML, like Gecko) amiguinho-balcao/1.0.0 Chrome/140.0.7339.240 Electron/38.3.0 Safari/537.36"
::1 - - [04/Dec/2025:12:47:46 +0000] "GET /ler-formas-pagamento?status=ATIVO&solicitante=GERAL HTTP/1.1" 304 - "http://localhost:3000/" "Mozilla/5.0 (Windows NT 10.0; Win64; x64) AppleWebKit/537.36 (KHTML, like Gecko) amiguinho-balcao/1.0.0 Chrome/140.0.7339.240 Electron/38.3.0 Safari/537.36"
::1 - - [04/Dec/2025:12:47:46 +0000] "GET /ler-formas-pagamento?status=ATIVO&solicitante=GERAL HTTP/1.1" 304 - "http://localhost:3000/" "Mozilla/5.0 (Windows NT 10.0; Win64; x64) AppleWebKit/537.36 (KHTML, like Gecko) amiguinho-balcao/1.0.0 Chrome/140.0.7339.240 Electron/38.3.0 Safari/537.36"
::1 - - [04/Dec/2025:12:47:58 +0000] "GET /ler-formas-pagamento?status=ATIVO&solicitante=GERAL HTTP/1.1" 304 - "http://localhost:3000/" "Mozilla/5.0 (Windows NT 10.0; Win64; x64) AppleWebKit/537.36 (KHTML, like Gecko) amiguinho-balcao/1.0.0 Chrome/140.0.7339.240 Electron/38.3.0 Safari/537.36"
::1 - - [04/Dec/2025:12:47:58 +0000] "GET /ler-formas-pagamento?status=ATIVO&solicitante=GERAL HTTP/1.1" 304 - "http://localhost:3000/" "Mozilla/5.0 (Windows NT 10.0; Win64; x64) AppleWebKit/537.36 (KHTML, like Gecko) amiguinho-balcao/1.0.0 Chrome/140.0.7339.240 Electron/38.3.0 Safari/537.36"
::1 - - [04/Dec/2025:12:48:07 +0000] "GET /ler-formas-pagamento?status=ATIVO&solicitante=GERAL HTTP/1.1" 304 - "http://localhost:3000/" "Mozilla/5.0 (Windows NT 10.0; Win64; x64) AppleWebKit/537.36 (KHTML, like Gecko) amiguinho-balcao/1.0.0 Chrome/140.0.7339.240 Electron/38.3.0 Safari/537.36"
::1 - - [04/Dec/2025:12:48:07 +0000] "GET /ler-formas-pagamento?status=ATIVO&solicitante=GERAL HTTP/1.1" 304 - "http://localhost:3000/" "Mozilla/5.0 (Windows NT 10.0; Win64; x64) AppleWebKit/537.36 (KHTML, like Gecko) amiguinho-balcao/1.0.0 Chrome/140.0.7339.240 Electron/38.3.0 Safari/537.36"
::1 - - [04/Dec/2025:12:49:26 +0000] "POST /login HTTP/1.1" 200 246 "http://localhost:3000/" "Mozilla/5.0 (Windows NT 10.0; Win64; x64) AppleWebKit/537.36 (KHTML, like Gecko) amiguinho-balcao/1.0.0 Chrome/140.0.7339.240 Electron/38.3.0 Safari/537.36"
::1 - - [04/Dec/2025:12:49:28 +0000] "GET /ler-formas-pagamento?status=ATIVO&solicitante=GERAL HTTP/1.1" 304 - "http://localhost:3000/" "Mozilla/5.0 (Windows NT 10.0; Win64; x64) AppleWebKit/537.36 (KHTML, like Gecko) amiguinho-balcao/1.0.0 Chrome/140.0.7339.240 Electron/38.3.0 Safari/537.36"
::1 - - [04/Dec/2025:12:49:28 +0000] "GET /ler-formas-pagamento?status=ATIVO&solicitante=GERAL HTTP/1.1" 304 - "http://localhost:3000/" "Mozilla/5.0 (Windows NT 10.0; Win64; x64) AppleWebKit/537.36 (KHTML, like Gecko) amiguinho-balcao/1.0.0 Chrome/140.0.7339.240 Electron/38.3.0 Safari/537.36"
::1 - - [04/Dec/2025:12:51:39 +0000] "POST /login HTTP/1.1" 200 246 "http://localhost:3000/" "Mozilla/5.0 (Windows NT 10.0; Win64; x64) AppleWebKit/537.36 (KHTML, like Gecko) amiguinho-balcao/1.0.0 Chrome/140.0.7339.240 Electron/38.3.0 Safari/537.36"
::1 - - [04/Dec/2025:12:51:41 +0000] "GET /ler-formas-pagamento?status=ATIVO&solicitante=GERAL HTTP/1.1" 304 - "http://localhost:3000/" "Mozilla/5.0 (Windows NT 10.0; Win64; x64) AppleWebKit/537.36 (KHTML, like Gecko) amiguinho-balcao/1.0.0 Chrome/140.0.7339.240 Electron/38.3.0 Safari/537.36"
::1 - - [04/Dec/2025:12:51:41 +0000] "GET /ler-formas-pagamento?status=ATIVO&solicitante=GERAL HTTP/1.1" 304 - "http://localhost:3000/" "Mozilla/5.0 (Windows NT 10.0; Win64; x64) AppleWebKit/537.36 (KHTML, like Gecko) amiguinho-balcao/1.0.0 Chrome/140.0.7339.240 Electron/38.3.0 Safari/537.36"
::1 - - [04/Dec/2025:12:53:57 +0000] "GET /ler-formas-pagamento?status=ATIVO&solicitante=GERAL HTTP/1.1" 200 126 "-" "Apidog/1.0.0 (https://apidog.com)"
::1 - - [04/Dec/2025:13:02:33 +0000] "GET /ler-formas-pagamento?status=ATIVO&solicitante=GERAL HTTP/1.1" 304 - "http://localhost:3000/" "Mozilla/5.0 (Windows NT 10.0; Win64; x64) AppleWebKit/537.36 (KHTML, like Gecko) amiguinho-balcao/1.0.0 Chrome/140.0.7339.240 Electron/38.3.0 Safari/537.36"
::1 - - [04/Dec/2025:13:02:33 +0000] "GET /ler-formas-pagamento?status=ATIVO&solicitante=GERAL HTTP/1.1" 304 - "http://localhost:3000/" "Mozilla/5.0 (Windows NT 10.0; Win64; x64) AppleWebKit/537.36 (KHTML, like Gecko) amiguinho-balcao/1.0.0 Chrome/140.0.7339.240 Electron/38.3.0 Safari/537.36"
::1 - - [04/Dec/2025:13:02:53 +0000] "GET /ler-formas-pagamento?status=ATIVO&solicitante=GERAL HTTP/1.1" 304 - "http://localhost:3000/" "Mozilla/5.0 (Windows NT 10.0; Win64; x64) AppleWebKit/537.36 (KHTML, like Gecko) amiguinho-balcao/1.0.0 Chrome/140.0.7339.240 Electron/38.3.0 Safari/537.36"
::1 - - [04/Dec/2025:13:02:53 +0000] "GET /ler-formas-pagamento?status=ATIVO&solicitante=GERAL HTTP/1.1" 304 - "http://localhost:3000/" "Mozilla/5.0 (Windows NT 10.0; Win64; x64) AppleWebKit/537.36 (KHTML, like Gecko) amiguinho-balcao/1.0.0 Chrome/140.0.7339.240 Electron/38.3.0 Safari/537.36"
::1 - - [04/Dec/2025:13:06:08 +0000] "POST /login HTTP/1.1" 200 246 "http://localhost:3000/" "Mozilla/5.0 (Windows NT 10.0; Win64; x64) AppleWebKit/537.36 (KHTML, like Gecko) amiguinho-balcao/1.0.0 Chrome/140.0.7339.240 Electron/38.3.0 Safari/537.36"
::1 - - [04/Dec/2025:13:06:10 +0000] "GET /ler-formas-pagamento?status=ATIVO&solicitante=GERAL HTTP/1.1" 304 - "http://localhost:3000/" "Mozilla/5.0 (Windows NT 10.0; Win64; x64) AppleWebKit/537.36 (KHTML, like Gecko) amiguinho-balcao/1.0.0 Chrome/140.0.7339.240 Electron/38.3.0 Safari/537.36"
::1 - - [04/Dec/2025:13:06:10 +0000] "GET /ler-formas-pagamento?status=ATIVO&solicitante=GERAL HTTP/1.1" 304 - "http://localhost:3000/" "Mozilla/5.0 (Windows NT 10.0; Win64; x64) AppleWebKit/537.36 (KHTML, like Gecko) amiguinho-balcao/1.0.0 Chrome/140.0.7339.240 Electron/38.3.0 Safari/537.36"
::1 - - [04/Dec/2025:13:08:59 +0000] "GET /ler-formas-pagamento?status=ATIVO&solicitante=GERAL HTTP/1.1" 304 - "http://localhost:3000/" "Mozilla/5.0 (Windows NT 10.0; Win64; x64) AppleWebKit/537.36 (KHTML, like Gecko) amiguinho-balcao/1.0.0 Chrome/140.0.7339.240 Electron/38.3.0 Safari/537.36"
::1 - - [04/Dec/2025:13:08:59 +0000] "GET /ler-formas-pagamento?status=ATIVO&solicitante=GERAL HTTP/1.1" 304 - "http://localhost:3000/" "Mozilla/5.0 (Windows NT 10.0; Win64; x64) AppleWebKit/537.36 (KHTML, like Gecko) amiguinho-balcao/1.0.0 Chrome/140.0.7339.240 Electron/38.3.0 Safari/537.36"
::1 - - [04/Dec/2025:14:24:46 +0000] "GET /buscar-produtos HTTP/1.1" 500 1563 "-" "Apidog/1.0.0 (https://apidog.com)"
::1 - - [04/Dec/2025:14:24:57 +0000] "GET /buscar-produtos HTTP/1.1" 500 1563 "-" "Apidog/1.0.0 (https://apidog.com)"
::1 - - [04/Dec/2025:14:31:10 +0000] "GET /buscar-produtos HTTP/1.1" 500 1563 "-" "Apidog/1.0.0 (https://apidog.com)"
::1 - - [04/Dec/2025:14:31:11 +0000] "GET /buscar-produtos HTTP/1.1" 500 1563 "-" "Apidog/1.0.0 (https://apidog.com)"
::1 - - [04/Dec/2025:14:35:27 +0000] "GET /buscar-produtos HTTP/1.1" 500 1563 "-" "Apidog/1.0.0 (https://apidog.com)"
::1 - - [04/Dec/2025:14:47:53 +0000] "GET /buscar-produtos HTTP/1.1" 500 1563 "-" "Apidog/1.0.0 (https://apidog.com)"
::1 - - [04/Dec/2025:14:48:48 +0000] "GET /buscar-produtos HTTP/1.1" 500 1563 "-" "Apidog/1.0.0 (https://apidog.com)"
::1 - - [04/Dec/2025:14:50:34 +0000] "GET /buscar-produtos HTTP/1.1" 500 1563 "-" "Apidog/1.0.0 (https://apidog.com)"
::1 - - [04/Dec/2025:14:50:43 +0000] "GET /buscar-produtos HTTP/1.1" 500 1563 "-" "Apidog/1.0.0 (https://apidog.com)"
::1 - - [04/Dec/2025:14:52:06 +0000] "POST /login HTTP/1.1" 200 246 "http://localhost:3000/" "Mozilla/5.0 (Windows NT 10.0; Win64; x64) AppleWebKit/537.36 (KHTML, like Gecko) amiguinho-balcao/1.0.0 Chrome/140.0.7339.240 Electron/38.3.0 Safari/537.36"
::1 - - [04/Dec/2025:14:52:16 +0000] "GET /buscar-produtos HTTP/1.1" 500 1563 "-" "Apidog/1.0.0 (https://apidog.com)"
::1 - - [04/Dec/2025:14:53:17 +0000] "GET /buscar-produtos HTTP/1.1" 500 1563 "-" "Apidog/1.0.0 (https://apidog.com)"
::1 - - [04/Dec/2025:14:57:15 +0000] "GET /buscar-produtos HTTP/1.1" 500 1563 "-" "Apidog/1.0.0 (https://apidog.com)"
::1 - - [04/Dec/2025:14:59:42 +0000] "GET /buscar-produtos HTTP/1.1" 500 1563 "-" "Apidog/1.0.0 (https://apidog.com)"
::1 - - [04/Dec/2025:14:59:53 +0000] "GET /buscar-produtos HTTP/1.1" 401 27 "-" "Apidog/1.0.0 (https://apidog.com)"
::1 - - [04/Dec/2025:18:13:01 +0000] "GET /buscar-produtos HTTP/1.1" 401 27 "-" "Apidog/1.0.0 (https://apidog.com)"
::1 - - [04/Dec/2025:18:13:23 +0000] "GET /buscar-produtos HTTP/1.1" 401 27 "-" "Apidog/1.0.0 (https://apidog.com)"
::1 - - [04/Dec/2025:18:13:41 +0000] "GET /buscar-produtos HTTP/1.1" 401 27 "-" "Apidog/1.0.0 (https://apidog.com)"
::1 - - [04/Dec/2025:18:20:23 +0000] "GET /listar-usuario HTTP/1.1" 401 27 "-" "Apidog/1.0.0 (https://apidog.com)"
::1 - - [04/Dec/2025:18:25:56 +0000] "POST /login HTTP/1.1" 200 246 "-" "Apidog/1.0.0 (https://apidog.com)"
::1 - - [04/Dec/2025:18:26:09 +0000] "GET /listar-usuario HTTP/1.1" 401 27 "-" "Apidog/1.0.0 (https://apidog.com)"
::1 - - [04/Dec/2025:18:26:31 +0000] "GET /listar-usuario HTTP/1.1" 401 27 "-" "Apidog/1.0.0 (https://apidog.com)"
::1 - - [04/Dec/2025:18:30:11 +0000] "GET /listar-usuario HTTP/1.1" 403 53 "-" "Apidog/1.0.0 (https://apidog.com)"
::1 - - [04/Dec/2025:18:32:15 +0000] "GET /listar-usuario HTTP/1.1" 403 53 "-" "Apidog/1.0.0 (https://apidog.com)"
::1 - - [04/Dec/2025:18:35:45 +0000] "GET /buscar-produtos HTTP/1.1" 200 51 "-" "Apidog/1.0.0 (https://apidog.com)"
::1 - - [04/Dec/2025:18:38:46 +0000] "GET /listar-usuario HTTP/1.1" 403 53 "-" "Apidog/1.0.0 (https://apidog.com)"
::1 - - [04/Dec/2025:18:38:47 +0000] "GET /listar-usuario HTTP/1.1" 403 53 "-" "Apidog/1.0.0 (https://apidog.com)"
::1 - - [04/Dec/2025:18:42:15 +0000] "GET /buscar-produtos HTTP/1.1" 500 26 "-" "Apidog/1.0.0 (https://apidog.com)"
::1 - - [04/Dec/2025:18:43:56 +0000] "GET /buscar-produtos HTTP/1.1" 200 51 "-" "Apidog/1.0.0 (https://apidog.com)"
::1 - - [04/Dec/2025:18:44:16 +0000] "GET /ler-produtos?segmento=cerveja HTTP/1.1" 401 27 "-" "Apidog/1.0.0 (https://apidog.com)"
::1 - - [04/Dec/2025:18:44:26 +0000] "GET /ler-produtos?segmento=cerveja HTTP/1.1" 200 12985 "-" "Apidog/1.0.0 (https://apidog.com)"
::1 - - [04/Dec/2025:18:47:22 +0000] "POST /login HTTP/1.1" 200 246 "-" "Apidog/1.0.0 (https://apidog.com)"
::1 - - [04/Dec/2025:18:47:58 +0000] "GET /buscar-produtos HTTP/1.1" 200 51 "-" "Apidog/1.0.0 (https://apidog.com)"
::1 - - [04/Dec/2025:18:54:22 +0000] "POST /login HTTP/1.1" 200 246 "http://localhost:3000/" "Mozilla/5.0 (Windows NT 10.0; Win64; x64) AppleWebKit/537.36 (KHTML, like Gecko) amiguinho-balcao/1.0.0 Chrome/140.0.7339.240 Electron/38.3.0 Safari/537.36"
::1 - - [04/Dec/2025:19:04:01 +0000] "POST /login HTTP/1.1" 200 246 "http://localhost:3000/" "Mozilla/5.0 (Windows NT 10.0; Win64; x64) AppleWebKit/537.36 (KHTML, like Gecko) amiguinho-balcao/1.0.0 Chrome/140.0.7339.240 Electron/38.3.0 Safari/537.36"
::1 - - [04/Dec/2025:19:45:10 +0000] "POST /login HTTP/1.1" 200 246 "http://localhost:3000/" "Mozilla/5.0 (Windows NT 10.0; Win64; x64) AppleWebKit/537.36 (KHTML, like Gecko) amiguinho-balcao/1.0.0 Chrome/140.0.7339.240 Electron/38.3.0 Safari/537.36"
::1 - - [04/Dec/2025:19:50:25 +0000] "POST /login HTTP/1.1" 200 246 "http://localhost:3000/" "Mozilla/5.0 (Windows NT 10.0; Win64; x64) AppleWebKit/537.36 (KHTML, like Gecko) amiguinho-balcao/1.0.0 Chrome/140.0.7339.240 Electron/38.3.0 Safari/537.36"
::1 - - [04/Dec/2025:19:51:23 +0000] "POST /login HTTP/1.1" 200 246 "http://localhost:3000/" "Mozilla/5.0 (Windows NT 10.0; Win64; x64) AppleWebKit/537.36 (KHTML, like Gecko) amiguinho-balcao/1.0.0 Chrome/140.0.7339.240 Electron/38.3.0 Safari/537.36"
::1 - - [04/Dec/2025:19:51:57 +0000] "POST /login HTTP/1.1" 200 246 "http://localhost:3000/" "Mozilla/5.0 (Windows NT 10.0; Win64; x64) AppleWebKit/537.36 (KHTML, like Gecko) amiguinho-balcao/1.0.0 Chrome/140.0.7339.240 Electron/38.3.0 Safari/537.36"
::1 - - [04/Dec/2025:19:52:16 +0000] "POST /login HTTP/1.1" 200 246 "http://localhost:3000/" "Mozilla/5.0 (Windows NT 10.0; Win64; x64) AppleWebKit/537.36 (KHTML, like Gecko) amiguinho-balcao/1.0.0 Chrome/140.0.7339.240 Electron/38.3.0 Safari/537.36"
::1 - - [04/Dec/2025:19:59:13 +0000] "POST /login HTTP/1.1" 200 246 "http://localhost:3000/" "Mozilla/5.0 (Windows NT 10.0; Win64; x64) AppleWebKit/537.36 (KHTML, like Gecko) amiguinho-balcao/1.0.0 Chrome/140.0.7339.240 Electron/38.3.0 Safari/537.36"
::1 - - [04/Dec/2025:20:06:53 +0000] "POST /login HTTP/1.1" 200 246 "http://localhost:3000/" "Mozilla/5.0 (Windows NT 10.0; Win64; x64) AppleWebKit/537.36 (KHTML, like Gecko) amiguinho-balcao/1.0.0 Chrome/140.0.7339.240 Electron/38.3.0 Safari/537.36"
::1 - - [04/Dec/2025:20:09:02 +0000] "POST /login HTTP/1.1" 200 246 "http://localhost:3000/" "Mozilla/5.0 (Windows NT 10.0; Win64; x64) AppleWebKit/537.36 (KHTML, like Gecko) amiguinho-balcao/1.0.0 Chrome/140.0.7339.240 Electron/38.3.0 Safari/537.36"
::1 - - [04/Dec/2025:20:15:42 +0000] "POST /login HTTP/1.1" 200 246 "http://localhost:3000/" "Mozilla/5.0 (Windows NT 10.0; Win64; x64) AppleWebKit/537.36 (KHTML, like Gecko) amiguinho-balcao/1.0.0 Chrome/140.0.7339.240 Electron/38.3.0 Safari/537.36"
::1 - - [04/Dec/2025:20:21:39 +0000] "POST /login HTTP/1.1" 404 50 "http://localhost:3000/" "Mozilla/5.0 (Windows NT 10.0; Win64; x64) AppleWebKit/537.36 (KHTML, like Gecko) amiguinho-balcao/1.0.0 Chrome/140.0.7339.240 Electron/38.3.0 Safari/537.36"
::1 - - [04/Dec/2025:20:23:27 +0000] "POST /login HTTP/1.1" 200 246 "http://localhost:3000/" "Mozilla/5.0 (Windows NT 10.0; Win64; x64) AppleWebKit/537.36 (KHTML, like Gecko) amiguinho-balcao/1.0.0 Chrome/140.0.7339.240 Electron/38.3.0 Safari/537.36"
::1 - - [04/Dec/2025:20:32:47 +0000] "POST /login HTTP/1.1" 200 246 "http://localhost:3000/" "Mozilla/5.0 (Windows NT 10.0; Win64; x64) AppleWebKit/537.36 (KHTML, like Gecko) amiguinho-balcao/1.0.0 Chrome/140.0.7339.240 Electron/38.3.0 Safari/537.36"
::1 - - [04/Dec/2025:20:34:09 +0000] "POST /login HTTP/1.1" 200 246 "http://localhost:3000/" "Mozilla/5.0 (Windows NT 10.0; Win64; x64) AppleWebKit/537.36 (KHTML, like Gecko) amiguinho-balcao/1.0.0 Chrome/140.0.7339.240 Electron/38.3.0 Safari/537.36"
::1 - - [04/Dec/2025:20:34:34 +0000] "POST /login HTTP/1.1" 200 246 "http://localhost:3000/" "Mozilla/5.0 (Windows NT 10.0; Win64; x64) AppleWebKit/537.36 (KHTML, like Gecko) amiguinho-balcao/1.0.0 Chrome/140.0.7339.240 Electron/38.3.0 Safari/537.36"
::1 - - [04/Dec/2025:20:34:36 +0000] "GET /ler-formas-pagamento?status=ATIVO&solicitante=BALCAO HTTP/1.1" 200 990 "http://localhost:3000/" "Mozilla/5.0 (Windows NT 10.0; Win64; x64) AppleWebKit/537.36 (KHTML, like Gecko) amiguinho-balcao/1.0.0 Chrome/140.0.7339.240 Electron/38.3.0 Safari/537.36"
::1 - - [04/Dec/2025:20:34:36 +0000] "GET /ler-formas-pagamento?status=ATIVO&solicitante=BALCAO HTTP/1.1" 304 - "http://localhost:3000/" "Mozilla/5.0 (Windows NT 10.0; Win64; x64) AppleWebKit/537.36 (KHTML, like Gecko) amiguinho-balcao/1.0.0 Chrome/140.0.7339.240 Electron/38.3.0 Safari/537.36"
::1 - - [04/Dec/2025:20:34:36 +0000] "GET /ler-produtos HTTP/1.1" 200 85107 "http://localhost:3000/" "Mozilla/5.0 (Windows NT 10.0; Win64; x64) AppleWebKit/537.36 (KHTML, like Gecko) amiguinho-balcao/1.0.0 Chrome/140.0.7339.240 Electron/38.3.0 Safari/537.36"
::1 - - [04/Dec/2025:20:34:36 +0000] "GET /ler-produtos HTTP/1.1" 304 - "http://localhost:3000/" "Mozilla/5.0 (Windows NT 10.0; Win64; x64) AppleWebKit/537.36 (KHTML, like Gecko) amiguinho-balcao/1.0.0 Chrome/140.0.7339.240 Electron/38.3.0 Safari/537.36"
::1 - - [04/Dec/2025:20:38:01 +0000] "POST /login HTTP/1.1" 200 246 "http://localhost:3000/" "Mozilla/5.0 (Windows NT 10.0; Win64; x64) AppleWebKit/537.36 (KHTML, like Gecko) amiguinho-balcao/1.0.0 Chrome/140.0.7339.240 Electron/38.3.0 Safari/537.36"
::1 - - [04/Dec/2025:20:40:11 +0000] "POST /login HTTP/1.1" 200 246 "http://localhost:3000/" "Mozilla/5.0 (Windows NT 10.0; Win64; x64) AppleWebKit/537.36 (KHTML, like Gecko) amiguinho-balcao/1.0.0 Chrome/140.0.7339.240 Electron/38.3.0 Safari/537.36"
::1 - - [04/Dec/2025:20:40:13 +0000] "GET /ler-formas-pagamento?status=ATIVO&solicitante=BALCAO HTTP/1.1" 304 - "http://localhost:3000/" "Mozilla/5.0 (Windows NT 10.0; Win64; x64) AppleWebKit/537.36 (KHTML, like Gecko) amiguinho-balcao/1.0.0 Chrome/140.0.7339.240 Electron/38.3.0 Safari/537.36"
::1 - - [04/Dec/2025:20:40:13 +0000] "GET /ler-formas-pagamento?status=ATIVO&solicitante=BALCAO HTTP/1.1" 304 - "http://localhost:3000/" "Mozilla/5.0 (Windows NT 10.0; Win64; x64) AppleWebKit/537.36 (KHTML, like Gecko) amiguinho-balcao/1.0.0 Chrome/140.0.7339.240 Electron/38.3.0 Safari/537.36"
::1 - - [04/Dec/2025:20:40:13 +0000] "GET /ler-produtos HTTP/1.1" 304 - "http://localhost:3000/" "Mozilla/5.0 (Windows NT 10.0; Win64; x64) AppleWebKit/537.36 (KHTML, like Gecko) amiguinho-balcao/1.0.0 Chrome/140.0.7339.240 Electron/38.3.0 Safari/537.36"
::1 - - [04/Dec/2025:20:40:13 +0000] "GET /ler-produtos HTTP/1.1" 304 - "http://localhost:3000/" "Mozilla/5.0 (Windows NT 10.0; Win64; x64) AppleWebKit/537.36 (KHTML, like Gecko) amiguinho-balcao/1.0.0 Chrome/140.0.7339.240 Electron/38.3.0 Safari/537.36"
