::1 - - [09/Dec/2025:13:32:27 +0000] "POST /login HTTP/1.1" 200 246 "http://localhost:3000/" "Mozilla/5.0 (Windows NT 10.0; Win64; x64) AppleWebKit/537.36 (KHTML, like Gecko) amiguinho-balcao/1.0.0 Chrome/140.0.7339.240 Electron/38.3.0 Safari/537.36"
::1 - - [09/Dec/2025:13:33:15 +0000] "POST /novo-pedido/balcao HTTP/1.1" 401 27 "http://localhost:3000/" "Mozilla/5.0 (Windows NT 10.0; Win64; x64) AppleWebKit/537.36 (KHTML, like Gecko) amiguinho-balcao/1.0.0 Chrome/140.0.7339.240 Electron/38.3.0 Safari/537.36"
::1 - - [09/Dec/2025:13:40:57 +0000] "POST /novo-pedido/balcao HTTP/1.1" 500 39 "-" "Apidog/1.0.0 (https://apidog.com)"
::1 - - [09/Dec/2025:13:40:59 +0000] "POST /novo-pedido/balcao HTTP/1.1" 500 39 "-" "Apidog/1.0.0 (https://apidog.com)"
::1 - - [09/Dec/2025:13:42:32 +0000] "POST /novo-pedido/balcao HTTP/1.1" 500 39 "-" "Apidog/1.0.0 (https://apidog.com)"
::1 - - [09/Dec/2025:13:42:47 +0000] "POST /novo-pedido/balcao HTTP/1.1" 201 497 "-" "Apidog/1.0.0 (https://apidog.com)"
::1 - - [09/Dec/2025:13:43:18 +0000] "POST /novo-pedido/balcao HTTP/1.1" 401 27 "http://localhost:3000/" "Mozilla/5.0 (Windows NT 10.0; Win64; x64) AppleWebKit/537.36 (KHTML, like Gecko) amiguinho-balcao/1.0.0 Chrome/140.0.7339.240 Electron/38.3.0 Safari/537.36"
::1 - - [09/Dec/2025:13:50:52 +0000] "POST /novo-pedido/balcao HTTP/1.1" 400 46 "http://localhost:3000/" "Mozilla/5.0 (Windows NT 10.0; Win64; x64) AppleWebKit/537.36 (KHTML, like Gecko) amiguinho-balcao/1.0.0 Chrome/140.0.7339.240 Electron/38.3.0 Safari/537.36"
::1 - - [09/Dec/2025:13:52:43 +0000] "POST /novo-pedido/balcao HTTP/1.1" 400 46 "http://localhost:3000/" "Mozilla/5.0 (Windows NT 10.0; Win64; x64) AppleWebKit/537.36 (KHTML, like Gecko) amiguinho-balcao/1.0.0 Chrome/140.0.7339.240 Electron/38.3.0 Safari/537.36"
::1 - - [09/Dec/2025:13:56:05 +0000] "POST /login HTTP/1.1" 200 246 "http://localhost:3000/" "Mozilla/5.0 (Windows NT 10.0; Win64; x64) AppleWebKit/537.36 (KHTML, like Gecko) amiguinho-balcao/1.0.0 Chrome/140.0.7339.240 Electron/38.3.0 Safari/537.36"
::1 - - [09/Dec/2025:13:56:21 +0000] "POST /novo-pedido/balcao HTTP/1.1" 400 46 "http://localhost:3000/" "Mozilla/5.0 (Windows NT 10.0; Win64; x64) AppleWebKit/537.36 (KHTML, like Gecko) amiguinho-balcao/1.0.0 Chrome/140.0.7339.240 Electron/38.3.0 Safari/537.36"
::1 - - [09/Dec/2025:14:02:37 +0000] "POST /login HTTP/1.1" 200 246 "http://localhost:3000/" "Mozilla/5.0 (Windows NT 10.0; Win64; x64) AppleWebKit/537.36 (KHTML, like Gecko) amiguinho-balcao/1.0.0 Chrome/140.0.7339.240 Electron/38.3.0 Safari/537.36"
::1 - - [09/Dec/2025:14:04:41 +0000] "POST /novo-pedido/balcao HTTP/1.1" 400 62 "http://localhost:3000/" "Mozilla/5.0 (Windows NT 10.0; Win64; x64) AppleWebKit/537.36 (KHTML, like Gecko) amiguinho-balcao/1.0.0 Chrome/140.0.7339.240 Electron/38.3.0 Safari/537.36"
::1 - - [09/Dec/2025:14:06:07 +0000] "POST /login HTTP/1.1" 200 246 "http://localhost:3000/" "Mozilla/5.0 (Windows NT 10.0; Win64; x64) AppleWebKit/537.36 (KHTML, like Gecko) amiguinho-balcao/1.0.0 Chrome/140.0.7339.240 Electron/38.3.0 Safari/537.36"
::1 - - [09/Dec/2025:14:09:51 +0000] "POST /login HTTP/1.1" 200 246 "http://localhost:3000/" "Mozilla/5.0 (Windows NT 10.0; Win64; x64) AppleWebKit/537.36 (KHTML, like Gecko) amiguinho-balcao/1.0.0 Chrome/140.0.7339.240 Electron/38.3.0 Safari/537.36"
::1 - - [09/Dec/2025:14:10:08 +0000] "POST /novo-pedido/balcao HTTP/1.1" 500 39 "http://localhost:3000/" "Mozilla/5.0 (Windows NT 10.0; Win64; x64) AppleWebKit/537.36 (KHTML, like Gecko) amiguinho-balcao/1.0.0 Chrome/140.0.7339.240 Electron/38.3.0 Safari/537.36"
::1 - - [09/Dec/2025:14:14:54 +0000] "POST /login HTTP/1.1" 200 246 "http://localhost:3000/" "Mozilla/5.0 (Windows NT 10.0; Win64; x64) AppleWebKit/537.36 (KHTML, like Gecko) amiguinho-balcao/1.0.0 Chrome/140.0.7339.240 Electron/38.3.0 Safari/537.36"
::1 - - [09/Dec/2025:14:15:06 +0000] "POST /novo-pedido/balcao HTTP/1.1" 500 39 "http://localhost:3000/" "Mozilla/5.0 (Windows NT 10.0; Win64; x64) AppleWebKit/537.36 (KHTML, like Gecko) amiguinho-balcao/1.0.0 Chrome/140.0.7339.240 Electron/38.3.0 Safari/537.36"
::1 - - [09/Dec/2025:14:17:22 +0000] "POST /login HTTP/1.1" 200 246 "http://localhost:3000/" "Mozilla/5.0 (Windows NT 10.0; Win64; x64) AppleWebKit/537.36 (KHTML, like Gecko) amiguinho-balcao/1.0.0 Chrome/140.0.7339.240 Electron/38.3.0 Safari/537.36"
::1 - - [09/Dec/2025:14:17:43 +0000] "POST /novo-pedido/balcao HTTP/1.1" 500 39 "http://localhost:3000/" "Mozilla/5.0 (Windows NT 10.0; Win64; x64) AppleWebKit/537.36 (KHTML, like Gecko) amiguinho-balcao/1.0.0 Chrome/140.0.7339.240 Electron/38.3.0 Safari/537.36"
::1 - - [09/Dec/2025:19:01:51 +0000] "POST /login HTTP/1.1" 200 246 "http://localhost:3000/" "Mozilla/5.0 (Windows NT 10.0; Win64; x64) AppleWebKit/537.36 (KHTML, like Gecko) amiguinho-balcao/1.0.0 Chrome/140.0.7339.240 Electron/38.3.0 Safari/537.36"
::1 - - [09/Dec/2025:19:03:13 +0000] "GET /ler-formas-pagamento?status=ATIVO&solicitante=BALCAO HTTP/1.1" 304 - "http://localhost:3000/" "Mozilla/5.0 (Windows NT 10.0; Win64; x64) AppleWebKit/537.36 (KHTML, like Gecko) amiguinho-balcao/1.0.0 Chrome/140.0.7339.240 Electron/38.3.0 Safari/537.36"
::1 - - [09/Dec/2025:19:03:13 +0000] "GET /ler-formas-pagamento?status=ATIVO&solicitante=BALCAO HTTP/1.1" 304 - "http://localhost:3000/" "Mozilla/5.0 (Windows NT 10.0; Win64; x64) AppleWebKit/537.36 (KHTML, like Gecko) amiguinho-balcao/1.0.0 Chrome/140.0.7339.240 Electron/38.3.0 Safari/537.36"
::1 - - [09/Dec/2025:19:03:13 +0000] "GET /ler-produtos HTTP/1.1" 304 - "http://localhost:3000/" "Mozilla/5.0 (Windows NT 10.0; Win64; x64) AppleWebKit/537.36 (KHTML, like Gecko) amiguinho-balcao/1.0.0 Chrome/140.0.7339.240 Electron/38.3.0 Safari/537.36"
::1 - - [09/Dec/2025:19:03:13 +0000] "GET /ler-produtos HTTP/1.1" 304 - "http://localhost:3000/" "Mozilla/5.0 (Windows NT 10.0; Win64; x64) AppleWebKit/537.36 (KHTML, like Gecko) amiguinho-balcao/1.0.0 Chrome/140.0.7339.240 Electron/38.3.0 Safari/537.36"
::1 - - [09/Dec/2025:19:03:26 +0000] "POST /novo-pedido/balcao HTTP/1.1" 500 39 "http://localhost:3000/" "Mozilla/5.0 (Windows NT 10.0; Win64; x64) AppleWebKit/537.36 (KHTML, like Gecko) amiguinho-balcao/1.0.0 Chrome/140.0.7339.240 Electron/38.3.0 Safari/537.36"
::1 - - [09/Dec/2025:19:05:16 +0000] "POST /novo-pedido/balcao HTTP/1.1" 500 39 "http://localhost:3000/" "Mozilla/5.0 (Windows NT 10.0; Win64; x64) AppleWebKit/537.36 (KHTML, like Gecko) amiguinho-balcao/1.0.0 Chrome/140.0.7339.240 Electron/38.3.0 Safari/537.36"
::1 - - [09/Dec/2025:20:17:56 +0000] "POST /novo-pedido/balcao HTTP/1.1" 500 39 "http://localhost:3000/" "Mozilla/5.0 (Windows NT 10.0; Win64; x64) AppleWebKit/537.36 (KHTML, like Gecko) amiguinho-balcao/1.0.0 Chrome/140.0.7339.240 Electron/38.3.0 Safari/537.36"
::1 - - [09/Dec/2025:20:19:31 +0000] "POST /novo-pedido/balcao HTTP/1.1" 500 39 "http://localhost:3000/" "Mozilla/5.0 (Windows NT 10.0; Win64; x64) AppleWebKit/537.36 (KHTML, like Gecko) amiguinho-balcao/1.0.0 Chrome/140.0.7339.240 Electron/38.3.0 Safari/537.36"
::1 - - [09/Dec/2025:20:20:46 +0000] "POST /novo-pedido/balcao HTTP/1.1" 201 417 "http://localhost:3000/" "Mozilla/5.0 (Windows NT 10.0; Win64; x64) AppleWebKit/537.36 (KHTML, like Gecko) amiguinho-balcao/1.0.0 Chrome/140.0.7339.240 Electron/38.3.0 Safari/537.36"
