::1 - - [15/Dec/2025:11:49:41 +0000] "GET /ler-formas-pagamento?status=ATIVO&solicitante=BALCAO HTTP/1.1" 304 - "http://localhost:3000/" "Mozilla/5.0 (Windows NT 10.0; Win64; x64) AppleWebKit/537.36 (KHTML, like Gecko) amiguinho-balcao/1.0.0 Chrome/140.0.7339.240 Electron/38.3.0 Safari/537.36"
::1 - - [15/Dec/2025:11:49:41 +0000] "GET /ler-formas-pagamento?status=ATIVO&solicitante=BALCAO HTTP/1.1" 304 - "http://localhost:3000/" "Mozilla/5.0 (Windows NT 10.0; Win64; x64) AppleWebKit/537.36 (KHTML, like Gecko) amiguinho-balcao/1.0.0 Chrome/140.0.7339.240 Electron/38.3.0 Safari/537.36"
::1 - - [15/Dec/2025:11:49:54 +0000] "POST /novo-pedido/balcao HTTP/1.1" 401 29 "http://localhost:3000/" "Mozilla/5.0 (Windows NT 10.0; Win64; x64) AppleWebKit/537.36 (KHTML, like Gecko) amiguinho-balcao/1.0.0 Chrome/140.0.7339.240 Electron/38.3.0 Safari/537.36"
::1 - - [15/Dec/2025:11:53:40 +0000] "POST /login HTTP/1.1" 200 246 "http://localhost:3000/" "Mozilla/5.0 (Windows NT 10.0; Win64; x64) AppleWebKit/537.36 (KHTML, like Gecko) amiguinho-balcao/1.0.0 Chrome/140.0.7339.240 Electron/38.3.0 Safari/537.36"
::1 - - [15/Dec/2025:11:53:55 +0000] "GET /ler-formas-pagamento?status=ATIVO&solicitante=BALCAO HTTP/1.1" 304 - "http://localhost:3000/" "Mozilla/5.0 (Windows NT 10.0; Win64; x64) AppleWebKit/537.36 (KHTML, like Gecko) amiguinho-balcao/1.0.0 Chrome/140.0.7339.240 Electron/38.3.0 Safari/537.36"
::1 - - [15/Dec/2025:11:53:55 +0000] "GET /ler-formas-pagamento?status=ATIVO&solicitante=BALCAO HTTP/1.1" 304 - "http://localhost:3000/" "Mozilla/5.0 (Windows NT 10.0; Win64; x64) AppleWebKit/537.36 (KHTML, like Gecko) amiguinho-balcao/1.0.0 Chrome/140.0.7339.240 Electron/38.3.0 Safari/537.36"
::1 - - [15/Dec/2025:11:53:55 +0000] "GET /ler-produtos HTTP/1.1" 304 - "http://localhost:3000/" "Mozilla/5.0 (Windows NT 10.0; Win64; x64) AppleWebKit/537.36 (KHTML, like Gecko) amiguinho-balcao/1.0.0 Chrome/140.0.7339.240 Electron/38.3.0 Safari/537.36"
::1 - - [15/Dec/2025:11:53:55 +0000] "GET /ler-produtos HTTP/1.1" 304 - "http://localhost:3000/" "Mozilla/5.0 (Windows NT 10.0; Win64; x64) AppleWebKit/537.36 (KHTML, like Gecko) amiguinho-balcao/1.0.0 Chrome/140.0.7339.240 Electron/38.3.0 Safari/537.36"
::1 - - [15/Dec/2025:11:56:06 +0000] "POST /novo-pedido/balcao HTTP/1.1" 201 424 "http://localhost:3000/" "Mozilla/5.0 (Windows NT 10.0; Win64; x64) AppleWebKit/537.36 (KHTML, like Gecko) amiguinho-balcao/1.0.0 Chrome/140.0.7339.240 Electron/38.3.0 Safari/537.36"
::1 - - [15/Dec/2025:11:57:55 +0000] "GET /ler-formas-pagamento?status=ATIVO&solicitante=BALCAO HTTP/1.1" 304 - "http://localhost:3000/" "Mozilla/5.0 (Windows NT 10.0; Win64; x64) AppleWebKit/537.36 (KHTML, like Gecko) amiguinho-balcao/1.0.0 Chrome/140.0.7339.240 Electron/38.3.0 Safari/537.36"
::1 - - [15/Dec/2025:11:57:55 +0000] "GET /ler-formas-pagamento?status=ATIVO&solicitante=BALCAO HTTP/1.1" 304 - "http://localhost:3000/" "Mozilla/5.0 (Windows NT 10.0; Win64; x64) AppleWebKit/537.36 (KHTML, like Gecko) amiguinho-balcao/1.0.0 Chrome/140.0.7339.240 Electron/38.3.0 Safari/537.36"
::1 - - [15/Dec/2025:14:10:59 +0000] "GET /buscar-pedidos HTTP/1.1" 404 153 "-" "Apidog/1.0.0 (https://apidog.com)"
::1 - - [15/Dec/2025:14:14:01 +0000] "GET /buscar-pedidos HTTP/1.1" 401 27 "-" "Apidog/1.0.0 (https://apidog.com)"
::1 - - [15/Dec/2025:14:14:53 +0000] "POST /login HTTP/1.1" 200 246 "-" "Apidog/1.0.0 (https://apidog.com)"
::1 - - [15/Dec/2025:14:15:28 +0000] "GET /buscar-pedidos HTTP/1.1" 500 39 "-" "Apidog/1.0.0 (https://apidog.com)"
::1 - - [15/Dec/2025:14:16:05 +0000] "GET /buscar-pedidos HTTP/1.1" 500 39 "-" "Apidog/1.0.0 (https://apidog.com)"
::1 - - [15/Dec/2025:14:17:06 +0000] "GET /buscar-pedidos?setor=%22balcao%22 HTTP/1.1" 500 39 "-" "Apidog/1.0.0 (https://apidog.com)"
::1 - - [15/Dec/2025:14:17:09 +0000] "GET /buscar-pedidos?setor=%22balcao%22 HTTP/1.1" 500 39 "-" "Apidog/1.0.0 (https://apidog.com)"
::1 - - [15/Dec/2025:14:18:34 +0000] "GET /buscar-pedidos?setor=%22balcao%22 HTTP/1.1" 500 39 "-" "Apidog/1.0.0 (https://apidog.com)"
::1 - - [15/Dec/2025:14:18:36 +0000] "GET /buscar-pedidos?setor=%22balcao%22 HTTP/1.1" 500 39 "-" "Apidog/1.0.0 (https://apidog.com)"
::1 - - [15/Dec/2025:14:18:50 +0000] "POST /login HTTP/1.1" 200 246 "-" "Apidog/1.0.0 (https://apidog.com)"
::1 - - [15/Dec/2025:14:19:05 +0000] "GET /buscar-pedidos?setor=%22balcao%22 HTTP/1.1" 500 39 "-" "Apidog/1.0.0 (https://apidog.com)"
::1 - - [15/Dec/2025:14:19:57 +0000] "GET /buscar-pedidos?setor=balcao HTTP/1.1" 500 39 "-" "Apidog/1.0.0 (https://apidog.com)"
::1 - - [15/Dec/2025:14:20:06 +0000] "GET /buscar-pedidos?setor=delivery HTTP/1.1" 500 39 "-" "Apidog/1.0.0 (https://apidog.com)"
::1 - - [15/Dec/2025:14:20:26 +0000] "GET /buscar-pedidos?setor=balcao HTTP/1.1" 500 39 "-" "Apidog/1.0.0 (https://apidog.com)"
::1 - - [15/Dec/2025:14:21:14 +0000] "GET /buscar-pedidos?setor=%22balcao%22 HTTP/1.1" 500 39 "-" "Apidog/1.0.0 (https://apidog.com)"
::1 - - [15/Dec/2025:14:21:24 +0000] "GET /buscar-pedidos HTTP/1.1" 500 39 "-" "Apidog/1.0.0 (https://apidog.com)"
::1 - - [15/Dec/2025:14:21:28 +0000] "GET /buscar-pedidos HTTP/1.1" 500 39 "-" "Apidog/1.0.0 (https://apidog.com)"
::1 - - [15/Dec/2025:14:21:34 +0000] "GET /buscar-pedidos HTTP/1.1" 500 39 "-" "Apidog/1.0.0 (https://apidog.com)"
::1 - - [15/Dec/2025:14:21:36 +0000] "GET /buscar-pedidos HTTP/1.1" 500 39 "-" "Apidog/1.0.0 (https://apidog.com)"
::1 - - [15/Dec/2025:14:24:51 +0000] "GET /buscar-pedidos HTTP/1.1" 500 39 "-" "Apidog/1.0.0 (https://apidog.com)"
::1 - - [15/Dec/2025:14:24:53 +0000] "GET /buscar-pedidos HTTP/1.1" 500 39 "-" "Apidog/1.0.0 (https://apidog.com)"
::1 - - [15/Dec/2025:14:26:16 +0000] "POST /login HTTP/1.1" 200 246 "-" "Apidog/1.0.0 (https://apidog.com)"
::1 - - [15/Dec/2025:14:26:33 +0000] "GET /buscar-pedidos HTTP/1.1" 500 39 "-" "Apidog/1.0.0 (https://apidog.com)"
::1 - - [15/Dec/2025:14:29:46 +0000] "GET /buscar-pedidos HTTP/1.1" 500 39 "-" "Apidog/1.0.0 (https://apidog.com)"
::1 - - [15/Dec/2025:14:30:17 +0000] "GET /buscar-pedidos HTTP/1.1" 200 13747 "-" "Apidog/1.0.0 (https://apidog.com)"
::1 - - [15/Dec/2025:14:31:15 +0000] "GET /buscar-pedidos?setor=externo HTTP/1.1" 200 16 "-" "Apidog/1.0.0 (https://apidog.com)"
::1 - - [15/Dec/2025:14:31:21 +0000] "GET /buscar-pedidos?setor=delivery HTTP/1.1" 200 16 "-" "Apidog/1.0.0 (https://apidog.com)"
::1 - - [15/Dec/2025:14:31:27 +0000] "GET /buscar-pedidos?setor=balcao HTTP/1.1" 200 13747 "-" "Apidog/1.0.0 (https://apidog.com)"
::1 - - [15/Dec/2025:14:41:56 +0000] "GET /buscar-pedidos?setor=balcao&dataInicio=2025-12-10T12:11:05.451Z&dataFim=2025-12-10T12:11:05.451Z HTTP/1.1" 200 13747 "-" "Apidog/1.0.0 (https://apidog.com)"
::1 - - [15/Dec/2025:14:48:33 +0000] "GET /buscar-pedidos?setor=balcao&dataInicio=2025-12-10T12:11:05.451Z&dataFim=2025-12-10T12:11:05.451Z HTTP/1.1" 500 39 "-" "Apidog/1.0.0 (https://apidog.com)"
::1 - - [15/Dec/2025:14:54:54 +0000] "POST /login HTTP/1.1" 200 246 "-" "Apidog/1.0.0 (https://apidog.com)"
::1 - - [15/Dec/2025:14:55:10 +0000] "GET /buscar-pedidos?setor=balcao&dataInicio=2025-12-10T12:11:05.451Z&dataFim=2025-12-10T12:11:05.451Z HTTP/1.1" 500 39 "-" "Apidog/1.0.0 (https://apidog.com)"
::1 - - [15/Dec/2025:15:00:15 +0000] "POST /login HTTP/1.1" 200 246 "-" "Apidog/1.0.0 (https://apidog.com)"
::1 - - [15/Dec/2025:15:00:27 +0000] "GET /buscar-pedidos?setor=balcao&dataInicio=2025-12-10T12:11:05.451Z&dataFim=2025-12-10T12:11:05.451Z HTTP/1.1" 200 3720 "-" "Apidog/1.0.0 (https://apidog.com)"
::1 - - [15/Dec/2025:17:50:37 +0000] "POST /login HTTP/1.1" 200 246 "http://localhost:3000/" "Mozilla/5.0 (Windows NT 10.0; Win64; x64) AppleWebKit/537.36 (KHTML, like Gecko) amiguinho-balcao/1.0.0 Chrome/140.0.7339.240 Electron/38.3.0 Safari/537.36"
::1 - - [15/Dec/2025:17:58:55 +0000] "POST /login HTTP/1.1" 200 246 "http://localhost:3000/" "Mozilla/5.0 (Windows NT 10.0; Win64; x64) AppleWebKit/537.36 (KHTML, like Gecko) amiguinho-balcao/1.0.0 Chrome/140.0.7339.240 Electron/38.3.0 Safari/537.36"
::1 - - [15/Dec/2025:17:59:01 +0000] "GET /ler-formas-pagamento?status=ATIVO&solicitante=BALCAO HTTP/1.1" 304 - "http://localhost:3000/" "Mozilla/5.0 (Windows NT 10.0; Win64; x64) AppleWebKit/537.36 (KHTML, like Gecko) amiguinho-balcao/1.0.0 Chrome/140.0.7339.240 Electron/38.3.0 Safari/537.36"
::1 - - [15/Dec/2025:17:59:01 +0000] "GET /ler-formas-pagamento?status=ATIVO&solicitante=BALCAO HTTP/1.1" 304 - "http://localhost:3000/" "Mozilla/5.0 (Windows NT 10.0; Win64; x64) AppleWebKit/537.36 (KHTML, like Gecko) amiguinho-balcao/1.0.0 Chrome/140.0.7339.240 Electron/38.3.0 Safari/537.36"
::1 - - [15/Dec/2025:18:01:49 +0000] "POST /login HTTP/1.1" 200 246 "http://localhost:3000/" "Mozilla/5.0 (Windows NT 10.0; Win64; x64) AppleWebKit/537.36 (KHTML, like Gecko) amiguinho-balcao/1.0.0 Chrome/140.0.7339.240 Electron/38.3.0 Safari/537.36"
::1 - - [15/Dec/2025:18:01:54 +0000] "GET /ler-formas-pagamento?status=ATIVO&solicitante=BALCAO HTTP/1.1" 304 - "http://localhost:3000/" "Mozilla/5.0 (Windows NT 10.0; Win64; x64) AppleWebKit/537.36 (KHTML, like Gecko) amiguinho-balcao/1.0.0 Chrome/140.0.7339.240 Electron/38.3.0 Safari/537.36"
::1 - - [15/Dec/2025:18:01:54 +0000] "GET /ler-formas-pagamento?status=ATIVO&solicitante=BALCAO HTTP/1.1" 304 - "http://localhost:3000/" "Mozilla/5.0 (Windows NT 10.0; Win64; x64) AppleWebKit/537.36 (KHTML, like Gecko) amiguinho-balcao/1.0.0 Chrome/140.0.7339.240 Electron/38.3.0 Safari/537.36"
::1 - - [15/Dec/2025:18:04:21 +0000] "POST /login HTTP/1.1" 200 246 "http://localhost:3000/" "Mozilla/5.0 (Windows NT 10.0; Win64; x64) AppleWebKit/537.36 (KHTML, like Gecko) amiguinho-balcao/1.0.0 Chrome/140.0.7339.240 Electron/38.3.0 Safari/537.36"
::1 - - [15/Dec/2025:18:04:24 +0000] "GET /buscar-pedido?data=15%2F12%2F2025 HTTP/1.1" 404 152 "http://localhost:3000/" "Mozilla/5.0 (Windows NT 10.0; Win64; x64) AppleWebKit/537.36 (KHTML, like Gecko) amiguinho-balcao/1.0.0 Chrome/140.0.7339.240 Electron/38.3.0 Safari/537.36"
::1 - - [15/Dec/2025:18:05:19 +0000] "GET /buscar-pedidos?setor=balcao&dataInicio=2025-12-10T12:11:05.451Z&dataFim=2025-12-10T12:11:05.451Z HTTP/1.1" 200 3720 "-" "Apidog/1.0.0 (https://apidog.com)"
::1 - - [15/Dec/2025:18:05:45 +0000] "GET /buscar-pedido?data=15%2F12%2F2025&setor=balcao HTTP/1.1" 404 152 "http://localhost:3000/" "Mozilla/5.0 (Windows NT 10.0; Win64; x64) AppleWebKit/537.36 (KHTML, like Gecko) amiguinho-balcao/1.0.0 Chrome/140.0.7339.240 Electron/38.3.0 Safari/537.36"
::1 - - [15/Dec/2025:18:09:11 +0000] "GET /buscar-pedido?setor=balcao HTTP/1.1" 404 152 "http://localhost:3000/" "Mozilla/5.0 (Windows NT 10.0; Win64; x64) AppleWebKit/537.36 (KHTML, like Gecko) amiguinho-balcao/1.0.0 Chrome/140.0.7339.240 Electron/38.3.0 Safari/537.36"
::1 - - [15/Dec/2025:18:09:58 +0000] "GET /buscar-pedidos?setor=balcao HTTP/1.1" 500 39 "http://localhost:3000/" "Mozilla/5.0 (Windows NT 10.0; Win64; x64) AppleWebKit/537.36 (KHTML, like Gecko) amiguinho-balcao/1.0.0 Chrome/140.0.7339.240 Electron/38.3.0 Safari/537.36"
::1 - - [15/Dec/2025:18:10:31 +0000] "GET /buscar-pedidos?setor=balcao&dataInicio=2025-12-10T12:11:05.451Z&dataFim=2025-12-10T12:11:05.451Z HTTP/1.1" 200 3720 "-" "Apidog/1.0.0 (https://apidog.com)"
::1 - - [15/Dec/2025:18:11:38 +0000] "GET /buscar-pedidos?setor=balcao HTTP/1.1" 500 39 "http://localhost:3000/" "Mozilla/5.0 (Windows NT 10.0; Win64; x64) AppleWebKit/537.36 (KHTML, like Gecko) amiguinho-balcao/1.0.0 Chrome/140.0.7339.240 Electron/38.3.0 Safari/537.36"
::1 - - [15/Dec/2025:18:12:48 +0000] "POST /login HTTP/1.1" 200 246 "http://localhost:3000/" "Mozilla/5.0 (Windows NT 10.0; Win64; x64) AppleWebKit/537.36 (KHTML, like Gecko) amiguinho-balcao/1.0.0 Chrome/140.0.7339.240 Electron/38.3.0 Safari/537.36"
::1 - - [15/Dec/2025:18:12:51 +0000] "GET /buscar-pedidos?setor=balcao HTTP/1.1" 200 13747 "http://localhost:3000/" "Mozilla/5.0 (Windows NT 10.0; Win64; x64) AppleWebKit/537.36 (KHTML, like Gecko) amiguinho-balcao/1.0.0 Chrome/140.0.7339.240 Electron/38.3.0 Safari/537.36"
::1 - - [15/Dec/2025:18:17:30 +0000] "POST /login HTTP/1.1" 200 246 "http://localhost:3000/" "Mozilla/5.0 (Windows NT 10.0; Win64; x64) AppleWebKit/537.36 (KHTML, like Gecko) amiguinho-balcao/1.0.0 Chrome/140.0.7339.240 Electron/38.3.0 Safari/537.36"
::1 - - [15/Dec/2025:18:17:34 +0000] "GET /buscar-pedidos?setor=balcao HTTP/1.1" 304 - "http://localhost:3000/" "Mozilla/5.0 (Windows NT 10.0; Win64; x64) AppleWebKit/537.36 (KHTML, like Gecko) amiguinho-balcao/1.0.0 Chrome/140.0.7339.240 Electron/38.3.0 Safari/537.36"
::1 - - [15/Dec/2025:18:19:03 +0000] "GET /buscar-pedidos?setor=balcao HTTP/1.1" 304 - "http://localhost:3000/" "Mozilla/5.0 (Windows NT 10.0; Win64; x64) AppleWebKit/537.36 (KHTML, like Gecko) amiguinho-balcao/1.0.0 Chrome/140.0.7339.240 Electron/38.3.0 Safari/537.36"
::1 - - [15/Dec/2025:18:19:25 +0000] "GET /buscar-pedidos?setor=balcao HTTP/1.1" 304 - "http://localhost:3000/" "Mozilla/5.0 (Windows NT 10.0; Win64; x64) AppleWebKit/537.36 (KHTML, like Gecko) amiguinho-balcao/1.0.0 Chrome/140.0.7339.240 Electron/38.3.0 Safari/537.36"
::1 - - [15/Dec/2025:18:19:36 +0000] "GET /buscar-pedidos?setor=balcao HTTP/1.1" 304 - "http://localhost:3000/" "Mozilla/5.0 (Windows NT 10.0; Win64; x64) AppleWebKit/537.36 (KHTML, like Gecko) amiguinho-balcao/1.0.0 Chrome/140.0.7339.240 Electron/38.3.0 Safari/537.36"
::1 - - [15/Dec/2025:18:22:57 +0000] "GET /buscar-pedidos?setor=balcao HTTP/1.1" 304 - "http://localhost:3000/" "Mozilla/5.0 (Windows NT 10.0; Win64; x64) AppleWebKit/537.36 (KHTML, like Gecko) amiguinho-balcao/1.0.0 Chrome/140.0.7339.240 Electron/38.3.0 Safari/537.36"
::1 - - [15/Dec/2025:18:27:57 +0000] "GET /buscar-pedidos?setor=balcao HTTP/1.1" 304 - "http://localhost:3000/" "Mozilla/5.0 (Windows NT 10.0; Win64; x64) AppleWebKit/537.36 (KHTML, like Gecko) amiguinho-balcao/1.0.0 Chrome/140.0.7339.240 Electron/38.3.0 Safari/537.36"
::1 - - [15/Dec/2025:18:29:39 +0000] "POST /login HTTP/1.1" 200 246 "http://localhost:3000/" "Mozilla/5.0 (Windows NT 10.0; Win64; x64) AppleWebKit/537.36 (KHTML, like Gecko) amiguinho-balcao/1.0.0 Chrome/140.0.7339.240 Electron/38.3.0 Safari/537.36"
::1 - - [15/Dec/2025:18:32:08 +0000] "GET /buscar-pedidos?setor=balcao HTTP/1.1" 304 - "http://localhost:3000/" "Mozilla/5.0 (Windows NT 10.0; Win64; x64) AppleWebKit/537.36 (KHTML, like Gecko) amiguinho-balcao/1.0.0 Chrome/140.0.7339.240 Electron/38.3.0 Safari/537.36"
::1 - - [15/Dec/2025:18:32:13 +0000] "GET /buscar-pedidos?setor=balcao HTTP/1.1" 304 - "http://localhost:3000/" "Mozilla/5.0 (Windows NT 10.0; Win64; x64) AppleWebKit/537.36 (KHTML, like Gecko) amiguinho-balcao/1.0.0 Chrome/140.0.7339.240 Electron/38.3.0 Safari/537.36"
::1 - - [15/Dec/2025:18:33:25 +0000] "GET /buscar-pedidos?setor=balcao HTTP/1.1" 304 - "http://localhost:3000/" "Mozilla/5.0 (Windows NT 10.0; Win64; x64) AppleWebKit/537.36 (KHTML, like Gecko) amiguinho-balcao/1.0.0 Chrome/140.0.7339.240 Electron/38.3.0 Safari/537.36"
::1 - - [15/Dec/2025:18:33:41 +0000] "GET /buscar-pedidos?setor=balcao HTTP/1.1" 304 - "http://localhost:3000/" "Mozilla/5.0 (Windows NT 10.0; Win64; x64) AppleWebKit/537.36 (KHTML, like Gecko) amiguinho-balcao/1.0.0 Chrome/140.0.7339.240 Electron/38.3.0 Safari/537.36"
::1 - - [15/Dec/2025:18:33:46 +0000] "GET /buscar-pedidos?setor=balcao HTTP/1.1" 304 - "http://localhost:3000/" "Mozilla/5.0 (Windows NT 10.0; Win64; x64) AppleWebKit/537.36 (KHTML, like Gecko) amiguinho-balcao/1.0.0 Chrome/140.0.7339.240 Electron/38.3.0 Safari/537.36"
::1 - - [15/Dec/2025:18:34:13 +0000] "GET /buscar-pedidos?setor=balcao&dataInicio=2025-12-15T00:00:00.000Z&dataFim=2025-12-15T00:00:00.000Z HTTP/1.1" 200 16 "http://localhost:3000/" "Mozilla/5.0 (Windows NT 10.0; Win64; x64) AppleWebKit/537.36 (KHTML, like Gecko) amiguinho-balcao/1.0.0 Chrome/140.0.7339.240 Electron/38.3.0 Safari/537.36"
::1 - - [15/Dec/2025:18:34:24 +0000] "GET /buscar-pedidos?setor=balcao&dataInicio=2025-12-12T00:00:00.000Z&dataFim=2025-12-12T00:00:00.000Z HTTP/1.1" 200 16 "http://localhost:3000/" "Mozilla/5.0 (Windows NT 10.0; Win64; x64) AppleWebKit/537.36 (KHTML, like Gecko) amiguinho-balcao/1.0.0 Chrome/140.0.7339.240 Electron/38.3.0 Safari/537.36"
::1 - - [15/Dec/2025:18:34:59 +0000] "GET /buscar-pedidos?setor=balcao&dataInicio=2025-12-10T12:11:05.451Z&dataFim=2025-12-10T12:11:05.451Z HTTP/1.1" 200 3720 "-" "Apidog/1.0.0 (https://apidog.com)"
::1 - - [15/Dec/2025:18:35:25 +0000] "POST /login HTTP/1.1" 200 246 "http://localhost:3000/" "Mozilla/5.0 (Windows NT 10.0; Win64; x64) AppleWebKit/537.36 (KHTML, like Gecko) amiguinho-balcao/1.0.0 Chrome/140.0.7339.240 Electron/38.3.0 Safari/537.36"
::1 - - [15/Dec/2025:18:35:27 +0000] "GET /buscar-pedidos?setor=balcao&dataInicio=2025-12-15T00:00:00.000Z&dataFim=2025-12-15T00:00:00.000Z HTTP/1.1" 304 - "http://localhost:3000/" "Mozilla/5.0 (Windows NT 10.0; Win64; x64) AppleWebKit/537.36 (KHTML, like Gecko) amiguinho-balcao/1.0.0 Chrome/140.0.7339.240 Electron/38.3.0 Safari/537.36"
::1 - - [15/Dec/2025:18:35:35 +0000] "GET /buscar-pedidos?setor=balcao&dataInicio=2025-12-12T00:00:00.000Z&dataFim=2025-12-12T00:00:00.000Z HTTP/1.1" 304 - "http://localhost:3000/" "Mozilla/5.0 (Windows NT 10.0; Win64; x64) AppleWebKit/537.36 (KHTML, like Gecko) amiguinho-balcao/1.0.0 Chrome/140.0.7339.240 Electron/38.3.0 Safari/537.36"
::1 - - [15/Dec/2025:18:36:28 +0000] "GET /buscar-pedidos?setor=balcao&dataInicio=2025-12-10T12:11:05.451Z&dataFim=2025-12-10T12:11:05.451Z HTTP/1.1" 200 3720 "-" "Apidog/1.0.0 (https://apidog.com)"
::1 - - [15/Dec/2025:18:37:08 +0000] "GET /buscar-pedidos?setor=balcao&dataInicio=2025-12-15T00:00:00.000Z&dataFim=2025-12-15T00:00:00.000Z HTTP/1.1" 304 - "http://localhost:3000/" "Mozilla/5.0 (Windows NT 10.0; Win64; x64) AppleWebKit/537.36 (KHTML, like Gecko) amiguinho-balcao/1.0.0 Chrome/140.0.7339.240 Electron/38.3.0 Safari/537.36"
::1 - - [15/Dec/2025:18:42:19 +0000] "GET /buscar-pedidos?setor=balcao&dataInicio=2025-12-12T00:00:00.000Z&dataFim=2025-12-12T00:00:00.000Z HTTP/1.1" 304 - "http://localhost:3000/" "Mozilla/5.0 (Windows NT 10.0; Win64; x64) AppleWebKit/537.36 (KHTML, like Gecko) amiguinho-balcao/1.0.0 Chrome/140.0.7339.240 Electron/38.3.0 Safari/537.36"
::1 - - [15/Dec/2025:18:42:48 +0000] "GET /buscar-pedidos?setor=balcao&dataInicio=2025-12-11T00:00:00.000Z&dataFim=2025-12-11T00:00:00.000Z HTTP/1.1" 200 3720 "http://localhost:3000/" "Mozilla/5.0 (Windows NT 10.0; Win64; x64) AppleWebKit/537.36 (KHTML, like Gecko) amiguinho-balcao/1.0.0 Chrome/140.0.7339.240 Electron/38.3.0 Safari/537.36"
::1 - - [15/Dec/2025:18:44:06 +0000] "GET /buscar-pedidos?setor=balcao&dataInicio=2025-12-10T00:00:00.000Z&dataFim=2025-12-10T00:00:00.000Z HTTP/1.1" 200 825 "http://localhost:3000/" "Mozilla/5.0 (Windows NT 10.0; Win64; x64) AppleWebKit/537.36 (KHTML, like Gecko) amiguinho-balcao/1.0.0 Chrome/140.0.7339.240 Electron/38.3.0 Safari/537.36"
::1 - - [15/Dec/2025:18:44:12 +0000] "GET /buscar-pedidos?setor=balcao&dataInicio=2025-12-12T00:00:00.000Z&dataFim=2025-12-12T00:00:00.000Z HTTP/1.1" 304 - "http://localhost:3000/" "Mozilla/5.0 (Windows NT 10.0; Win64; x64) AppleWebKit/537.36 (KHTML, like Gecko) amiguinho-balcao/1.0.0 Chrome/140.0.7339.240 Electron/38.3.0 Safari/537.36"
::1 - - [15/Dec/2025:18:44:17 +0000] "GET /buscar-pedidos?setor=balcao&dataInicio=2025-12-11T00:00:00.000Z&dataFim=2025-12-11T00:00:00.000Z HTTP/1.1" 304 - "http://localhost:3000/" "Mozilla/5.0 (Windows NT 10.0; Win64; x64) AppleWebKit/537.36 (KHTML, like Gecko) amiguinho-balcao/1.0.0 Chrome/140.0.7339.240 Electron/38.3.0 Safari/537.36"
::1 - - [15/Dec/2025:18:45:54 +0000] "GET /buscar-pedidos?setor=balcao&dataInicio=2025-12-15T00:00:00.000Z&dataFim=2025-12-15T00:00:00.000Z HTTP/1.1" 304 - "http://localhost:3000/" "Mozilla/5.0 (Windows NT 10.0; Win64; x64) AppleWebKit/537.36 (KHTML, like Gecko) amiguinho-balcao/1.0.0 Chrome/140.0.7339.240 Electron/38.3.0 Safari/537.36"
::1 - - [15/Dec/2025:18:46:05 +0000] "GET /buscar-pedidos?setor=balcao&dataInicio=2025-12-12T00:00:00.000Z&dataFim=2025-12-12T00:00:00.000Z HTTP/1.1" 304 - "http://localhost:3000/" "Mozilla/5.0 (Windows NT 10.0; Win64; x64) AppleWebKit/537.36 (KHTML, like Gecko) amiguinho-balcao/1.0.0 Chrome/140.0.7339.240 Electron/38.3.0 Safari/537.36"
::1 - - [15/Dec/2025:18:46:08 +0000] "GET /buscar-pedidos?setor=balcao&dataInicio=2025-12-11T00:00:00.000Z&dataFim=2025-12-11T00:00:00.000Z HTTP/1.1" 304 - "http://localhost:3000/" "Mozilla/5.0 (Windows NT 10.0; Win64; x64) AppleWebKit/537.36 (KHTML, like Gecko) amiguinho-balcao/1.0.0 Chrome/140.0.7339.240 Electron/38.3.0 Safari/537.36"
::1 - - [15/Dec/2025:18:54:11 +0000] "GET /buscar-pedidos?setor=balcao&dataInicio=2025-12-15T00:00:00.000Z&dataFim=2025-12-15T00:00:00.000Z HTTP/1.1" 200 16 "http://localhost:3000/" "Mozilla/5.0 (Windows NT 10.0; Win64; x64) AppleWebKit/537.36 (KHTML, like Gecko) amiguinho-balcao/1.0.0 Chrome/140.0.7339.240 Electron/38.3.0 Safari/537.36"
::1 - - [15/Dec/2025:18:54:17 +0000] "GET /buscar-pedidos?setor=balcao&dataInicio=2025-12-12T00:00:00.000Z&dataFim=2025-12-12T00:00:00.000Z HTTP/1.1" 304 - "http://localhost:3000/" "Mozilla/5.0 (Windows NT 10.0; Win64; x64) AppleWebKit/537.36 (KHTML, like Gecko) amiguinho-balcao/1.0.0 Chrome/140.0.7339.240 Electron/38.3.0 Safari/537.36"
::1 - - [15/Dec/2025:18:54:20 +0000] "GET /buscar-pedidos?setor=balcao&dataInicio=2025-12-11T00:00:00.000Z&dataFim=2025-12-11T00:00:00.000Z HTTP/1.1" 304 - "http://localhost:3000/" "Mozilla/5.0 (Windows NT 10.0; Win64; x64) AppleWebKit/537.36 (KHTML, like Gecko) amiguinho-balcao/1.0.0 Chrome/140.0.7339.240 Electron/38.3.0 Safari/537.36"
::1 - - [15/Dec/2025:18:58:03 +0000] "POST /login HTTP/1.1" 200 246 "http://localhost:3000/" "Mozilla/5.0 (Windows NT 10.0; Win64; x64) AppleWebKit/537.36 (KHTML, like Gecko) amiguinho-balcao/1.0.0 Chrome/140.0.7339.240 Electron/38.3.0 Safari/537.36"
::1 - - [15/Dec/2025:18:58:05 +0000] "GET /buscar-pedidos?setor=balcao&dataInicio=2025-12-15T00:00:00.000Z&dataFim=2025-12-15T00:00:00.000Z HTTP/1.1" 304 - "http://localhost:3000/" "Mozilla/5.0 (Windows NT 10.0; Win64; x64) AppleWebKit/537.36 (KHTML, like Gecko) amiguinho-balcao/1.0.0 Chrome/140.0.7339.240 Electron/38.3.0 Safari/537.36"
::1 - - [15/Dec/2025:18:58:17 +0000] "GET /buscar-pedidos?setor=balcao&dataInicio=2025-12-12T00:00:00.000Z&dataFim=2025-12-12T00:00:00.000Z HTTP/1.1" 304 - "http://localhost:3000/" "Mozilla/5.0 (Windows NT 10.0; Win64; x64) AppleWebKit/537.36 (KHTML, like Gecko) amiguinho-balcao/1.0.0 Chrome/140.0.7339.240 Electron/38.3.0 Safari/537.36"
::1 - - [15/Dec/2025:18:58:28 +0000] "GET /buscar-pedidos?setor=balcao&dataInicio=2025-12-11T00:00:00.000Z&dataFim=2025-12-11T00:00:00.000Z HTTP/1.1" 304 - "http://localhost:3000/" "Mozilla/5.0 (Windows NT 10.0; Win64; x64) AppleWebKit/537.36 (KHTML, like Gecko) amiguinho-balcao/1.0.0 Chrome/140.0.7339.240 Electron/38.3.0 Safari/537.36"
::1 - - [15/Dec/2025:18:58:34 +0000] "GET /buscar-pedidos?setor=balcao&dataInicio=2025-12-12T00:00:00.000Z&dataFim=2025-12-12T00:00:00.000Z HTTP/1.1" 304 - "http://localhost:3000/" "Mozilla/5.0 (Windows NT 10.0; Win64; x64) AppleWebKit/537.36 (KHTML, like Gecko) amiguinho-balcao/1.0.0 Chrome/140.0.7339.240 Electron/38.3.0 Safari/537.36"
::1 - - [15/Dec/2025:19:00:59 +0000] "GET /buscar-pedidos?setor=balcao&dataInicio=2025-12-15T00:00:00.000Z&dataFim=2025-12-15T00:00:00.000Z HTTP/1.1" 304 - "http://localhost:3000/" "Mozilla/5.0 (Windows NT 10.0; Win64; x64) AppleWebKit/537.36 (KHTML, like Gecko) amiguinho-balcao/1.0.0 Chrome/140.0.7339.240 Electron/38.3.0 Safari/537.36"
::1 - - [15/Dec/2025:19:01:03 +0000] "GET /buscar-pedidos?setor=balcao&dataInicio=2025-12-12T00:00:00.000Z&dataFim=2025-12-12T00:00:00.000Z HTTP/1.1" 304 - "http://localhost:3000/" "Mozilla/5.0 (Windows NT 10.0; Win64; x64) AppleWebKit/537.36 (KHTML, like Gecko) amiguinho-balcao/1.0.0 Chrome/140.0.7339.240 Electron/38.3.0 Safari/537.36"
::1 - - [15/Dec/2025:19:01:28 +0000] "GET /buscar-pedidos?setor=balcao&dataInicio=2025-12-11T00:00:00.000Z&dataFim=2025-12-11T00:00:00.000Z HTTP/1.1" 304 - "http://localhost:3000/" "Mozilla/5.0 (Windows NT 10.0; Win64; x64) AppleWebKit/537.36 (KHTML, like Gecko) amiguinho-balcao/1.0.0 Chrome/140.0.7339.240 Electron/38.3.0 Safari/537.36"
::1 - - [15/Dec/2025:19:02:25 +0000] "GET /buscar-pedidos?setor=balcao&dataInicio=2025-12-15T00:00:00.000Z&dataFim=2025-12-15T00:00:00.000Z HTTP/1.1" 304 - "http://localhost:3000/" "Mozilla/5.0 (Windows NT 10.0; Win64; x64) AppleWebKit/537.36 (KHTML, like Gecko) amiguinho-balcao/1.0.0 Chrome/140.0.7339.240 Electron/38.3.0 Safari/537.36"
::1 - - [15/Dec/2025:19:09:56 +0000] "GET /buscar-pedidos?setor=balcao&dataInicio=2025-12-15T00:00:00.000Z&dataFim=2025-12-15T00:00:00.000Z HTTP/1.1" 304 - "http://localhost:3000/" "Mozilla/5.0 (Windows NT 10.0; Win64; x64) AppleWebKit/537.36 (KHTML, like Gecko) amiguinho-balcao/1.0.0 Chrome/140.0.7339.240 Electron/38.3.0 Safari/537.36"
::1 - - [15/Dec/2025:19:15:18 +0000] "POST /login HTTP/1.1" 200 246 "http://localhost:3000/" "Mozilla/5.0 (Windows NT 10.0; Win64; x64) AppleWebKit/537.36 (KHTML, like Gecko) amiguinho-balcao/1.0.0 Chrome/140.0.7339.240 Electron/38.3.0 Safari/537.36"
::1 - - [15/Dec/2025:19:15:19 +0000] "GET /buscar-pedidos?setor=balcao&dataInicio=2025-12-15T00:00:00.000Z&dataFim=2025-12-15T00:00:00.000Z HTTP/1.1" 500 39 "http://localhost:3000/" "Mozilla/5.0 (Windows NT 10.0; Win64; x64) AppleWebKit/537.36 (KHTML, like Gecko) amiguinho-balcao/1.0.0 Chrome/140.0.7339.240 Electron/38.3.0 Safari/537.36"
::1 - - [15/Dec/2025:19:18:50 +0000] "POST /login HTTP/1.1" 200 246 "http://localhost:3000/" "Mozilla/5.0 (Windows NT 10.0; Win64; x64) AppleWebKit/537.36 (KHTML, like Gecko) amiguinho-balcao/1.0.0 Chrome/140.0.7339.240 Electron/38.3.0 Safari/537.36"
::1 - - [15/Dec/2025:19:18:52 +0000] "GET /buscar-pedidos?setor=balcao&dataInicio=2025-12-15T00:00:00.000Z&dataFim=2025-12-15T00:00:00.000Z HTTP/1.1" 500 39 "http://localhost:3000/" "Mozilla/5.0 (Windows NT 10.0; Win64; x64) AppleWebKit/537.36 (KHTML, like Gecko) amiguinho-balcao/1.0.0 Chrome/140.0.7339.240 Electron/38.3.0 Safari/537.36"
::1 - - [15/Dec/2025:19:27:28 +0000] "POST /login HTTP/1.1" 200 246 "http://localhost:3000/" "Mozilla/5.0 (Windows NT 10.0; Win64; x64) AppleWebKit/537.36 (KHTML, like Gecko) amiguinho-balcao/1.0.0 Chrome/140.0.7339.240 Electron/38.3.0 Safari/537.36"
::1 - - [15/Dec/2025:19:27:30 +0000] "GET /buscar-pedidos?setor=balcao&dataInicio=2025-12-15T00:00:00.000Z&dataFim=2025-12-15T00:00:00.000Z HTTP/1.1" 500 39 "http://localhost:3000/" "Mozilla/5.0 (Windows NT 10.0; Win64; x64) AppleWebKit/537.36 (KHTML, like Gecko) amiguinho-balcao/1.0.0 Chrome/140.0.7339.240 Electron/38.3.0 Safari/537.36"
::1 - - [15/Dec/2025:19:29:07 +0000] "GET /buscar-pedidos?setor=balcao&dataInicio=2025-12-15T00:00:00.000Z&dataFim=2025-12-15T00:00:00.000Z HTTP/1.1" 500 39 "http://localhost:3000/" "Mozilla/5.0 (Windows NT 10.0; Win64; x64) AppleWebKit/537.36 (KHTML, like Gecko) amiguinho-balcao/1.0.0 Chrome/140.0.7339.240 Electron/38.3.0 Safari/537.36"
::1 - - [15/Dec/2025:19:29:39 +0000] "GET /buscar-pedidos?setor=balcao&dataInicio=2025-12-15T00:00:00.000Z&dataFim=2025-12-15T00:00:00.000Z HTTP/1.1" 500 39 "http://localhost:3000/" "Mozilla/5.0 (Windows NT 10.0; Win64; x64) AppleWebKit/537.36 (KHTML, like Gecko) amiguinho-balcao/1.0.0 Chrome/140.0.7339.240 Electron/38.3.0 Safari/537.36"
::1 - - [15/Dec/2025:19:32:34 +0000] "GET /buscar-pedidos?setor=balcao&dataInicio=2025-12-15T00:00:00.000Z&dataFim=2025-12-15T00:00:00.000Z HTTP/1.1" 500 39 "http://localhost:3000/" "Mozilla/5.0 (Windows NT 10.0; Win64; x64) AppleWebKit/537.36 (KHTML, like Gecko) amiguinho-balcao/1.0.0 Chrome/140.0.7339.240 Electron/38.3.0 Safari/537.36"
::1 - - [15/Dec/2025:19:32:49 +0000] "GET /buscar-pedidos?setor=balcao&dataInicio=2025-12-12T00:00:00.000Z&dataFim=2025-12-12T00:00:00.000Z HTTP/1.1" 500 39 "http://localhost:3000/" "Mozilla/5.0 (Windows NT 10.0; Win64; x64) AppleWebKit/537.36 (KHTML, like Gecko) amiguinho-balcao/1.0.0 Chrome/140.0.7339.240 Electron/38.3.0 Safari/537.36"
::1 - - [15/Dec/2025:19:33:30 +0000] "GET /buscar-pedidos?setor=balcao&dataInicio=2025-12-15T00:00:00.000Z&dataFim=2025-12-15T00:00:00.000Z HTTP/1.1" 500 39 "http://localhost:3000/" "Mozilla/5.0 (Windows NT 10.0; Win64; x64) AppleWebKit/537.36 (KHTML, like Gecko) amiguinho-balcao/1.0.0 Chrome/140.0.7339.240 Electron/38.3.0 Safari/537.36"
::1 - - [15/Dec/2025:19:35:04 +0000] "GET /buscar-pedidos?setor=balcao&dataInicio=2025-12-15T00:00:00.000Z&dataFim=2025-12-15T00:00:00.000Z HTTP/1.1" 500 39 "http://localhost:3000/" "Mozilla/5.0 (Windows NT 10.0; Win64; x64) AppleWebKit/537.36 (KHTML, like Gecko) amiguinho-balcao/1.0.0 Chrome/140.0.7339.240 Electron/38.3.0 Safari/537.36"
::1 - - [15/Dec/2025:19:36:28 +0000] "GET /buscar-pedidos?setor=balcao&dataInicio=2025-12-15&dataFim=2025-12-15 HTTP/1.1" 200 387 "http://localhost:3000/" "Mozilla/5.0 (Windows NT 10.0; Win64; x64) AppleWebKit/537.36 (KHTML, like Gecko) amiguinho-balcao/1.0.0 Chrome/140.0.7339.240 Electron/38.3.0 Safari/537.36"
::1 - - [15/Dec/2025:19:36:44 +0000] "GET /buscar-pedidos?setor=balcao&dataInicio=2025-12-14&dataFim=2025-12-14 HTTP/1.1" 200 16 "http://localhost:3000/" "Mozilla/5.0 (Windows NT 10.0; Win64; x64) AppleWebKit/537.36 (KHTML, like Gecko) amiguinho-balcao/1.0.0 Chrome/140.0.7339.240 Electron/38.3.0 Safari/537.36"
::1 - - [15/Dec/2025:19:36:47 +0000] "GET /buscar-pedidos?setor=balcao&dataInicio=2025-12-11&dataFim=2025-12-11 HTTP/1.1" 200 16 "http://localhost:3000/" "Mozilla/5.0 (Windows NT 10.0; Win64; x64) AppleWebKit/537.36 (KHTML, like Gecko) amiguinho-balcao/1.0.0 Chrome/140.0.7339.240 Electron/38.3.0 Safari/537.36"
::1 - - [15/Dec/2025:19:36:49 +0000] "GET /buscar-pedidos?setor=balcao&dataInicio=2025-12-12&dataFim=2025-12-12 HTTP/1.1" 200 8860 "http://localhost:3000/" "Mozilla/5.0 (Windows NT 10.0; Win64; x64) AppleWebKit/537.36 (KHTML, like Gecko) amiguinho-balcao/1.0.0 Chrome/140.0.7339.240 Electron/38.3.0 Safari/537.36"
::1 - - [15/Dec/2025:19:38:33 +0000] "GET /buscar-pedidos?setor=balcao&dataInicio=2025-12-15&dataFim=2025-12-15 HTTP/1.1" 304 - "http://localhost:3000/" "Mozilla/5.0 (Windows NT 10.0; Win64; x64) AppleWebKit/537.36 (KHTML, like Gecko) amiguinho-balcao/1.0.0 Chrome/140.0.7339.240 Electron/38.3.0 Safari/537.36"
::1 - - [15/Dec/2025:19:39:26 +0000] "GET /buscar-pedidos?setor=balcao&dataInicio=2025-12-15&dataFim=2025-12-15 HTTP/1.1" 304 - "http://localhost:3000/" "Mozilla/5.0 (Windows NT 10.0; Win64; x64) AppleWebKit/537.36 (KHTML, like Gecko) amiguinho-balcao/1.0.0 Chrome/140.0.7339.240 Electron/38.3.0 Safari/537.36"
::1 - - [15/Dec/2025:19:39:57 +0000] "GET /buscar-pedidos?setor=balcao&dataInicio=2025-12-15&dataFim=2025-12-15 HTTP/1.1" 304 - "http://localhost:3000/" "Mozilla/5.0 (Windows NT 10.0; Win64; x64) AppleWebKit/537.36 (KHTML, like Gecko) amiguinho-balcao/1.0.0 Chrome/140.0.7339.240 Electron/38.3.0 Safari/537.36"
::1 - - [15/Dec/2025:19:42:03 +0000] "GET /buscar-pedidos?setor=balcao&dataInicio=2025-12-15&dataFim=2025-12-15 HTTP/1.1" 304 - "http://localhost:3000/" "Mozilla/5.0 (Windows NT 10.0; Win64; x64) AppleWebKit/537.36 (KHTML, like Gecko) amiguinho-balcao/1.0.0 Chrome/140.0.7339.240 Electron/38.3.0 Safari/537.36"
::1 - - [15/Dec/2025:19:42:07 +0000] "GET /buscar-pedidos?setor=balcao&dataInicio=2025-12-15&dataFim=2025-12-15 HTTP/1.1" 304 - "http://localhost:3000/" "Mozilla/5.0 (Windows NT 10.0; Win64; x64) AppleWebKit/537.36 (KHTML, like Gecko) amiguinho-balcao/1.0.0 Chrome/140.0.7339.240 Electron/38.3.0 Safari/537.36"
::1 - - [15/Dec/2025:19:43:06 +0000] "GET /buscar-pedidos?setor=balcao&dataInicio=2025-12-15&dataFim=2025-12-15 HTTP/1.1" 304 - "http://localhost:3000/" "Mozilla/5.0 (Windows NT 10.0; Win64; x64) AppleWebKit/537.36 (KHTML, like Gecko) amiguinho-balcao/1.0.0 Chrome/140.0.7339.240 Electron/38.3.0 Safari/537.36"
::1 - - [15/Dec/2025:19:44:09 +0000] "GET /buscar-pedidos?setor=balcao&dataInicio=2025-12-12&dataFim=2025-12-12 HTTP/1.1" 304 - "http://localhost:3000/" "Mozilla/5.0 (Windows NT 10.0; Win64; x64) AppleWebKit/537.36 (KHTML, like Gecko) amiguinho-balcao/1.0.0 Chrome/140.0.7339.240 Electron/38.3.0 Safari/537.36"
::1 - - [15/Dec/2025:19:44:13 +0000] "GET /buscar-pedidos?setor=balcao&dataInicio=2025-12-15&dataFim=2025-12-15 HTTP/1.1" 304 - "http://localhost:3000/" "Mozilla/5.0 (Windows NT 10.0; Win64; x64) AppleWebKit/537.36 (KHTML, like Gecko) amiguinho-balcao/1.0.0 Chrome/140.0.7339.240 Electron/38.3.0 Safari/537.36"
::1 - - [15/Dec/2025:19:46:50 +0000] "POST /login HTTP/1.1" 200 246 "http://localhost:3000/" "Mozilla/5.0 (Windows NT 10.0; Win64; x64) AppleWebKit/537.36 (KHTML, like Gecko) amiguinho-balcao/1.0.0 Chrome/140.0.7339.240 Electron/38.3.0 Safari/537.36"
::1 - - [15/Dec/2025:19:46:52 +0000] "GET /buscar-pedidos?setor=balcao&dataInicio=2025-12-15&dataFim=2025-12-15 HTTP/1.1" 200 373 "http://localhost:3000/" "Mozilla/5.0 (Windows NT 10.0; Win64; x64) AppleWebKit/537.36 (KHTML, like Gecko) amiguinho-balcao/1.0.0 Chrome/140.0.7339.240 Electron/38.3.0 Safari/537.36"
::1 - - [15/Dec/2025:19:46:56 +0000] "GET /buscar-pedidos?setor=balcao&dataInicio=2025-12-12&dataFim=2025-12-12 HTTP/1.1" 200 8846 "http://localhost:3000/" "Mozilla/5.0 (Windows NT 10.0; Win64; x64) AppleWebKit/537.36 (KHTML, like Gecko) amiguinho-balcao/1.0.0 Chrome/140.0.7339.240 Electron/38.3.0 Safari/537.36"
::1 - - [15/Dec/2025:19:46:59 +0000] "GET /buscar-pedidos?setor=balcao&dataInicio=2025-12-11&dataFim=2025-12-11 HTTP/1.1" 200 2 "http://localhost:3000/" "Mozilla/5.0 (Windows NT 10.0; Win64; x64) AppleWebKit/537.36 (KHTML, like Gecko) amiguinho-balcao/1.0.0 Chrome/140.0.7339.240 Electron/38.3.0 Safari/537.36"
::1 - - [15/Dec/2025:19:47:01 +0000] "GET /buscar-pedidos?setor=balcao&dataInicio=2025-12-10&dataFim=2025-12-10 HTTP/1.1" 200 3706 "http://localhost:3000/" "Mozilla/5.0 (Windows NT 10.0; Win64; x64) AppleWebKit/537.36 (KHTML, like Gecko) amiguinho-balcao/1.0.0 Chrome/140.0.7339.240 Electron/38.3.0 Safari/537.36"
::1 - - [15/Dec/2025:19:47:03 +0000] "GET /buscar-pedidos?setor=balcao&dataInicio=2025-12-12&dataFim=2025-12-12 HTTP/1.1" 304 - "http://localhost:3000/" "Mozilla/5.0 (Windows NT 10.0; Win64; x64) AppleWebKit/537.36 (KHTML, like Gecko) amiguinho-balcao/1.0.0 Chrome/140.0.7339.240 Electron/38.3.0 Safari/537.36"
::1 - - [15/Dec/2025:19:59:53 +0000] "GET /buscar-pedidos?setor=balcao&dataInicio=2025-12-15&dataFim=2025-12-15 HTTP/1.1" 304 - "http://localhost:3000/" "Mozilla/5.0 (Windows NT 10.0; Win64; x64) AppleWebKit/537.36 (KHTML, like Gecko) amiguinho-balcao/1.0.0 Chrome/140.0.7339.240 Electron/38.3.0 Safari/537.36"
::1 - - [15/Dec/2025:19:59:56 +0000] "GET /buscar-pedidos?setor=balcao&dataInicio=2025-12-12&dataFim=2025-12-12 HTTP/1.1" 304 - "http://localhost:3000/" "Mozilla/5.0 (Windows NT 10.0; Win64; x64) AppleWebKit/537.36 (KHTML, like Gecko) amiguinho-balcao/1.0.0 Chrome/140.0.7339.240 Electron/38.3.0 Safari/537.36"
::1 - - [15/Dec/2025:20:00:17 +0000] "POST /login HTTP/1.1" 200 246 "http://localhost:3000/" "Mozilla/5.0 (Windows NT 10.0; Win64; x64) AppleWebKit/537.36 (KHTML, like Gecko) amiguinho-balcao/1.0.0 Chrome/140.0.7339.240 Electron/38.3.0 Safari/537.36"
::1 - - [15/Dec/2025:20:01:25 +0000] "GET /buscar-pedidos?setor=balcao&dataInicio=2025-12-15&dataFim=2025-12-15 HTTP/1.1" 304 - "http://localhost:3000/" "Mozilla/5.0 (Windows NT 10.0; Win64; x64) AppleWebKit/537.36 (KHTML, like Gecko) amiguinho-balcao/1.0.0 Chrome/140.0.7339.240 Electron/38.3.0 Safari/537.36"
::1 - - [15/Dec/2025:20:02:00 +0000] "GET /buscar-pedidos?setor=balcao&dataInicio=2025-12-11&dataFim=2025-12-11 HTTP/1.1" 304 - "http://localhost:3000/" "Mozilla/5.0 (Windows NT 10.0; Win64; x64) AppleWebKit/537.36 (KHTML, like Gecko) amiguinho-balcao/1.0.0 Chrome/140.0.7339.240 Electron/38.3.0 Safari/537.36"
::1 - - [15/Dec/2025:20:02:08 +0000] "GET /buscar-pedidos?setor=balcao&dataInicio=2025-12-15&dataFim=2025-12-15 HTTP/1.1" 304 - "http://localhost:3000/" "Mozilla/5.0 (Windows NT 10.0; Win64; x64) AppleWebKit/537.36 (KHTML, like Gecko) amiguinho-balcao/1.0.0 Chrome/140.0.7339.240 Electron/38.3.0 Safari/537.36"
::1 - - [15/Dec/2025:20:02:27 +0000] "POST /login HTTP/1.1" 200 246 "http://localhost:3000/" "Mozilla/5.0 (Windows NT 10.0; Win64; x64) AppleWebKit/537.36 (KHTML, like Gecko) amiguinho-balcao/1.0.0 Chrome/140.0.7339.240 Electron/38.3.0 Safari/537.36"
::1 - - [15/Dec/2025:20:02:30 +0000] "GET /buscar-pedidos?setor=balcao&dataInicio=2025-12-15&dataFim=2025-12-15 HTTP/1.1" 304 - "http://localhost:3000/" "Mozilla/5.0 (Windows NT 10.0; Win64; x64) AppleWebKit/537.36 (KHTML, like Gecko) amiguinho-balcao/1.0.0 Chrome/140.0.7339.240 Electron/38.3.0 Safari/537.36"
::1 - - [15/Dec/2025:20:02:40 +0000] "GET /buscar-pedidos?setor=balcao&dataInicio=2025-12-11&dataFim=2025-12-11 HTTP/1.1" 304 - "http://localhost:3000/" "Mozilla/5.0 (Windows NT 10.0; Win64; x64) AppleWebKit/537.36 (KHTML, like Gecko) amiguinho-balcao/1.0.0 Chrome/140.0.7339.240 Electron/38.3.0 Safari/537.36"
::1 - - [15/Dec/2025:20:02:48 +0000] "GET /buscar-pedidos?setor=balcao&dataInicio=2025-12-15&dataFim=2025-12-15 HTTP/1.1" 304 - "http://localhost:3000/" "Mozilla/5.0 (Windows NT 10.0; Win64; x64) AppleWebKit/537.36 (KHTML, like Gecko) amiguinho-balcao/1.0.0 Chrome/140.0.7339.240 Electron/38.3.0 Safari/537.36"
::1 - - [15/Dec/2025:20:02:57 +0000] "GET /buscar-pedidos?setor=balcao&dataInicio=2025-12-16&dataFim=2025-12-16 HTTP/1.1" 200 2 "http://localhost:3000/" "Mozilla/5.0 (Windows NT 10.0; Win64; x64) AppleWebKit/537.36 (KHTML, like Gecko) amiguinho-balcao/1.0.0 Chrome/140.0.7339.240 Electron/38.3.0 Safari/537.36"
::1 - - [15/Dec/2025:20:29:53 +0000] "GET /buscar-pedidos?setor=balcao&dataInicio=2025-12-15&dataFim=2025-12-15 HTTP/1.1" 304 - "http://localhost:3000/" "Mozilla/5.0 (Windows NT 10.0; Win64; x64) AppleWebKit/537.36 (KHTML, like Gecko) amiguinho-balcao/1.0.0 Chrome/140.0.7339.240 Electron/38.3.0 Safari/537.36"
::1 - - [15/Dec/2025:20:30:07 +0000] "GET /buscar-pedidos?setor=balcao&dataInicio=2025-12-12&dataFim=2025-12-12 HTTP/1.1" 304 - "http://localhost:3000/" "Mozilla/5.0 (Windows NT 10.0; Win64; x64) AppleWebKit/537.36 (KHTML, like Gecko) amiguinho-balcao/1.0.0 Chrome/140.0.7339.240 Electron/38.3.0 Safari/537.36"
::1 - - [15/Dec/2025:20:31:57 +0000] "GET /buscar-pedidos?setor=balcao&dataInicio=2025-12-15&dataFim=2025-12-15 HTTP/1.1" 304 - "http://localhost:3000/" "Mozilla/5.0 (Windows NT 10.0; Win64; x64) AppleWebKit/537.36 (KHTML, like Gecko) amiguinho-balcao/1.0.0 Chrome/140.0.7339.240 Electron/38.3.0 Safari/537.36"
::1 - - [15/Dec/2025:20:32:00 +0000] "GET /buscar-pedidos?setor=balcao&dataInicio=2025-12-12&dataFim=2025-12-12 HTTP/1.1" 304 - "http://localhost:3000/" "Mozilla/5.0 (Windows NT 10.0; Win64; x64) AppleWebKit/537.36 (KHTML, like Gecko) amiguinho-balcao/1.0.0 Chrome/140.0.7339.240 Electron/38.3.0 Safari/537.36"
::1 - - [15/Dec/2025:20:32:05 +0000] "GET /buscar-pedidos?setor=balcao&dataInicio=2025-12-15&dataFim=2025-12-15 HTTP/1.1" 304 - "http://localhost:3000/" "Mozilla/5.0 (Windows NT 10.0; Win64; x64) AppleWebKit/537.36 (KHTML, like Gecko) amiguinho-balcao/1.0.0 Chrome/140.0.7339.240 Electron/38.3.0 Safari/537.36"
::1 - - [15/Dec/2025:20:32:12 +0000] "GET /buscar-pedidos?setor=balcao&dataInicio=2025-12-12&dataFim=2025-12-12 HTTP/1.1" 304 - "http://localhost:3000/" "Mozilla/5.0 (Windows NT 10.0; Win64; x64) AppleWebKit/537.36 (KHTML, like Gecko) amiguinho-balcao/1.0.0 Chrome/140.0.7339.240 Electron/38.3.0 Safari/537.36"
::1 - - [15/Dec/2025:20:32:24 +0000] "GET /buscar-pedidos?setor=balcao&dataInicio=2025-12-15&dataFim=2025-12-15 HTTP/1.1" 304 - "http://localhost:3000/" "Mozilla/5.0 (Windows NT 10.0; Win64; x64) AppleWebKit/537.36 (KHTML, like Gecko) amiguinho-balcao/1.0.0 Chrome/140.0.7339.240 Electron/38.3.0 Safari/537.36"
::1 - - [15/Dec/2025:20:33:45 +0000] "GET /buscar-pedidos?setor=balcao&dataInicio=2025-12-12&dataFim=2025-12-12 HTTP/1.1" 304 - "http://localhost:3000/" "Mozilla/5.0 (Windows NT 10.0; Win64; x64) AppleWebKit/537.36 (KHTML, like Gecko) amiguinho-balcao/1.0.0 Chrome/140.0.7339.240 Electron/38.3.0 Safari/537.36"
::1 - - [15/Dec/2025:20:34:00 +0000] "GET /buscar-pedidos?setor=balcao&dataInicio=2025-12-15&dataFim=2025-12-15 HTTP/1.1" 304 - "http://localhost:3000/" "Mozilla/5.0 (Windows NT 10.0; Win64; x64) AppleWebKit/537.36 (KHTML, like Gecko) amiguinho-balcao/1.0.0 Chrome/140.0.7339.240 Electron/38.3.0 Safari/537.36"
::1 - - [15/Dec/2025:20:45:36 +0000] "GET /buscar-pedidos?setor=balcao&dataInicio=2025-12-15&dataFim=2025-12-15 HTTP/1.1" 304 - "http://localhost:3000/" "Mozilla/5.0 (Windows NT 10.0; Win64; x64) AppleWebKit/537.36 (KHTML, like Gecko) amiguinho-balcao/1.0.0 Chrome/140.0.7339.240 Electron/38.3.0 Safari/537.36"
::1 - - [15/Dec/2025:20:46:30 +0000] "GET /buscar-pedidos?setor=balcao&dataInicio=2025-12-15&dataFim=2025-12-15 HTTP/1.1" 304 - "http://localhost:3000/" "Mozilla/5.0 (Windows NT 10.0; Win64; x64) AppleWebKit/537.36 (KHTML, like Gecko) amiguinho-balcao/1.0.0 Chrome/140.0.7339.240 Electron/38.3.0 Safari/537.36"
::1 - - [15/Dec/2025:20:47:00 +0000] "GET /buscar-pedidos?setor=balcao&dataInicio=2025-12-12&dataFim=2025-12-12 HTTP/1.1" 304 - "http://localhost:3000/" "Mozilla/5.0 (Windows NT 10.0; Win64; x64) AppleWebKit/537.36 (KHTML, like Gecko) amiguinho-balcao/1.0.0 Chrome/140.0.7339.240 Electron/38.3.0 Safari/537.36"
