::1 - - [02/Dec/2025:12:05:37 +0000] "POST /login HTTP/1.1" 200 246 "http://localhost:3000/" "Mozilla/5.0 (Windows NT 10.0; Win64; x64) AppleWebKit/537.36 (KHTML, like Gecko) amiguinho-balcao/1.0.0 Chrome/140.0.7339.240 Electron/38.3.0 Safari/537.36"
::1 - - [02/Dec/2025:12:12:54 +0000] "POST /login HTTP/1.1" 200 246 "http://localhost:3000/" "Mozilla/5.0 (Windows NT 10.0; Win64; x64) AppleWebKit/537.36 (KHTML, like Gecko) amiguinho-balcao/1.0.0 Chrome/140.0.7339.240 Electron/38.3.0 Safari/537.36"
::1 - - [02/Dec/2025:14:10:45 +0000] "POST /login HTTP/1.1" 200 246 "http://localhost:3000/" "Mozilla/5.0 (Windows NT 10.0; Win64; x64) AppleWebKit/537.36 (KHTML, like Gecko) amiguinho-balcao/1.0.0 Chrome/140.0.7339.240 Electron/38.3.0 Safari/537.36"
::1 - - [02/Dec/2025:14:13:06 +0000] "POST /login HTTP/1.1" 200 246 "http://localhost:3000/" "Mozilla/5.0 (Windows NT 10.0; Win64; x64) AppleWebKit/537.36 (KHTML, like Gecko) amiguinho-balcao/1.0.0 Chrome/140.0.7339.240 Electron/38.3.0 Safari/537.36"
::1 - - [02/Dec/2025:14:22:55 +0000] "POST /login HTTP/1.1" 200 246 "http://localhost:3000/" "Mozilla/5.0 (Windows NT 10.0; Win64; x64) AppleWebKit/537.36 (KHTML, like Gecko) amiguinho-balcao/1.0.0 Chrome/140.0.7339.240 Electron/38.3.0 Safari/537.36"
::1 - - [02/Dec/2025:14:29:19 +0000] "POST /login HTTP/1.1" 200 246 "http://localhost:3000/" "Mozilla/5.0 (Windows NT 10.0; Win64; x64) AppleWebKit/537.36 (KHTML, like Gecko) amiguinho-balcao/1.0.0 Chrome/140.0.7339.240 Electron/38.3.0 Safari/537.36"
::1 - - [02/Dec/2025:14:40:51 +0000] "POST /login HTTP/1.1" 200 246 "http://localhost:3000/" "Mozilla/5.0 (Windows NT 10.0; Win64; x64) AppleWebKit/537.36 (KHTML, like Gecko) amiguinho-balcao/1.0.0 Chrome/140.0.7339.240 Electron/38.3.0 Safari/537.36"
::1 - - [02/Dec/2025:14:47:24 +0000] "POST /login HTTP/1.1" 200 246 "http://localhost:3000/" "Mozilla/5.0 (Windows NT 10.0; Win64; x64) AppleWebKit/537.36 (KHTML, like Gecko) amiguinho-balcao/1.0.0 Chrome/140.0.7339.240 Electron/38.3.0 Safari/537.36"
::1 - - [03/Dec/2025:12:49:22 +0000] "POST /login HTTP/1.1" 200 246 "-" "Mozilla/5.0 (Windows NT 10.0; Win64; x64) AppleWebKit/537.36 (KHTML, like Gecko) amiguinho-balcao/1.0.0 Chrome/140.0.7339.240 Electron/38.3.0 Safari/537.36"
::1 - - [03/Dec/2025:12:50:14 +0000] "POST /login HTTP/1.1" 200 246 "http://localhost:3000/" "Mozilla/5.0 (Windows NT 10.0; Win64; x64) AppleWebKit/537.36 (KHTML, like Gecko) amiguinho-balcao/1.0.0 Chrome/140.0.7339.240 Electron/38.3.0 Safari/537.36"
::1 - - [03/Dec/2025:13:04:34 +0000] "POST /login HTTP/1.1" 200 246 "http://localhost:3000/" "Mozilla/5.0 (Windows NT 10.0; Win64; x64) AppleWebKit/537.36 (KHTML, like Gecko) amiguinho-balcao/1.0.0 Chrome/140.0.7339.240 Electron/38.3.0 Safari/537.36"
::1 - - [03/Dec/2025:13:12:29 +0000] "POST /login HTTP/1.1" 200 246 "http://localhost:3000/" "Mozilla/5.0 (Windows NT 10.0; Win64; x64) AppleWebKit/537.36 (KHTML, like Gecko) amiguinho-balcao/1.0.0 Chrome/140.0.7339.240 Electron/38.3.0 Safari/537.36"
::1 - - [03/Dec/2025:13:22:07 +0000] "POST /login HTTP/1.1" 200 246 "http://localhost:3000/" "Mozilla/5.0 (Windows NT 10.0; Win64; x64) AppleWebKit/537.36 (KHTML, like Gecko) amiguinho-balcao/1.0.0 Chrome/140.0.7339.240 Electron/38.3.0 Safari/537.36"
::1 - - [03/Dec/2025:13:22:55 +0000] "POST /login HTTP/1.1" 200 246 "http://localhost:3000/" "Mozilla/5.0 (Windows NT 10.0; Win64; x64) AppleWebKit/537.36 (KHTML, like Gecko) amiguinho-balcao/1.0.0 Chrome/140.0.7339.240 Electron/38.3.0 Safari/537.36"
::1 - - [03/Dec/2025:13:25:48 +0000] "POST /login HTTP/1.1" 200 246 "http://localhost:3000/" "Mozilla/5.0 (Windows NT 10.0; Win64; x64) AppleWebKit/537.36 (KHTML, like Gecko) amiguinho-balcao/1.0.0 Chrome/140.0.7339.240 Electron/38.3.0 Safari/537.36"
::1 - - [03/Dec/2025:13:26:55 +0000] "POST /login HTTP/1.1" 200 246 "http://localhost:3000/" "Mozilla/5.0 (Windows NT 10.0; Win64; x64) AppleWebKit/537.36 (KHTML, like Gecko) amiguinho-balcao/1.0.0 Chrome/140.0.7339.240 Electron/38.3.0 Safari/537.36"
::1 - - [03/Dec/2025:13:36:57 +0000] "POST /login HTTP/1.1" 200 246 "http://localhost:3000/" "Mozilla/5.0 (Windows NT 10.0; Win64; x64) AppleWebKit/537.36 (KHTML, like Gecko) amiguinho-balcao/1.0.0 Chrome/140.0.7339.240 Electron/38.3.0 Safari/537.36"
::1 - - [03/Dec/2025:13:37:38 +0000] "POST /login HTTP/1.1" 200 246 "http://localhost:3000/" "Mozilla/5.0 (Windows NT 10.0; Win64; x64) AppleWebKit/537.36 (KHTML, like Gecko) amiguinho-balcao/1.0.0 Chrome/140.0.7339.240 Electron/38.3.0 Safari/537.36"
::1 - - [03/Dec/2025:13:41:57 +0000] "POST /login HTTP/1.1" 200 246 "http://localhost:3000/" "Mozilla/5.0 (Windows NT 10.0; Win64; x64) AppleWebKit/537.36 (KHTML, like Gecko) amiguinho-balcao/1.0.0 Chrome/140.0.7339.240 Electron/38.3.0 Safari/537.36"
::1 - - [03/Dec/2025:14:04:58 +0000] "POST /login HTTP/1.1" 200 246 "http://localhost:3000/" "Mozilla/5.0 (Windows NT 10.0; Win64; x64) AppleWebKit/537.36 (KHTML, like Gecko) amiguinho-balcao/1.0.0 Chrome/140.0.7339.240 Electron/38.3.0 Safari/537.36"
::1 - - [03/Dec/2025:14:16:39 +0000] "POST /login HTTP/1.1" 200 246 "http://localhost:3000/" "Mozilla/5.0 (Windows NT 10.0; Win64; x64) AppleWebKit/537.36 (KHTML, like Gecko) amiguinho-balcao/1.0.0 Chrome/140.0.7339.240 Electron/38.3.0 Safari/537.36"
::1 - - [03/Dec/2025:14:17:25 +0000] "POST /login HTTP/1.1" 200 246 "http://localhost:3000/" "Mozilla/5.0 (Windows NT 10.0; Win64; x64) AppleWebKit/537.36 (KHTML, like Gecko) amiguinho-balcao/1.0.0 Chrome/140.0.7339.240 Electron/38.3.0 Safari/537.36"
::1 - - [03/Dec/2025:14:23:40 +0000] "POST /login HTTP/1.1" 200 246 "http://localhost:3000/" "Mozilla/5.0 (Windows NT 10.0; Win64; x64) AppleWebKit/537.36 (KHTML, like Gecko) amiguinho-balcao/1.0.0 Chrome/140.0.7339.240 Electron/38.3.0 Safari/537.36"
::1 - - [03/Dec/2025:14:25:56 +0000] "POST /login HTTP/1.1" 200 246 "http://localhost:3000/" "Mozilla/5.0 (Windows NT 10.0; Win64; x64) AppleWebKit/537.36 (KHTML, like Gecko) amiguinho-balcao/1.0.0 Chrome/140.0.7339.240 Electron/38.3.0 Safari/537.36"
::1 - - [03/Dec/2025:14:47:42 +0000] "POST /login HTTP/1.1" 200 246 "http://localhost:3000/" "Mozilla/5.0 (Windows NT 10.0; Win64; x64) AppleWebKit/537.36 (KHTML, like Gecko) amiguinho-balcao/1.0.0 Chrome/140.0.7339.240 Electron/38.3.0 Safari/537.36"
::1 - - [03/Dec/2025:19:05:43 +0000] "POST /login HTTP/1.1" 200 246 "http://localhost:3000/" "Mozilla/5.0 (Windows NT 10.0; Win64; x64) AppleWebKit/537.36 (KHTML, like Gecko) amiguinho-balcao/1.0.0 Chrome/140.0.7339.240 Electron/38.3.0 Safari/537.36"
::1 - - [03/Dec/2025:20:27:44 +0000] "GET / HTTP/1.1" 404 139 "http://localhost:3000/" "Mozilla/5.0 (Windows NT 10.0; Win64; x64) AppleWebKit/537.36 (KHTML, like Gecko) amiguinho-balcao/1.0.0 Chrome/140.0.7339.240 Electron/38.3.0 Safari/537.36"
::1 - - [03/Dec/2025:20:27:44 +0000] "GET /ler-formas-pagamento HTTP/1.1" 500 1579 "http://localhost:3000/" "Mozilla/5.0 (Windows NT 10.0; Win64; x64) AppleWebKit/537.36 (KHTML, like Gecko) amiguinho-balcao/1.0.0 Chrome/140.0.7339.240 Electron/38.3.0 Safari/537.36"
::1 - - [03/Dec/2025:20:27:44 +0000] "GET / HTTP/1.1" 404 139 "http://localhost:3000/" "Mozilla/5.0 (Windows NT 10.0; Win64; x64) AppleWebKit/537.36 (KHTML, like Gecko) amiguinho-balcao/1.0.0 Chrome/140.0.7339.240 Electron/38.3.0 Safari/537.36"
::1 - - [03/Dec/2025:20:27:44 +0000] "GET /ler-formas-pagamento HTTP/1.1" 500 1579 "http://localhost:3000/" "Mozilla/5.0 (Windows NT 10.0; Win64; x64) AppleWebKit/537.36 (KHTML, like Gecko) amiguinho-balcao/1.0.0 Chrome/140.0.7339.240 Electron/38.3.0 Safari/537.36"
::1 - - [03/Dec/2025:20:32:13 +0000] "GET / HTTP/1.1" 404 139 "http://localhost:3000/" "Mozilla/5.0 (Windows NT 10.0; Win64; x64) AppleWebKit/537.36 (KHTML, like Gecko) amiguinho-balcao/1.0.0 Chrome/140.0.7339.240 Electron/38.3.0 Safari/537.36"
::1 - - [03/Dec/2025:20:32:13 +0000] "GET /ler-formas-pagamento HTTP/1.1" 500 1579 "http://localhost:3000/" "Mozilla/5.0 (Windows NT 10.0; Win64; x64) AppleWebKit/537.36 (KHTML, like Gecko) amiguinho-balcao/1.0.0 Chrome/140.0.7339.240 Electron/38.3.0 Safari/537.36"
::1 - - [03/Dec/2025:20:32:13 +0000] "GET / HTTP/1.1" 404 139 "http://localhost:3000/" "Mozilla/5.0 (Windows NT 10.0; Win64; x64) AppleWebKit/537.36 (KHTML, like Gecko) amiguinho-balcao/1.0.0 Chrome/140.0.7339.240 Electron/38.3.0 Safari/537.36"
::1 - - [03/Dec/2025:20:32:13 +0000] "GET /ler-formas-pagamento HTTP/1.1" 500 1579 "http://localhost:3000/" "Mozilla/5.0 (Windows NT 10.0; Win64; x64) AppleWebKit/537.36 (KHTML, like Gecko) amiguinho-balcao/1.0.0 Chrome/140.0.7339.240 Electron/38.3.0 Safari/537.36"
::1 - - [03/Dec/2025:20:32:39 +0000] "POST /login HTTP/1.1" 200 246 "http://localhost:3000/" "Mozilla/5.0 (Windows NT 10.0; Win64; x64) AppleWebKit/537.36 (KHTML, like Gecko) amiguinho-balcao/1.0.0 Chrome/140.0.7339.240 Electron/38.3.0 Safari/537.36"
::1 - - [03/Dec/2025:20:32:41 +0000] "GET / HTTP/1.1" 404 139 "http://localhost:3000/" "Mozilla/5.0 (Windows NT 10.0; Win64; x64) AppleWebKit/537.36 (KHTML, like Gecko) amiguinho-balcao/1.0.0 Chrome/140.0.7339.240 Electron/38.3.0 Safari/537.36"
::1 - - [03/Dec/2025:20:32:41 +0000] "GET /ler-formas-pagamento HTTP/1.1" 500 1579 "http://localhost:3000/" "Mozilla/5.0 (Windows NT 10.0; Win64; x64) AppleWebKit/537.36 (KHTML, like Gecko) amiguinho-balcao/1.0.0 Chrome/140.0.7339.240 Electron/38.3.0 Safari/537.36"
::1 - - [03/Dec/2025:20:32:41 +0000] "GET / HTTP/1.1" 404 139 "http://localhost:3000/" "Mozilla/5.0 (Windows NT 10.0; Win64; x64) AppleWebKit/537.36 (KHTML, like Gecko) amiguinho-balcao/1.0.0 Chrome/140.0.7339.240 Electron/38.3.0 Safari/537.36"
::1 - - [03/Dec/2025:20:32:41 +0000] "GET /ler-formas-pagamento HTTP/1.1" 500 1579 "http://localhost:3000/" "Mozilla/5.0 (Windows NT 10.0; Win64; x64) AppleWebKit/537.36 (KHTML, like Gecko) amiguinho-balcao/1.0.0 Chrome/140.0.7339.240 Electron/38.3.0 Safari/537.36"
::1 - - [03/Dec/2025:20:36:38 +0000] "POST /login HTTP/1.1" 200 246 "http://localhost:3000/" "Mozilla/5.0 (Windows NT 10.0; Win64; x64) AppleWebKit/537.36 (KHTML, like Gecko) amiguinho-balcao/1.0.0 Chrome/140.0.7339.240 Electron/38.3.0 Safari/537.36"
::1 - - [03/Dec/2025:20:36:42 +0000] "GET /?status=ATIVO&solicitante=GERAL HTTP/1.1" 404 139 "http://localhost:3000/" "Mozilla/5.0 (Windows NT 10.0; Win64; x64) AppleWebKit/537.36 (KHTML, like Gecko) amiguinho-balcao/1.0.0 Chrome/140.0.7339.240 Electron/38.3.0 Safari/537.36"
::1 - - [03/Dec/2025:20:36:42 +0000] "GET /ler-formas-pagamento HTTP/1.1" 500 1579 "http://localhost:3000/" "Mozilla/5.0 (Windows NT 10.0; Win64; x64) AppleWebKit/537.36 (KHTML, like Gecko) amiguinho-balcao/1.0.0 Chrome/140.0.7339.240 Electron/38.3.0 Safari/537.36"
::1 - - [03/Dec/2025:20:36:42 +0000] "GET /?status=ATIVO&solicitante=GERAL HTTP/1.1" 404 139 "http://localhost:3000/" "Mozilla/5.0 (Windows NT 10.0; Win64; x64) AppleWebKit/537.36 (KHTML, like Gecko) amiguinho-balcao/1.0.0 Chrome/140.0.7339.240 Electron/38.3.0 Safari/537.36"
::1 - - [03/Dec/2025:20:36:42 +0000] "GET /ler-formas-pagamento HTTP/1.1" 500 1579 "http://localhost:3000/" "Mozilla/5.0 (Windows NT 10.0; Win64; x64) AppleWebKit/537.36 (KHTML, like Gecko) amiguinho-balcao/1.0.0 Chrome/140.0.7339.240 Electron/38.3.0 Safari/537.36"
::1 - - [03/Dec/2025:20:45:05 +0000] "GET /?status=ATIVO&solicitante=GERAL HTTP/1.1" 404 139 "http://localhost:3000/" "Mozilla/5.0 (Windows NT 10.0; Win64; x64) AppleWebKit/537.36 (KHTML, like Gecko) amiguinho-balcao/1.0.0 Chrome/140.0.7339.240 Electron/38.3.0 Safari/537.36"
::1 - - [03/Dec/2025:20:45:05 +0000] "GET /ler-formas-pagamento HTTP/1.1" 500 1579 "http://localhost:3000/" "Mozilla/5.0 (Windows NT 10.0; Win64; x64) AppleWebKit/537.36 (KHTML, like Gecko) amiguinho-balcao/1.0.0 Chrome/140.0.7339.240 Electron/38.3.0 Safari/537.36"
::1 - - [03/Dec/2025:20:45:05 +0000] "GET /?status=ATIVO&solicitante=GERAL HTTP/1.1" 404 139 "http://localhost:3000/" "Mozilla/5.0 (Windows NT 10.0; Win64; x64) AppleWebKit/537.36 (KHTML, like Gecko) amiguinho-balcao/1.0.0 Chrome/140.0.7339.240 Electron/38.3.0 Safari/537.36"
::1 - - [03/Dec/2025:20:45:05 +0000] "GET /ler-formas-pagamento HTTP/1.1" 500 1579 "http://localhost:3000/" "Mozilla/5.0 (Windows NT 10.0; Win64; x64) AppleWebKit/537.36 (KHTML, like Gecko) amiguinho-balcao/1.0.0 Chrome/140.0.7339.240 Electron/38.3.0 Safari/537.36"
::1 - - [03/Dec/2025:20:45:23 +0000] "POST /login HTTP/1.1" 200 246 "http://localhost:3000/" "Mozilla/5.0 (Windows NT 10.0; Win64; x64) AppleWebKit/537.36 (KHTML, like Gecko) amiguinho-balcao/1.0.0 Chrome/140.0.7339.240 Electron/38.3.0 Safari/537.36"
::1 - - [03/Dec/2025:20:45:25 +0000] "GET /?status=ATIVO&solicitante=GERAL HTTP/1.1" 404 139 "http://localhost:3000/" "Mozilla/5.0 (Windows NT 10.0; Win64; x64) AppleWebKit/537.36 (KHTML, like Gecko) amiguinho-balcao/1.0.0 Chrome/140.0.7339.240 Electron/38.3.0 Safari/537.36"
::1 - - [03/Dec/2025:20:45:25 +0000] "GET /ler-formas-pagamento HTTP/1.1" 500 1579 "http://localhost:3000/" "Mozilla/5.0 (Windows NT 10.0; Win64; x64) AppleWebKit/537.36 (KHTML, like Gecko) amiguinho-balcao/1.0.0 Chrome/140.0.7339.240 Electron/38.3.0 Safari/537.36"
::1 - - [03/Dec/2025:20:45:25 +0000] "GET /?status=ATIVO&solicitante=GERAL HTTP/1.1" 404 139 "http://localhost:3000/" "Mozilla/5.0 (Windows NT 10.0; Win64; x64) AppleWebKit/537.36 (KHTML, like Gecko) amiguinho-balcao/1.0.0 Chrome/140.0.7339.240 Electron/38.3.0 Safari/537.36"
::1 - - [03/Dec/2025:20:45:25 +0000] "GET /ler-formas-pagamento HTTP/1.1" 500 1579 "http://localhost:3000/" "Mozilla/5.0 (Windows NT 10.0; Win64; x64) AppleWebKit/537.36 (KHTML, like Gecko) amiguinho-balcao/1.0.0 Chrome/140.0.7339.240 Electron/38.3.0 Safari/537.36"
::1 - - [03/Dec/2025:20:48:19 +0000] "POST /login HTTP/1.1" 200 246 "http://localhost:3000/" "Mozilla/5.0 (Windows NT 10.0; Win64; x64) AppleWebKit/537.36 (KHTML, like Gecko) amiguinho-balcao/1.0.0 Chrome/140.0.7339.240 Electron/38.3.0 Safari/537.36"
::1 - - [03/Dec/2025:20:48:22 +0000] "GET /ler-produtos?status=ATIVO&solicitante=GERAL HTTP/1.1" 500 1509 "http://localhost:3000/" "Mozilla/5.0 (Windows NT 10.0; Win64; x64) AppleWebKit/537.36 (KHTML, like Gecko) amiguinho-balcao/1.0.0 Chrome/140.0.7339.240 Electron/38.3.0 Safari/537.36"
::1 - - [03/Dec/2025:20:48:22 +0000] "GET /ler-formas-pagamento HTTP/1.1" 500 1579 "http://localhost:3000/" "Mozilla/5.0 (Windows NT 10.0; Win64; x64) AppleWebKit/537.36 (KHTML, like Gecko) amiguinho-balcao/1.0.0 Chrome/140.0.7339.240 Electron/38.3.0 Safari/537.36"
::1 - - [03/Dec/2025:20:48:22 +0000] "GET /ler-produtos?status=ATIVO&solicitante=GERAL HTTP/1.1" 500 1509 "http://localhost:3000/" "Mozilla/5.0 (Windows NT 10.0; Win64; x64) AppleWebKit/537.36 (KHTML, like Gecko) amiguinho-balcao/1.0.0 Chrome/140.0.7339.240 Electron/38.3.0 Safari/537.36"
::1 - - [03/Dec/2025:20:48:22 +0000] "GET /ler-formas-pagamento HTTP/1.1" 500 1579 "http://localhost:3000/" "Mozilla/5.0 (Windows NT 10.0; Win64; x64) AppleWebKit/537.36 (KHTML, like Gecko) amiguinho-balcao/1.0.0 Chrome/140.0.7339.240 Electron/38.3.0 Safari/537.36"
::1 - - [03/Dec/2025:20:51:59 +0000] "POST /login HTTP/1.1" 200 246 "http://localhost:3000/" "Mozilla/5.0 (Windows NT 10.0; Win64; x64) AppleWebKit/537.36 (KHTML, like Gecko) amiguinho-balcao/1.0.0 Chrome/140.0.7339.240 Electron/38.3.0 Safari/537.36"
::1 - - [03/Dec/2025:20:52:17 +0000] "GET /ler-produtos?status=ATIVO&solicitante=GERAL HTTP/1.1" 500 1509 "http://localhost:3000/" "Mozilla/5.0 (Windows NT 10.0; Win64; x64) AppleWebKit/537.36 (KHTML, like Gecko) amiguinho-balcao/1.0.0 Chrome/140.0.7339.240 Electron/38.3.0 Safari/537.36"
::1 - - [03/Dec/2025:20:52:17 +0000] "GET /ler-formas-pagamento HTTP/1.1" 500 1579 "http://localhost:3000/" "Mozilla/5.0 (Windows NT 10.0; Win64; x64) AppleWebKit/537.36 (KHTML, like Gecko) amiguinho-balcao/1.0.0 Chrome/140.0.7339.240 Electron/38.3.0 Safari/537.36"
::1 - - [03/Dec/2025:20:52:17 +0000] "GET /ler-produtos?status=ATIVO&solicitante=GERAL HTTP/1.1" 500 1509 "http://localhost:3000/" "Mozilla/5.0 (Windows NT 10.0; Win64; x64) AppleWebKit/537.36 (KHTML, like Gecko) amiguinho-balcao/1.0.0 Chrome/140.0.7339.240 Electron/38.3.0 Safari/537.36"
::1 - - [03/Dec/2025:20:52:17 +0000] "GET /ler-formas-pagamento HTTP/1.1" 500 1579 "http://localhost:3000/" "Mozilla/5.0 (Windows NT 10.0; Win64; x64) AppleWebKit/537.36 (KHTML, like Gecko) amiguinho-balcao/1.0.0 Chrome/140.0.7339.240 Electron/38.3.0 Safari/537.36"
::1 - - [03/Dec/2025:20:52:26 +0000] "GET /ler-produtos?status=ATIVO&solicitante=GERAL HTTP/1.1" 500 1509 "http://localhost:3000/" "Mozilla/5.0 (Windows NT 10.0; Win64; x64) AppleWebKit/537.36 (KHTML, like Gecko) amiguinho-balcao/1.0.0 Chrome/140.0.7339.240 Electron/38.3.0 Safari/537.36"
::1 - - [03/Dec/2025:20:52:26 +0000] "GET /ler-formas-pagamento HTTP/1.1" 500 1579 "http://localhost:3000/" "Mozilla/5.0 (Windows NT 10.0; Win64; x64) AppleWebKit/537.36 (KHTML, like Gecko) amiguinho-balcao/1.0.0 Chrome/140.0.7339.240 Electron/38.3.0 Safari/537.36"
::1 - - [03/Dec/2025:20:52:26 +0000] "GET /ler-produtos?status=ATIVO&solicitante=GERAL HTTP/1.1" 500 1509 "http://localhost:3000/" "Mozilla/5.0 (Windows NT 10.0; Win64; x64) AppleWebKit/537.36 (KHTML, like Gecko) amiguinho-balcao/1.0.0 Chrome/140.0.7339.240 Electron/38.3.0 Safari/537.36"
::1 - - [03/Dec/2025:20:52:26 +0000] "GET /ler-formas-pagamento HTTP/1.1" 500 1579 "http://localhost:3000/" "Mozilla/5.0 (Windows NT 10.0; Win64; x64) AppleWebKit/537.36 (KHTML, like Gecko) amiguinho-balcao/1.0.0 Chrome/140.0.7339.240 Electron/38.3.0 Safari/537.36"
