::1 - - [10/Dec/2025:12:03:41 +0000] "POST /login HTTP/1.1" 200 246 "http://localhost:3000/" "Mozilla/5.0 (Windows NT 10.0; Win64; x64) AppleWebKit/537.36 (KHTML, like Gecko) amiguinho-balcao/1.0.0 Chrome/140.0.7339.240 Electron/38.3.0 Safari/537.36"
::1 - - [10/Dec/2025:12:11:05 +0000] "POST /novo-pedido/balcao HTTP/1.1" 201 417 "http://localhost:3000/" "Mozilla/5.0 (Windows NT 10.0; Win64; x64) AppleWebKit/537.36 (KHTML, like Gecko) amiguinho-balcao/1.0.0 Chrome/140.0.7339.240 Electron/38.3.0 Safari/537.36"
::1 - - [10/Dec/2025:12:12:43 +0000] "POST /login HTTP/1.1" 200 246 "http://localhost:3000/" "Mozilla/5.0 (Windows NT 10.0; Win64; x64) AppleWebKit/537.36 (KHTML, like Gecko) amiguinho-balcao/1.0.0 Chrome/140.0.7339.240 Electron/38.3.0 Safari/537.36"
::1 - - [10/Dec/2025:12:12:59 +0000] "POST /novo-pedido/balcao HTTP/1.1" 201 419 "http://localhost:3000/" "Mozilla/5.0 (Windows NT 10.0; Win64; x64) AppleWebKit/537.36 (KHTML, like Gecko) amiguinho-balcao/1.0.0 Chrome/140.0.7339.240 Electron/38.3.0 Safari/537.36"
::1 - - [10/Dec/2025:12:23:18 +0000] "POST /novo-pedido/balcao HTTP/1.1" 500 39 "http://localhost:3000/" "Mozilla/5.0 (Windows NT 10.0; Win64; x64) AppleWebKit/537.36 (KHTML, like Gecko) amiguinho-balcao/1.0.0 Chrome/140.0.7339.240 Electron/38.3.0 Safari/537.36"
::1 - - [10/Dec/2025:12:23:21 +0000] "POST /novo-pedido/balcao HTTP/1.1" 500 39 "http://localhost:3000/" "Mozilla/5.0 (Windows NT 10.0; Win64; x64) AppleWebKit/537.36 (KHTML, like Gecko) amiguinho-balcao/1.0.0 Chrome/140.0.7339.240 Electron/38.3.0 Safari/537.36"
::1 - - [10/Dec/2025:12:23:31 +0000] "POST /novo-pedido/balcao HTTP/1.1" 201 510 "http://localhost:3000/" "Mozilla/5.0 (Windows NT 10.0; Win64; x64) AppleWebKit/537.36 (KHTML, like Gecko) amiguinho-balcao/1.0.0 Chrome/140.0.7339.240 Electron/38.3.0 Safari/537.36"
::1 - - [10/Dec/2025:12:23:32 +0000] "POST /novo-pedido/balcao HTTP/1.1" 201 510 "http://localhost:3000/" "Mozilla/5.0 (Windows NT 10.0; Win64; x64) AppleWebKit/537.36 (KHTML, like Gecko) amiguinho-balcao/1.0.0 Chrome/140.0.7339.240 Electron/38.3.0 Safari/537.36"
::1 - - [10/Dec/2025:12:24:26 +0000] "POST /novo-pedido/balcao HTTP/1.1" 201 512 "http://localhost:3000/" "Mozilla/5.0 (Windows NT 10.0; Win64; x64) AppleWebKit/537.36 (KHTML, like Gecko) amiguinho-balcao/1.0.0 Chrome/140.0.7339.240 Electron/38.3.0 Safari/537.36"
::1 - - [10/Dec/2025:12:26:03 +0000] "POST /login HTTP/1.1" 200 246 "http://localhost:3000/" "Mozilla/5.0 (Windows NT 10.0; Win64; x64) AppleWebKit/537.36 (KHTML, like Gecko) amiguinho-balcao/1.0.0 Chrome/140.0.7339.240 Electron/38.3.0 Safari/537.36"
::1 - - [10/Dec/2025:12:28:09 +0000] "POST /novo-pedido/balcao HTTP/1.1" 201 519 "http://localhost:3000/" "Mozilla/5.0 (Windows NT 10.0; Win64; x64) AppleWebKit/537.36 (KHTML, like Gecko) amiguinho-balcao/1.0.0 Chrome/140.0.7339.240 Electron/38.3.0 Safari/537.36"
::1 - - [10/Dec/2025:12:33:17 +0000] "POST /novo-pedido/balcao HTTP/1.1" 201 432 "http://localhost:3000/" "Mozilla/5.0 (Windows NT 10.0; Win64; x64) AppleWebKit/537.36 (KHTML, like Gecko) amiguinho-balcao/1.0.0 Chrome/140.0.7339.240 Electron/38.3.0 Safari/537.36"
::1 - - [10/Dec/2025:12:40:02 +0000] "POST /novo-pedido/balcao HTTP/1.1" 201 432 "http://localhost:3000/" "Mozilla/5.0 (Windows NT 10.0; Win64; x64) AppleWebKit/537.36 (KHTML, like Gecko) amiguinho-balcao/1.0.0 Chrome/140.0.7339.240 Electron/38.3.0 Safari/537.36"
::1 - - [10/Dec/2025:12:40:32 +0000] "POST /novo-pedido/balcao HTTP/1.1" 201 422 "http://localhost:3000/" "Mozilla/5.0 (Windows NT 10.0; Win64; x64) AppleWebKit/537.36 (KHTML, like Gecko) amiguinho-balcao/1.0.0 Chrome/140.0.7339.240 Electron/38.3.0 Safari/537.36"
::1 - - [10/Dec/2025:14:30:05 +0000] "POST /login HTTP/1.1" 200 246 "http://localhost:3000/" "Mozilla/5.0 (Windows NT 10.0; Win64; x64) AppleWebKit/537.36 (KHTML, like Gecko) amiguinho-balcao/1.0.0 Chrome/140.0.7339.240 Electron/38.3.0 Safari/537.36"
::1 - - [12/Dec/2025:12:03:01 +0000] "POST /login HTTP/1.1" 200 246 "http://localhost:3000/" "Mozilla/5.0 (Windows NT 10.0; Win64; x64) AppleWebKit/537.36 (KHTML, like Gecko) amiguinho-balcao/1.0.0 Chrome/140.0.7339.240 Electron/38.3.0 Safari/537.36"
::1 - - [12/Dec/2025:18:29:13 +0000] "POST /login HTTP/1.1" 200 246 "http://localhost:3000/" "Mozilla/5.0 (Windows NT 10.0; Win64; x64) AppleWebKit/537.36 (KHTML, like Gecko) amiguinho-balcao/1.0.0 Chrome/140.0.7339.240 Electron/38.3.0 Safari/537.36"
::1 - - [12/Dec/2025:18:37:32 +0000] "POST /novo-pedido/balcao HTTP/1.1" 201 424 "http://localhost:3000/" "Mozilla/5.0 (Windows NT 10.0; Win64; x64) AppleWebKit/537.36 (KHTML, like Gecko) amiguinho-balcao/1.0.0 Chrome/140.0.7339.240 Electron/38.3.0 Safari/537.36"
::1 - - [12/Dec/2025:18:39:51 +0000] "POST /novo-pedido/balcao HTTP/1.1" 201 420 "http://localhost:3000/" "Mozilla/5.0 (Windows NT 10.0; Win64; x64) AppleWebKit/537.36 (KHTML, like Gecko) amiguinho-balcao/1.0.0 Chrome/140.0.7339.240 Electron/38.3.0 Safari/537.36"
::1 - - [12/Dec/2025:18:40:51 +0000] "POST /novo-pedido/balcao HTTP/1.1" 201 433 "http://localhost:3000/" "Mozilla/5.0 (Windows NT 10.0; Win64; x64) AppleWebKit/537.36 (KHTML, like Gecko) amiguinho-balcao/1.0.0 Chrome/140.0.7339.240 Electron/38.3.0 Safari/537.36"
::1 - - [12/Dec/2025:18:45:20 +0000] "POST /novo-pedido/balcao HTTP/1.1" 201 418 "http://localhost:3000/" "Mozilla/5.0 (Windows NT 10.0; Win64; x64) AppleWebKit/537.36 (KHTML, like Gecko) amiguinho-balcao/1.0.0 Chrome/140.0.7339.240 Electron/38.3.0 Safari/537.36"
::1 - - [12/Dec/2025:18:45:52 +0000] "POST /novo-pedido/balcao HTTP/1.1" 201 419 "http://localhost:3000/" "Mozilla/5.0 (Windows NT 10.0; Win64; x64) AppleWebKit/537.36 (KHTML, like Gecko) amiguinho-balcao/1.0.0 Chrome/140.0.7339.240 Electron/38.3.0 Safari/537.36"
::1 - - [12/Dec/2025:19:08:07 +0000] "POST /novo-pedido/balcao HTTP/1.1" 201 420 "http://localhost:3000/" "Mozilla/5.0 (Windows NT 10.0; Win64; x64) AppleWebKit/537.36 (KHTML, like Gecko) amiguinho-balcao/1.0.0 Chrome/140.0.7339.240 Electron/38.3.0 Safari/537.36"
::1 - - [12/Dec/2025:19:10:56 +0000] "POST /novo-pedido/balcao HTTP/1.1" 201 421 "http://localhost:3000/" "Mozilla/5.0 (Windows NT 10.0; Win64; x64) AppleWebKit/537.36 (KHTML, like Gecko) amiguinho-balcao/1.0.0 Chrome/140.0.7339.240 Electron/38.3.0 Safari/537.36"
::1 - - [12/Dec/2025:19:19:38 +0000] "POST /login HTTP/1.1" 200 246 "http://localhost:3000/" "Mozilla/5.0 (Windows NT 10.0; Win64; x64) AppleWebKit/537.36 (KHTML, like Gecko) amiguinho-balcao/1.0.0 Chrome/140.0.7339.240 Electron/38.3.0 Safari/537.36"
::1 - - [12/Dec/2025:19:19:54 +0000] "POST /novo-pedido/balcao HTTP/1.1" 201 420 "http://localhost:3000/" "Mozilla/5.0 (Windows NT 10.0; Win64; x64) AppleWebKit/537.36 (KHTML, like Gecko) amiguinho-balcao/1.0.0 Chrome/140.0.7339.240 Electron/38.3.0 Safari/537.36"
::1 - - [12/Dec/2025:19:22:21 +0000] "POST /novo-pedido/balcao HTTP/1.1" 201 420 "http://localhost:3000/" "Mozilla/5.0 (Windows NT 10.0; Win64; x64) AppleWebKit/537.36 (KHTML, like Gecko) amiguinho-balcao/1.0.0 Chrome/140.0.7339.240 Electron/38.3.0 Safari/537.36"
::1 - - [12/Dec/2025:19:22:58 +0000] "POST /novo-pedido/balcao HTTP/1.1" 201 420 "http://localhost:3000/" "Mozilla/5.0 (Windows NT 10.0; Win64; x64) AppleWebKit/537.36 (KHTML, like Gecko) amiguinho-balcao/1.0.0 Chrome/140.0.7339.240 Electron/38.3.0 Safari/537.36"
::1 - - [12/Dec/2025:19:53:49 +0000] "POST /novo-pedido/balcao HTTP/1.1" 201 420 "http://localhost:3000/" "Mozilla/5.0 (Windows NT 10.0; Win64; x64) AppleWebKit/537.36 (KHTML, like Gecko) amiguinho-balcao/1.0.0 Chrome/140.0.7339.240 Electron/38.3.0 Safari/537.36"
::1 - - [12/Dec/2025:20:08:16 +0000] "POST /novo-pedido/balcao HTTP/1.1" 201 420 "http://localhost:3000/" "Mozilla/5.0 (Windows NT 10.0; Win64; x64) AppleWebKit/537.36 (KHTML, like Gecko) amiguinho-balcao/1.0.0 Chrome/140.0.7339.240 Electron/38.3.0 Safari/537.36"
::1 - - [12/Dec/2025:20:08:43 +0000] "POST /login HTTP/1.1" 200 246 "http://localhost:3000/" "Mozilla/5.0 (Windows NT 10.0; Win64; x64) AppleWebKit/537.36 (KHTML, like Gecko) amiguinho-balcao/1.0.0 Chrome/140.0.7339.240 Electron/38.3.0 Safari/537.36"
::1 - - [12/Dec/2025:20:08:55 +0000] "POST /novo-pedido/balcao HTTP/1.1" 201 424 "http://localhost:3000/" "Mozilla/5.0 (Windows NT 10.0; Win64; x64) AppleWebKit/537.36 (KHTML, like Gecko) amiguinho-balcao/1.0.0 Chrome/140.0.7339.240 Electron/38.3.0 Safari/537.36"
::1 - - [12/Dec/2025:20:15:22 +0000] "POST /novo-pedido/balcao HTTP/1.1" 201 420 "http://localhost:3000/" "Mozilla/5.0 (Windows NT 10.0; Win64; x64) AppleWebKit/537.36 (KHTML, like Gecko) amiguinho-balcao/1.0.0 Chrome/140.0.7339.240 Electron/38.3.0 Safari/537.36"
::1 - - [12/Dec/2025:20:16:15 +0000] "POST /login HTTP/1.1" 200 246 "http://localhost:3000/" "Mozilla/5.0 (Windows NT 10.0; Win64; x64) AppleWebKit/537.36 (KHTML, like Gecko) amiguinho-balcao/1.0.0 Chrome/140.0.7339.240 Electron/38.3.0 Safari/537.36"
::1 - - [12/Dec/2025:20:16:27 +0000] "POST /novo-pedido/balcao HTTP/1.1" 201 420 "http://localhost:3000/" "Mozilla/5.0 (Windows NT 10.0; Win64; x64) AppleWebKit/537.36 (KHTML, like Gecko) amiguinho-balcao/1.0.0 Chrome/140.0.7339.240 Electron/38.3.0 Safari/537.36"
::1 - - [12/Dec/2025:20:18:09 +0000] "POST /login HTTP/1.1" 200 246 "http://localhost:3000/" "Mozilla/5.0 (Windows NT 10.0; Win64; x64) AppleWebKit/537.36 (KHTML, like Gecko) amiguinho-balcao/1.0.0 Chrome/140.0.7339.240 Electron/38.3.0 Safari/537.36"
::1 - - [12/Dec/2025:20:18:23 +0000] "POST /novo-pedido/balcao HTTP/1.1" 201 420 "http://localhost:3000/" "Mozilla/5.0 (Windows NT 10.0; Win64; x64) AppleWebKit/537.36 (KHTML, like Gecko) amiguinho-balcao/1.0.0 Chrome/140.0.7339.240 Electron/38.3.0 Safari/537.36"
::1 - - [12/Dec/2025:20:19:56 +0000] "POST /novo-pedido/balcao HTTP/1.1" 201 602 "http://localhost:3000/" "Mozilla/5.0 (Windows NT 10.0; Win64; x64) AppleWebKit/537.36 (KHTML, like Gecko) amiguinho-balcao/1.0.0 Chrome/140.0.7339.240 Electron/38.3.0 Safari/537.36"
::1 - - [12/Dec/2025:20:24:55 +0000] "POST /novo-pedido/balcao HTTP/1.1" 201 600 "http://localhost:3000/" "Mozilla/5.0 (Windows NT 10.0; Win64; x64) AppleWebKit/537.36 (KHTML, like Gecko) amiguinho-balcao/1.0.0 Chrome/140.0.7339.240 Electron/38.3.0 Safari/537.36"
::1 - - [12/Dec/2025:20:32:20 +0000] "POST /novo-pedido/balcao HTTP/1.1" 201 420 "http://localhost:3000/" "Mozilla/5.0 (Windows NT 10.0; Win64; x64) AppleWebKit/537.36 (KHTML, like Gecko) amiguinho-balcao/1.0.0 Chrome/140.0.7339.240 Electron/38.3.0 Safari/537.36"
::1 - - [12/Dec/2025:20:32:24 +0000] "POST /novo-pedido/balcao HTTP/1.1" 201 420 "http://localhost:3000/" "Mozilla/5.0 (Windows NT 10.0; Win64; x64) AppleWebKit/537.36 (KHTML, like Gecko) amiguinho-balcao/1.0.0 Chrome/140.0.7339.240 Electron/38.3.0 Safari/537.36"
::1 - - [12/Dec/2025:20:32:45 +0000] "POST /login HTTP/1.1" 200 246 "http://localhost:3000/" "Mozilla/5.0 (Windows NT 10.0; Win64; x64) AppleWebKit/537.36 (KHTML, like Gecko) amiguinho-balcao/1.0.0 Chrome/140.0.7339.240 Electron/38.3.0 Safari/537.36"
::1 - - [12/Dec/2025:20:32:56 +0000] "POST /novo-pedido/balcao HTTP/1.1" 201 420 "http://localhost:3000/" "Mozilla/5.0 (Windows NT 10.0; Win64; x64) AppleWebKit/537.36 (KHTML, like Gecko) amiguinho-balcao/1.0.0 Chrome/140.0.7339.240 Electron/38.3.0 Safari/537.36"
::1 - - [12/Dec/2025:20:34:26 +0000] "POST /novo-pedido/balcao HTTP/1.1" 201 420 "http://localhost:3000/" "Mozilla/5.0 (Windows NT 10.0; Win64; x64) AppleWebKit/537.36 (KHTML, like Gecko) amiguinho-balcao/1.0.0 Chrome/140.0.7339.240 Electron/38.3.0 Safari/537.36"
::1 - - [12/Dec/2025:20:38:34 +0000] "POST /login HTTP/1.1" 404 50 "http://localhost:3000/" "Mozilla/5.0 (Windows NT 10.0; Win64; x64) AppleWebKit/537.36 (KHTML, like Gecko) amiguinho-balcao/1.0.0 Chrome/140.0.7339.240 Electron/38.3.0 Safari/537.36"
::1 - - [12/Dec/2025:20:39:07 +0000] "POST /login HTTP/1.1" 200 246 "http://localhost:3000/" "Mozilla/5.0 (Windows NT 10.0; Win64; x64) AppleWebKit/537.36 (KHTML, like Gecko) amiguinho-balcao/1.0.0 Chrome/140.0.7339.240 Electron/38.3.0 Safari/537.36"
::1 - - [12/Dec/2025:20:39:43 +0000] "POST /login HTTP/1.1" 200 246 "http://localhost:3000/" "Mozilla/5.0 (Windows NT 10.0; Win64; x64) AppleWebKit/537.36 (KHTML, like Gecko) amiguinho-balcao/1.0.0 Chrome/140.0.7339.240 Electron/38.3.0 Safari/537.36"
::1 - - [12/Dec/2025:20:39:49 +0000] "GET /ler-formas-pagamento HTTP/1.1" 404 47 "http://localhost:3000/" "Mozilla/5.0 (Windows NT 10.0; Win64; x64) AppleWebKit/537.36 (KHTML, like Gecko) amiguinho-balcao/1.0.0 Chrome/140.0.7339.240 Electron/38.3.0 Safari/537.36"
::1 - - [12/Dec/2025:20:39:49 +0000] "GET /ler-formas-pagamento HTTP/1.1" 404 47 "http://localhost:3000/" "Mozilla/5.0 (Windows NT 10.0; Win64; x64) AppleWebKit/537.36 (KHTML, like Gecko) amiguinho-balcao/1.0.0 Chrome/140.0.7339.240 Electron/38.3.0 Safari/537.36"
::1 - - [12/Dec/2025:20:39:49 +0000] "GET /ler-produtos HTTP/1.1" 200 85107 "http://localhost:3000/" "Mozilla/5.0 (Windows NT 10.0; Win64; x64) AppleWebKit/537.36 (KHTML, like Gecko) amiguinho-balcao/1.0.0 Chrome/140.0.7339.240 Electron/38.3.0 Safari/537.36"
::1 - - [12/Dec/2025:20:39:49 +0000] "GET /ler-produtos HTTP/1.1" 304 - "http://localhost:3000/" "Mozilla/5.0 (Windows NT 10.0; Win64; x64) AppleWebKit/537.36 (KHTML, like Gecko) amiguinho-balcao/1.0.0 Chrome/140.0.7339.240 Electron/38.3.0 Safari/537.36"
::1 - - [12/Dec/2025:20:43:05 +0000] "POST /login HTTP/1.1" 200 246 "http://localhost:3000/" "Mozilla/5.0 (Windows NT 10.0; Win64; x64) AppleWebKit/537.36 (KHTML, like Gecko) amiguinho-balcao/1.0.0 Chrome/140.0.7339.240 Electron/38.3.0 Safari/537.36"
::1 - - [12/Dec/2025:20:43:06 +0000] "GET /ler-formas-pagamento HTTP/1.1" 404 47 "http://localhost:3000/" "Mozilla/5.0 (Windows NT 10.0; Win64; x64) AppleWebKit/537.36 (KHTML, like Gecko) amiguinho-balcao/1.0.0 Chrome/140.0.7339.240 Electron/38.3.0 Safari/537.36"
::1 - - [12/Dec/2025:20:43:06 +0000] "GET /ler-formas-pagamento HTTP/1.1" 404 47 "http://localhost:3000/" "Mozilla/5.0 (Windows NT 10.0; Win64; x64) AppleWebKit/537.36 (KHTML, like Gecko) amiguinho-balcao/1.0.0 Chrome/140.0.7339.240 Electron/38.3.0 Safari/537.36"
::1 - - [12/Dec/2025:20:44:05 +0000] "GET /ler-formas-pagamento HTTP/1.1" 404 47 "http://localhost:3000/" "Mozilla/5.0 (Windows NT 10.0; Win64; x64) AppleWebKit/537.36 (KHTML, like Gecko) amiguinho-balcao/1.0.0 Chrome/140.0.7339.240 Electron/38.3.0 Safari/537.36"
::1 - - [12/Dec/2025:20:44:05 +0000] "GET /ler-formas-pagamento HTTP/1.1" 404 47 "http://localhost:3000/" "Mozilla/5.0 (Windows NT 10.0; Win64; x64) AppleWebKit/537.36 (KHTML, like Gecko) amiguinho-balcao/1.0.0 Chrome/140.0.7339.240 Electron/38.3.0 Safari/537.36"
::1 - - [12/Dec/2025:20:44:11 +0000] "GET /ler-formas-pagamento HTTP/1.1" 404 47 "http://localhost:3000/" "Mozilla/5.0 (Windows NT 10.0; Win64; x64) AppleWebKit/537.36 (KHTML, like Gecko) amiguinho-balcao/1.0.0 Chrome/140.0.7339.240 Electron/38.3.0 Safari/537.36"
::1 - - [12/Dec/2025:20:44:11 +0000] "GET /ler-formas-pagamento HTTP/1.1" 404 47 "http://localhost:3000/" "Mozilla/5.0 (Windows NT 10.0; Win64; x64) AppleWebKit/537.36 (KHTML, like Gecko) amiguinho-balcao/1.0.0 Chrome/140.0.7339.240 Electron/38.3.0 Safari/537.36"
::1 - - [12/Dec/2025:20:44:19 +0000] "GET /ler-formas-pagamento HTTP/1.1" 404 47 "http://localhost:3000/" "Mozilla/5.0 (Windows NT 10.0; Win64; x64) AppleWebKit/537.36 (KHTML, like Gecko) amiguinho-balcao/1.0.0 Chrome/140.0.7339.240 Electron/38.3.0 Safari/537.36"
::1 - - [12/Dec/2025:20:44:19 +0000] "GET /ler-formas-pagamento HTTP/1.1" 404 47 "http://localhost:3000/" "Mozilla/5.0 (Windows NT 10.0; Win64; x64) AppleWebKit/537.36 (KHTML, like Gecko) amiguinho-balcao/1.0.0 Chrome/140.0.7339.240 Electron/38.3.0 Safari/537.36"
::1 - - [12/Dec/2025:20:45:15 +0000] "GET /ler-formas-pagamento HTTP/1.1" 404 47 "http://localhost:3000/" "Mozilla/5.0 (Windows NT 10.0; Win64; x64) AppleWebKit/537.36 (KHTML, like Gecko) amiguinho-balcao/1.0.0 Chrome/140.0.7339.240 Electron/38.3.0 Safari/537.36"
::1 - - [12/Dec/2025:20:45:15 +0000] "GET /ler-formas-pagamento HTTP/1.1" 404 47 "http://localhost:3000/" "Mozilla/5.0 (Windows NT 10.0; Win64; x64) AppleWebKit/537.36 (KHTML, like Gecko) amiguinho-balcao/1.0.0 Chrome/140.0.7339.240 Electron/38.3.0 Safari/537.36"
::1 - - [12/Dec/2025:20:45:21 +0000] "GET /ler-formas-pagamento HTTP/1.1" 404 47 "http://localhost:3000/" "Mozilla/5.0 (Windows NT 10.0; Win64; x64) AppleWebKit/537.36 (KHTML, like Gecko) amiguinho-balcao/1.0.0 Chrome/140.0.7339.240 Electron/38.3.0 Safari/537.36"
::1 - - [12/Dec/2025:20:45:21 +0000] "GET /ler-formas-pagamento HTTP/1.1" 404 47 "http://localhost:3000/" "Mozilla/5.0 (Windows NT 10.0; Win64; x64) AppleWebKit/537.36 (KHTML, like Gecko) amiguinho-balcao/1.0.0 Chrome/140.0.7339.240 Electron/38.3.0 Safari/537.36"
::1 - - [12/Dec/2025:20:52:18 +0000] "POST /login HTTP/1.1" 200 246 "http://localhost:3000/" "Mozilla/5.0 (Windows NT 10.0; Win64; x64) AppleWebKit/537.36 (KHTML, like Gecko) amiguinho-balcao/1.0.0 Chrome/140.0.7339.240 Electron/38.3.0 Safari/537.36"
::1 - - [12/Dec/2025:20:52:19 +0000] "GET /ler-formas-pagamento?status=ATIVO&solicitante=BALCAO HTTP/1.1" 200 990 "http://localhost:3000/" "Mozilla/5.0 (Windows NT 10.0; Win64; x64) AppleWebKit/537.36 (KHTML, like Gecko) amiguinho-balcao/1.0.0 Chrome/140.0.7339.240 Electron/38.3.0 Safari/537.36"
::1 - - [12/Dec/2025:20:52:19 +0000] "GET /ler-formas-pagamento?status=ATIVO&solicitante=BALCAO HTTP/1.1" 304 - "http://localhost:3000/" "Mozilla/5.0 (Windows NT 10.0; Win64; x64) AppleWebKit/537.36 (KHTML, like Gecko) amiguinho-balcao/1.0.0 Chrome/140.0.7339.240 Electron/38.3.0 Safari/537.36"
::1 - - [12/Dec/2025:20:52:27 +0000] "POST /novo-pedido/balcao HTTP/1.1" 201 420 "http://localhost:3000/" "Mozilla/5.0 (Windows NT 10.0; Win64; x64) AppleWebKit/537.36 (KHTML, like Gecko) amiguinho-balcao/1.0.0 Chrome/140.0.7339.240 Electron/38.3.0 Safari/537.36"
::1 - - [13/Dec/2025:11:33:29 +0000] "POST /login HTTP/1.1" 200 246 "http://localhost:3000/" "Mozilla/5.0 (Windows NT 10.0; Win64; x64) AppleWebKit/537.36 (KHTML, like Gecko) amiguinho-balcao/1.0.0 Chrome/140.0.7339.240 Electron/38.3.0 Safari/537.36"
::1 - - [13/Dec/2025:11:33:50 +0000] "GET /ler-formas-pagamento?status=ATIVO&solicitante=BALCAO HTTP/1.1" 304 - "http://localhost:3000/" "Mozilla/5.0 (Windows NT 10.0; Win64; x64) AppleWebKit/537.36 (KHTML, like Gecko) amiguinho-balcao/1.0.0 Chrome/140.0.7339.240 Electron/38.3.0 Safari/537.36"
::1 - - [13/Dec/2025:11:33:50 +0000] "GET /ler-formas-pagamento?status=ATIVO&solicitante=BALCAO HTTP/1.1" 304 - "http://localhost:3000/" "Mozilla/5.0 (Windows NT 10.0; Win64; x64) AppleWebKit/537.36 (KHTML, like Gecko) amiguinho-balcao/1.0.0 Chrome/140.0.7339.240 Electron/38.3.0 Safari/537.36"
::1 - - [13/Dec/2025:15:16:21 +0000] "POST /login HTTP/1.1" 200 246 "http://localhost:3000/" "Mozilla/5.0 (Windows NT 10.0; Win64; x64) AppleWebKit/537.36 (KHTML, like Gecko) amiguinho-balcao/1.0.0 Chrome/140.0.7339.240 Electron/38.3.0 Safari/537.36"
::1 - - [13/Dec/2025:15:16:27 +0000] "GET /ler-formas-pagamento?status=ATIVO&solicitante=BALCAO HTTP/1.1" 304 - "http://localhost:3000/" "Mozilla/5.0 (Windows NT 10.0; Win64; x64) AppleWebKit/537.36 (KHTML, like Gecko) amiguinho-balcao/1.0.0 Chrome/140.0.7339.240 Electron/38.3.0 Safari/537.36"
::1 - - [13/Dec/2025:15:16:27 +0000] "GET /ler-formas-pagamento?status=ATIVO&solicitante=BALCAO HTTP/1.1" 304 - "http://localhost:3000/" "Mozilla/5.0 (Windows NT 10.0; Win64; x64) AppleWebKit/537.36 (KHTML, like Gecko) amiguinho-balcao/1.0.0 Chrome/140.0.7339.240 Electron/38.3.0 Safari/537.36"
::1 - - [13/Dec/2025:15:16:41 +0000] "POST /novo-pedido/balcao HTTP/1.1" 500 39 "http://localhost:3000/" "Mozilla/5.0 (Windows NT 10.0; Win64; x64) AppleWebKit/537.36 (KHTML, like Gecko) amiguinho-balcao/1.0.0 Chrome/140.0.7339.240 Electron/38.3.0 Safari/537.36"
