::1 - - [30/Jan/2026:17:40:21 +0000] "GET /relatorio-mix-produtos/balcao HTTP/1.1" 404 168 "-" "Apidog/1.0.0 (https://apidog.com)"
::1 - - [30/Jan/2026:17:40:50 +0000] "GET /relatorio-mix-produtos/balcao HTTP/1.1" 404 168 "-" "Apidog/1.0.0 (https://apidog.com)"
::1 - - [30/Jan/2026:17:40:52 +0000] "GET /relatorio-mix-produtos/balcao HTTP/1.1" 404 168 "-" "Apidog/1.0.0 (https://apidog.com)"
::1 - - [30/Jan/2026:17:41:13 +0000] "GET /relatorio-mix-produtos/balcao HTTP/1.1" 404 168 "-" "Apidog/1.0.0 (https://apidog.com)"
::1 - - [30/Jan/2026:17:41:25 +0000] "GET /relatorio-mix-produtos/balcao HTTP/1.1" 200 372 "-" "Apidog/1.0.0 (https://apidog.com)"
::1 - - [30/Jan/2026:17:41:37 +0000] "GET /relatorio-mix-produtos/delivery HTTP/1.1" 200 2 "-" "Apidog/1.0.0 (https://apidog.com)"
::1 - - [30/Jan/2026:17:41:54 +0000] "GET /relatorio-mix-produtos/externo HTTP/1.1" 200 2 "-" "Apidog/1.0.0 (https://apidog.com)"
::1 - - [30/Jan/2026:18:08:12 +0000] "POST /login HTTP/1.1" 200 246 "http://localhost:3000/" "Mozilla/5.0 (Windows NT 10.0; Win64; x64) AppleWebKit/537.36 (KHTML, like Gecko) amiguinho-balcao/1.0.0 Chrome/140.0.7339.249 Electron/38.7.2 Safari/537.36"
::1 - - [30/Jan/2026:18:40:05 +0000] "GET /ler-formas-pagamento?status=ATIVO&solicitante=BALCAO HTTP/1.1" 304 - "http://localhost:3000/" "Mozilla/5.0 (Windows NT 10.0; Win64; x64) AppleWebKit/537.36 (KHTML, like Gecko) amiguinho-balcao/1.0.0 Chrome/140.0.7339.249 Electron/38.7.2 Safari/537.36"
::1 - - [30/Jan/2026:18:40:05 +0000] "GET /ler-formas-pagamento?status=ATIVO&solicitante=BALCAO HTTP/1.1" 304 - "http://localhost:3000/" "Mozilla/5.0 (Windows NT 10.0; Win64; x64) AppleWebKit/537.36 (KHTML, like Gecko) amiguinho-balcao/1.0.0 Chrome/140.0.7339.249 Electron/38.7.2 Safari/537.36"
::1 - - [30/Jan/2026:18:40:17 +0000] "GET /buscar-pedidos?setor=balcao&vendedor=b1&dataInicio=2026-01-30&dataFim=2026-01-30 HTTP/1.1" 200 2 "http://localhost:3000/" "Mozilla/5.0 (Windows NT 10.0; Win64; x64) AppleWebKit/537.36 (KHTML, like Gecko) amiguinho-balcao/1.0.0 Chrome/140.0.7339.249 Electron/38.7.2 Safari/537.36"
::1 - - [30/Jan/2026:18:40:20 +0000] "GET /buscar-fechamento-balcao-dia?data=2026-01-30&vendedor=b1 HTTP/1.1" 200 38 "http://localhost:3000/" "Mozilla/5.0 (Windows NT 10.0; Win64; x64) AppleWebKit/537.36 (KHTML, like Gecko) amiguinho-balcao/1.0.0 Chrome/140.0.7339.249 Electron/38.7.2 Safari/537.36"
::1 - - [30/Jan/2026:18:40:20 +0000] "GET /buscar-fechamento-balcao-dia?data=2026-01-30&vendedor=b1 HTTP/1.1" 304 - "http://localhost:3000/" "Mozilla/5.0 (Windows NT 10.0; Win64; x64) AppleWebKit/537.36 (KHTML, like Gecko) amiguinho-balcao/1.0.0 Chrome/140.0.7339.249 Electron/38.7.2 Safari/537.36"
::1 - - [30/Jan/2026:18:40:58 +0000] "GET /ler-formas-pagamento?status=ATIVO&solicitante=BALCAO HTTP/1.1" 304 - "http://localhost:3000/" "Mozilla/5.0 (Windows NT 10.0; Win64; x64) AppleWebKit/537.36 (KHTML, like Gecko) amiguinho-balcao/1.0.0 Chrome/140.0.7339.249 Electron/38.7.2 Safari/537.36"
::1 - - [30/Jan/2026:18:40:58 +0000] "GET /ler-formas-pagamento?status=ATIVO&solicitante=BALCAO HTTP/1.1" 304 - "http://localhost:3000/" "Mozilla/5.0 (Windows NT 10.0; Win64; x64) AppleWebKit/537.36 (KHTML, like Gecko) amiguinho-balcao/1.0.0 Chrome/140.0.7339.249 Electron/38.7.2 Safari/537.36"
::1 - - [30/Jan/2026:18:43:38 +0000] "GET /ler-formas-pagamento?status=ATIVO&solicitante=BALCAO HTTP/1.1" 304 - "http://localhost:3000/" "Mozilla/5.0 (Windows NT 10.0; Win64; x64) AppleWebKit/537.36 (KHTML, like Gecko) amiguinho-balcao/1.0.0 Chrome/140.0.7339.249 Electron/38.7.2 Safari/537.36"
::1 - - [30/Jan/2026:18:43:38 +0000] "GET /ler-formas-pagamento?status=ATIVO&solicitante=BALCAO HTTP/1.1" 304 - "http://localhost:3000/" "Mozilla/5.0 (Windows NT 10.0; Win64; x64) AppleWebKit/537.36 (KHTML, like Gecko) amiguinho-balcao/1.0.0 Chrome/140.0.7339.249 Electron/38.7.2 Safari/537.36"
::1 - - [30/Jan/2026:19:00:42 +0000] "GET /buscar-fechamento-balcao-dia?data=2026-01-30&vendedor=b1 HTTP/1.1" 304 - "http://localhost:3000/" "Mozilla/5.0 (Windows NT 10.0; Win64; x64) AppleWebKit/537.36 (KHTML, like Gecko) amiguinho-balcao/1.0.0 Chrome/140.0.7339.249 Electron/38.7.2 Safari/537.36"
::1 - - [30/Jan/2026:19:00:42 +0000] "GET /buscar-fechamento-balcao-dia?data=2026-01-30&vendedor=b1 HTTP/1.1" 304 - "http://localhost:3000/" "Mozilla/5.0 (Windows NT 10.0; Win64; x64) AppleWebKit/537.36 (KHTML, like Gecko) amiguinho-balcao/1.0.0 Chrome/140.0.7339.249 Electron/38.7.2 Safari/537.36"
::1 - - [30/Jan/2026:19:00:52 +0000] "GET /buscar-fechamento-balcao-dia?data=2026-01-30&vendedor=b1 HTTP/1.1" 304 - "http://localhost:3000/" "Mozilla/5.0 (Windows NT 10.0; Win64; x64) AppleWebKit/537.36 (KHTML, like Gecko) amiguinho-balcao/1.0.0 Chrome/140.0.7339.249 Electron/38.7.2 Safari/537.36"
::1 - - [30/Jan/2026:19:00:52 +0000] "GET /buscar-fechamento-balcao-dia?data=2026-01-30&vendedor=b1 HTTP/1.1" 304 - "http://localhost:3000/" "Mozilla/5.0 (Windows NT 10.0; Win64; x64) AppleWebKit/537.36 (KHTML, like Gecko) amiguinho-balcao/1.0.0 Chrome/140.0.7339.249 Electron/38.7.2 Safari/537.36"
::1 - - [30/Jan/2026:19:00:58 +0000] "GET /buscar-pedidos?setor=balcao&vendedor=b1&dataInicio=2026-01-30&dataFim=2026-01-30 HTTP/1.1" 304 - "http://localhost:3000/" "Mozilla/5.0 (Windows NT 10.0; Win64; x64) AppleWebKit/537.36 (KHTML, like Gecko) amiguinho-balcao/1.0.0 Chrome/140.0.7339.249 Electron/38.7.2 Safari/537.36"
::1 - - [30/Jan/2026:19:01:01 +0000] "GET /ler-formas-pagamento?status=ATIVO&solicitante=BALCAO HTTP/1.1" 304 - "http://localhost:3000/" "Mozilla/5.0 (Windows NT 10.0; Win64; x64) AppleWebKit/537.36 (KHTML, like Gecko) amiguinho-balcao/1.0.0 Chrome/140.0.7339.249 Electron/38.7.2 Safari/537.36"
::1 - - [30/Jan/2026:19:01:01 +0000] "GET /ler-formas-pagamento?status=ATIVO&solicitante=BALCAO HTTP/1.1" 304 - "http://localhost:3000/" "Mozilla/5.0 (Windows NT 10.0; Win64; x64) AppleWebKit/537.36 (KHTML, like Gecko) amiguinho-balcao/1.0.0 Chrome/140.0.7339.249 Electron/38.7.2 Safari/537.36"
::1 - - [30/Jan/2026:19:18:23 +0000] "GET /ler-formas-pagamento?status=ATIVO&solicitante=BALCAO HTTP/1.1" 304 - "http://localhost:3000/" "Mozilla/5.0 (Windows NT 10.0; Win64; x64) AppleWebKit/537.36 (KHTML, like Gecko) amiguinho-balcao/1.0.0 Chrome/140.0.7339.249 Electron/38.7.2 Safari/537.36"
::1 - - [30/Jan/2026:19:18:23 +0000] "GET /ler-formas-pagamento?status=ATIVO&solicitante=BALCAO HTTP/1.1" 304 - "http://localhost:3000/" "Mozilla/5.0 (Windows NT 10.0; Win64; x64) AppleWebKit/537.36 (KHTML, like Gecko) amiguinho-balcao/1.0.0 Chrome/140.0.7339.249 Electron/38.7.2 Safari/537.36"
::1 - - [30/Jan/2026:19:18:28 +0000] "GET /buscar-pedidos?setor=balcao&vendedor=b1&dataInicio=2026-01-30&dataFim=2026-01-30 HTTP/1.1" 304 - "http://localhost:3000/" "Mozilla/5.0 (Windows NT 10.0; Win64; x64) AppleWebKit/537.36 (KHTML, like Gecko) amiguinho-balcao/1.0.0 Chrome/140.0.7339.249 Electron/38.7.2 Safari/537.36"
::1 - - [30/Jan/2026:19:18:30 +0000] "GET /buscar-fechamento-balcao-dia?data=2026-01-30&vendedor=b1 HTTP/1.1" 304 - "http://localhost:3000/" "Mozilla/5.0 (Windows NT 10.0; Win64; x64) AppleWebKit/537.36 (KHTML, like Gecko) amiguinho-balcao/1.0.0 Chrome/140.0.7339.249 Electron/38.7.2 Safari/537.36"
::1 - - [30/Jan/2026:19:18:30 +0000] "GET /buscar-fechamento-balcao-dia?data=2026-01-30&vendedor=b1 HTTP/1.1" 304 - "http://localhost:3000/" "Mozilla/5.0 (Windows NT 10.0; Win64; x64) AppleWebKit/537.36 (KHTML, like Gecko) amiguinho-balcao/1.0.0 Chrome/140.0.7339.249 Electron/38.7.2 Safari/537.36"
::1 - - [30/Jan/2026:19:18:32 +0000] "GET /buscar-pedidos?setor=balcao&vendedor=b1&dataInicio=2026-01-30&dataFim=2026-01-30 HTTP/1.1" 304 - "http://localhost:3000/" "Mozilla/5.0 (Windows NT 10.0; Win64; x64) AppleWebKit/537.36 (KHTML, like Gecko) amiguinho-balcao/1.0.0 Chrome/140.0.7339.249 Electron/38.7.2 Safari/537.36"
::1 - - [30/Jan/2026:19:20:21 +0000] "GET /buscar-pedidos?setor=balcao&vendedor=b1&dataInicio=2026-01-30&dataFim=2026-01-30 HTTP/1.1" 304 - "http://localhost:3000/" "Mozilla/5.0 (Windows NT 10.0; Win64; x64) AppleWebKit/537.36 (KHTML, like Gecko) amiguinho-balcao/1.0.0 Chrome/140.0.7339.249 Electron/38.7.2 Safari/537.36"
::1 - - [30/Jan/2026:19:34:19 +0000] "GET /buscar-fechamento-balcao-dia?vendedor=b1&data=2025-12-12 HTTP/1.1" 200 70 "-" "Apidog/1.0.0 (https://apidog.com)"
::1 - - [30/Jan/2026:19:34:40 +0000] "GET /buscar-fechamento-balcao-dia?data=2026-01-30&vendedor=b1 HTTP/1.1" 304 - "http://localhost:3000/" "Mozilla/5.0 (Windows NT 10.0; Win64; x64) AppleWebKit/537.36 (KHTML, like Gecko) amiguinho-balcao/1.0.0 Chrome/140.0.7339.249 Electron/38.7.2 Safari/537.36"
::1 - - [30/Jan/2026:19:34:40 +0000] "GET /buscar-fechamento-balcao-dia?data=2026-01-30&vendedor=b1 HTTP/1.1" 304 - "http://localhost:3000/" "Mozilla/5.0 (Windows NT 10.0; Win64; x64) AppleWebKit/537.36 (KHTML, like Gecko) amiguinho-balcao/1.0.0 Chrome/140.0.7339.249 Electron/38.7.2 Safari/537.36"
::1 - - [30/Jan/2026:19:35:47 +0000] "GET /buscar-fechamento-balcao-dia?data=2026-01-30&vendedor=b1 HTTP/1.1" 304 - "http://localhost:3000/" "Mozilla/5.0 (Windows NT 10.0; Win64; x64) AppleWebKit/537.36 (KHTML, like Gecko) amiguinho-balcao/1.0.0 Chrome/140.0.7339.249 Electron/38.7.2 Safari/537.36"
::1 - - [30/Jan/2026:19:35:47 +0000] "GET /buscar-fechamento-balcao-dia?data=2026-01-30&vendedor=b1 HTTP/1.1" 304 - "http://localhost:3000/" "Mozilla/5.0 (Windows NT 10.0; Win64; x64) AppleWebKit/537.36 (KHTML, like Gecko) amiguinho-balcao/1.0.0 Chrome/140.0.7339.249 Electron/38.7.2 Safari/537.36"
::1 - - [30/Jan/2026:20:01:10 +0000] "GET /ler-formas-pagamento?status=ATIVO&solicitante=BALCAO HTTP/1.1" 304 - "http://localhost:3000/" "Mozilla/5.0 (Windows NT 10.0; Win64; x64) AppleWebKit/537.36 (KHTML, like Gecko) amiguinho-balcao/1.0.0 Chrome/140.0.7339.249 Electron/38.7.2 Safari/537.36"
::1 - - [30/Jan/2026:20:01:10 +0000] "GET /ler-formas-pagamento?status=ATIVO&solicitante=BALCAO HTTP/1.1" 304 - "http://localhost:3000/" "Mozilla/5.0 (Windows NT 10.0; Win64; x64) AppleWebKit/537.36 (KHTML, like Gecko) amiguinho-balcao/1.0.0 Chrome/140.0.7339.249 Electron/38.7.2 Safari/537.36"
::1 - - [30/Jan/2026:20:04:31 +0000] "GET /buscar-fechamento-balcao-dia?vendedor=b1&data=2025-12-12 HTTP/1.1" 200 70 "-" "Apidog/1.0.0 (https://apidog.com)"
::1 - - [30/Jan/2026:20:04:33 +0000] "GET /buscar-fechamento-balcao-dia?vendedor=b1&data=2025-12-12 HTTP/1.1" 200 70 "-" "Apidog/1.0.0 (https://apidog.com)"
::1 - - [30/Jan/2026:20:04:34 +0000] "GET /buscar-fechamento-balcao-dia?vendedor=b1&data=2025-12-12 HTTP/1.1" 200 70 "-" "Apidog/1.0.0 (https://apidog.com)"
::1 - - [30/Jan/2026:20:05:00 +0000] "POST /login HTTP/1.1" 200 246 "http://localhost:3000/" "Mozilla/5.0 (Windows NT 10.0; Win64; x64) AppleWebKit/537.36 (KHTML, like Gecko) amiguinho-balcao/1.0.0 Chrome/140.0.7339.249 Electron/38.7.2 Safari/537.36"
::1 - - [30/Jan/2026:20:05:04 +0000] "GET /buscar-fechamento-balcao-dia?data=2026-01-30&vendedor=b1 HTTP/1.1" 200 53 "http://localhost:3000/" "Mozilla/5.0 (Windows NT 10.0; Win64; x64) AppleWebKit/537.36 (KHTML, like Gecko) amiguinho-balcao/1.0.0 Chrome/140.0.7339.249 Electron/38.7.2 Safari/537.36"
::1 - - [30/Jan/2026:20:05:04 +0000] "GET /buscar-fechamento-balcao-dia?data=2026-01-30&vendedor=b1 HTTP/1.1" 304 - "http://localhost:3000/" "Mozilla/5.0 (Windows NT 10.0; Win64; x64) AppleWebKit/537.36 (KHTML, like Gecko) amiguinho-balcao/1.0.0 Chrome/140.0.7339.249 Electron/38.7.2 Safari/537.36"
::1 - - [30/Jan/2026:20:05:06 +0000] "GET /buscar-fechamento-balcao-dia?data=2026-01-30&vendedor=b1 HTTP/1.1" 304 - "http://localhost:3000/" "Mozilla/5.0 (Windows NT 10.0; Win64; x64) AppleWebKit/537.36 (KHTML, like Gecko) amiguinho-balcao/1.0.0 Chrome/140.0.7339.249 Electron/38.7.2 Safari/537.36"
::1 - - [30/Jan/2026:20:05:06 +0000] "GET /buscar-fechamento-balcao-dia?data=2026-01-30&vendedor=b1 HTTP/1.1" 304 - "http://localhost:3000/" "Mozilla/5.0 (Windows NT 10.0; Win64; x64) AppleWebKit/537.36 (KHTML, like Gecko) amiguinho-balcao/1.0.0 Chrome/140.0.7339.249 Electron/38.7.2 Safari/537.36"
::1 - - [30/Jan/2026:20:05:11 +0000] "GET /buscar-fechamento-balcao-dia?vendedor=b1&data=2025-12-12 HTTP/1.1" 200 86 "-" "Apidog/1.0.0 (https://apidog.com)"
::1 - - [30/Jan/2026:20:07:17 +0000] "GET /buscar-fechamento-balcao-dia?data=2026-01-30&vendedor=b1 HTTP/1.1" 304 - "http://localhost:3000/" "Mozilla/5.0 (Windows NT 10.0; Win64; x64) AppleWebKit/537.36 (KHTML, like Gecko) amiguinho-balcao/1.0.0 Chrome/140.0.7339.249 Electron/38.7.2 Safari/537.36"
::1 - - [30/Jan/2026:20:07:17 +0000] "GET /buscar-fechamento-balcao-dia?data=2026-01-30&vendedor=b1 HTTP/1.1" 304 - "http://localhost:3000/" "Mozilla/5.0 (Windows NT 10.0; Win64; x64) AppleWebKit/537.36 (KHTML, like Gecko) amiguinho-balcao/1.0.0 Chrome/140.0.7339.249 Electron/38.7.2 Safari/537.36"
::1 - - [30/Jan/2026:20:07:20 +0000] "GET /buscar-fechamento-balcao-dia?vendedor=b1&data=2025-12-12 HTTP/1.1" 200 86 "-" "Apidog/1.0.0 (https://apidog.com)"
::1 - - [30/Jan/2026:20:17:12 +0000] "GET /buscar-fechamento-balcao-dia?data=2026-01-30&vendedor=b1 HTTP/1.1" 304 - "http://localhost:3000/" "Mozilla/5.0 (Windows NT 10.0; Win64; x64) AppleWebKit/537.36 (KHTML, like Gecko) amiguinho-balcao/1.0.0 Chrome/140.0.7339.249 Electron/38.7.2 Safari/537.36"
::1 - - [30/Jan/2026:20:17:12 +0000] "GET /buscar-fechamento-balcao-dia?data=2026-01-30&vendedor=b1 HTTP/1.1" 304 - "http://localhost:3000/" "Mozilla/5.0 (Windows NT 10.0; Win64; x64) AppleWebKit/537.36 (KHTML, like Gecko) amiguinho-balcao/1.0.0 Chrome/140.0.7339.249 Electron/38.7.2 Safari/537.36"
::1 - - [30/Jan/2026:20:17:20 +0000] "GET /buscar-fechamento-balcao-dia?data=2026-01-30&vendedor=b1 HTTP/1.1" 304 - "http://localhost:3000/" "Mozilla/5.0 (Windows NT 10.0; Win64; x64) AppleWebKit/537.36 (KHTML, like Gecko) amiguinho-balcao/1.0.0 Chrome/140.0.7339.249 Electron/38.7.2 Safari/537.36"
::1 - - [30/Jan/2026:20:17:20 +0000] "GET /buscar-fechamento-balcao-dia?data=2026-01-30&vendedor=b1 HTTP/1.1" 304 - "http://localhost:3000/" "Mozilla/5.0 (Windows NT 10.0; Win64; x64) AppleWebKit/537.36 (KHTML, like Gecko) amiguinho-balcao/1.0.0 Chrome/140.0.7339.249 Electron/38.7.2 Safari/537.36"
::1 - - [30/Jan/2026:20:22:38 +0000] "GET /buscar-fechamento-balcao-dia?data=2026-01-30&vendedor=b1 HTTP/1.1" 304 - "http://localhost:3000/" "Mozilla/5.0 (Windows NT 10.0; Win64; x64) AppleWebKit/537.36 (KHTML, like Gecko) amiguinho-balcao/1.0.0 Chrome/140.0.7339.249 Electron/38.7.2 Safari/537.36"
::1 - - [30/Jan/2026:20:22:38 +0000] "GET /buscar-fechamento-balcao-dia?data=2026-01-30&vendedor=b1 HTTP/1.1" 304 - "http://localhost:3000/" "Mozilla/5.0 (Windows NT 10.0; Win64; x64) AppleWebKit/537.36 (KHTML, like Gecko) amiguinho-balcao/1.0.0 Chrome/140.0.7339.249 Electron/38.7.2 Safari/537.36"
::1 - - [30/Jan/2026:20:23:22 +0000] "GET /buscar-fechamento-balcao-dia?data=2026-01-30&vendedor=b1 HTTP/1.1" 304 - "http://localhost:3000/" "Mozilla/5.0 (Windows NT 10.0; Win64; x64) AppleWebKit/537.36 (KHTML, like Gecko) amiguinho-balcao/1.0.0 Chrome/140.0.7339.249 Electron/38.7.2 Safari/537.36"
::1 - - [30/Jan/2026:20:23:22 +0000] "GET /buscar-fechamento-balcao-dia?data=2026-01-30&vendedor=b1 HTTP/1.1" 304 - "http://localhost:3000/" "Mozilla/5.0 (Windows NT 10.0; Win64; x64) AppleWebKit/537.36 (KHTML, like Gecko) amiguinho-balcao/1.0.0 Chrome/140.0.7339.249 Electron/38.7.2 Safari/537.36"
::1 - - [30/Jan/2026:20:23:30 +0000] "GET /buscar-fechamento-balcao-dia?data=2026-01-30&vendedor=b1 HTTP/1.1" 304 - "http://localhost:3000/" "Mozilla/5.0 (Windows NT 10.0; Win64; x64) AppleWebKit/537.36 (KHTML, like Gecko) amiguinho-balcao/1.0.0 Chrome/140.0.7339.249 Electron/38.7.2 Safari/537.36"
::1 - - [30/Jan/2026:20:23:30 +0000] "GET /buscar-fechamento-balcao-dia?data=2026-01-30&vendedor=b1 HTTP/1.1" 304 - "http://localhost:3000/" "Mozilla/5.0 (Windows NT 10.0; Win64; x64) AppleWebKit/537.36 (KHTML, like Gecko) amiguinho-balcao/1.0.0 Chrome/140.0.7339.249 Electron/38.7.2 Safari/537.36"
::1 - - [30/Jan/2026:20:26:11 +0000] "GET /buscar-fechamento-balcao-dia?data=2026-01-30&vendedor=b1 HTTP/1.1" 304 - "http://localhost:3000/" "Mozilla/5.0 (Windows NT 10.0; Win64; x64) AppleWebKit/537.36 (KHTML, like Gecko) amiguinho-balcao/1.0.0 Chrome/140.0.7339.249 Electron/38.7.2 Safari/537.36"
::1 - - [30/Jan/2026:20:26:11 +0000] "GET /buscar-fechamento-balcao-dia?data=2026-01-30&vendedor=b1 HTTP/1.1" 304 - "http://localhost:3000/" "Mozilla/5.0 (Windows NT 10.0; Win64; x64) AppleWebKit/537.36 (KHTML, like Gecko) amiguinho-balcao/1.0.0 Chrome/140.0.7339.249 Electron/38.7.2 Safari/537.36"
::1 - - [30/Jan/2026:20:26:37 +0000] "GET /buscar-fechamento-balcao-dia?data=2026-01-30&vendedor=b1 HTTP/1.1" 304 - "http://localhost:3000/" "Mozilla/5.0 (Windows NT 10.0; Win64; x64) AppleWebKit/537.36 (KHTML, like Gecko) amiguinho-balcao/1.0.0 Chrome/140.0.7339.249 Electron/38.7.2 Safari/537.36"
::1 - - [30/Jan/2026:20:26:37 +0000] "GET /buscar-fechamento-balcao-dia?data=2026-01-30&vendedor=b1 HTTP/1.1" 304 - "http://localhost:3000/" "Mozilla/5.0 (Windows NT 10.0; Win64; x64) AppleWebKit/537.36 (KHTML, like Gecko) amiguinho-balcao/1.0.0 Chrome/140.0.7339.249 Electron/38.7.2 Safari/537.36"
::1 - - [30/Jan/2026:20:26:57 +0000] "POST /login HTTP/1.1" 200 246 "http://localhost:3000/" "Mozilla/5.0 (Windows NT 10.0; Win64; x64) AppleWebKit/537.36 (KHTML, like Gecko) amiguinho-balcao/1.0.0 Chrome/140.0.7339.249 Electron/38.7.2 Safari/537.36"
::1 - - [30/Jan/2026:20:27:00 +0000] "GET /buscar-fechamento-balcao-dia?data=2026-01-30&vendedor=b1 HTTP/1.1" 304 - "http://localhost:3000/" "Mozilla/5.0 (Windows NT 10.0; Win64; x64) AppleWebKit/537.36 (KHTML, like Gecko) amiguinho-balcao/1.0.0 Chrome/140.0.7339.249 Electron/38.7.2 Safari/537.36"
::1 - - [30/Jan/2026:20:27:00 +0000] "GET /buscar-fechamento-balcao-dia?data=2026-01-30&vendedor=b1 HTTP/1.1" 304 - "http://localhost:3000/" "Mozilla/5.0 (Windows NT 10.0; Win64; x64) AppleWebKit/537.36 (KHTML, like Gecko) amiguinho-balcao/1.0.0 Chrome/140.0.7339.249 Electron/38.7.2 Safari/537.36"
::1 - - [30/Jan/2026:20:32:25 +0000] "GET /ler-produtos HTTP/1.1" 304 - "http://localhost:3000/" "Mozilla/5.0 (Windows NT 10.0; Win64; x64) AppleWebKit/537.36 (KHTML, like Gecko) amiguinho-balcao/1.0.0 Chrome/140.0.7339.249 Electron/38.7.2 Safari/537.36"
::1 - - [30/Jan/2026:20:32:25 +0000] "GET /ler-produtos HTTP/1.1" 304 - "http://localhost:3000/" "Mozilla/5.0 (Windows NT 10.0; Win64; x64) AppleWebKit/537.36 (KHTML, like Gecko) amiguinho-balcao/1.0.0 Chrome/140.0.7339.249 Electron/38.7.2 Safari/537.36"
::1 - - [30/Jan/2026:20:32:25 +0000] "GET /buscar-pedidos?setor=balcao&vendedor=b1&dataInicio=2026-01-30&dataFim=2026-01-30 HTTP/1.1" 304 - "http://localhost:3000/" "Mozilla/5.0 (Windows NT 10.0; Win64; x64) AppleWebKit/537.36 (KHTML, like Gecko) amiguinho-balcao/1.0.0 Chrome/140.0.7339.249 Electron/38.7.2 Safari/537.36"
