::1 - - [05/Mar/2026:17:39:37 +0000] "POST /login HTTP/1.1" 200 266 "http://localhost:3000/" "Mozilla/5.0 (Windows NT 10.0; Win64; x64) AppleWebKit/537.36 (KHTML, like Gecko) amiguinho-balcao/1.0.0 Chrome/140.0.7339.249 Electron/38.7.2 Safari/537.36"
::1 - - [05/Mar/2026:17:39:43 +0000] "GET /buscar-formas-pagamento HTTP/1.1" 304 - "http://localhost:3000/" "Mozilla/5.0 (Windows NT 10.0; Win64; x64) AppleWebKit/537.36 (KHTML, like Gecko) amiguinho-balcao/1.0.0 Chrome/140.0.7339.249 Electron/38.7.2 Safari/537.36"
::1 - - [05/Mar/2026:17:39:44 +0000] "GET /buscar-produtos HTTP/1.1" 304 - "http://localhost:3000/" "Mozilla/5.0 (Windows NT 10.0; Win64; x64) AppleWebKit/537.36 (KHTML, like Gecko) amiguinho-balcao/1.0.0 Chrome/140.0.7339.249 Electron/38.7.2 Safari/537.36"
::1 - - [05/Mar/2026:17:39:45 +0000] "GET /buscar-formas-pagamento HTTP/1.1" 304 - "http://localhost:3000/" "Mozilla/5.0 (Windows NT 10.0; Win64; x64) AppleWebKit/537.36 (KHTML, like Gecko) amiguinho-balcao/1.0.0 Chrome/140.0.7339.249 Electron/38.7.2 Safari/537.36"
::1 - - [05/Mar/2026:17:39:50 +0000] "GET /buscar-produtos HTTP/1.1" 304 - "http://localhost:3000/" "Mozilla/5.0 (Windows NT 10.0; Win64; x64) AppleWebKit/537.36 (KHTML, like Gecko) amiguinho-balcao/1.0.0 Chrome/140.0.7339.249 Electron/38.7.2 Safari/537.36"
::1 - - [05/Mar/2026:17:39:54 +0000] "GET /ler-formas-pagamento?status=ATIVO&solicitante=BALCAO HTTP/1.1" 304 - "http://localhost:3000/" "Mozilla/5.0 (Windows NT 10.0; Win64; x64) AppleWebKit/537.36 (KHTML, like Gecko) amiguinho-balcao/1.0.0 Chrome/140.0.7339.249 Electron/38.7.2 Safari/537.36"
::1 - - [05/Mar/2026:17:39:54 +0000] "GET /ler-formas-pagamento?status=ATIVO&solicitante=BALCAO HTTP/1.1" 304 - "http://localhost:3000/" "Mozilla/5.0 (Windows NT 10.0; Win64; x64) AppleWebKit/537.36 (KHTML, like Gecko) amiguinho-balcao/1.0.0 Chrome/140.0.7339.249 Electron/38.7.2 Safari/537.36"
::1 - - [05/Mar/2026:17:39:54 +0000] "GET /buscar-pedidos?setor=balcao&vendedor=b1&dataInicio=2026-03-05&dataFim=&formaPagamentoId=1 HTTP/1.1" 200 375 "http://localhost:3000/" "Mozilla/5.0 (Windows NT 10.0; Win64; x64) AppleWebKit/537.36 (KHTML, like Gecko) amiguinho-balcao/1.0.0 Chrome/140.0.7339.249 Electron/38.7.2 Safari/537.36"
::1 - - [05/Mar/2026:17:40:49 +0000] "GET /ler-formas-pagamento?status=ATIVO&solicitante=BALCAO HTTP/1.1" 304 - "http://localhost:3000/" "Mozilla/5.0 (Windows NT 10.0; Win64; x64) AppleWebKit/537.36 (KHTML, like Gecko) amiguinho-balcao/1.0.0 Chrome/140.0.7339.249 Electron/38.7.2 Safari/537.36"
::1 - - [05/Mar/2026:17:40:49 +0000] "GET /buscar-pedidos?setor=balcao&vendedor=b1&dataInicio=2026-03-05&dataFim=&formaPagamentoId=1 HTTP/1.1" 304 - "http://localhost:3000/" "Mozilla/5.0 (Windows NT 10.0; Win64; x64) AppleWebKit/537.36 (KHTML, like Gecko) amiguinho-balcao/1.0.0 Chrome/140.0.7339.249 Electron/38.7.2 Safari/537.36"
::1 - - [05/Mar/2026:17:46:56 +0000] "GET /ler-formas-pagamento?status=ATIVO&solicitante=BALCAO HTTP/1.1" 304 - "http://localhost:3000/" "Mozilla/5.0 (Windows NT 10.0; Win64; x64) AppleWebKit/537.36 (KHTML, like Gecko) amiguinho-balcao/1.0.0 Chrome/140.0.7339.249 Electron/38.7.2 Safari/537.36"
::1 - - [05/Mar/2026:18:11:15 +0000] "POST /login HTTP/1.1" 200 266 "http://localhost:3000/" "Mozilla/5.0 (Windows NT 10.0; Win64; x64) AppleWebKit/537.36 (KHTML, like Gecko) amiguinho-balcao/1.0.0 Chrome/140.0.7339.249 Electron/38.7.2 Safari/537.36"
::1 - - [05/Mar/2026:18:11:20 +0000] "GET /buscar-formas-pagamento HTTP/1.1" 304 - "http://localhost:3000/" "Mozilla/5.0 (Windows NT 10.0; Win64; x64) AppleWebKit/537.36 (KHTML, like Gecko) amiguinho-balcao/1.0.0 Chrome/140.0.7339.249 Electron/38.7.2 Safari/537.36"
::1 - - [05/Mar/2026:18:11:22 +0000] "GET /buscar-formas-pagamento HTTP/1.1" 304 - "http://localhost:3000/" "Mozilla/5.0 (Windows NT 10.0; Win64; x64) AppleWebKit/537.36 (KHTML, like Gecko) amiguinho-balcao/1.0.0 Chrome/140.0.7339.249 Electron/38.7.2 Safari/537.36"
::1 - - [05/Mar/2026:18:11:22 +0000] "GET /buscar-produtos HTTP/1.1" 304 - "http://localhost:3000/" "Mozilla/5.0 (Windows NT 10.0; Win64; x64) AppleWebKit/537.36 (KHTML, like Gecko) amiguinho-balcao/1.0.0 Chrome/140.0.7339.249 Electron/38.7.2 Safari/537.36"
::1 - - [05/Mar/2026:18:11:27 +0000] "GET /buscar-produtos HTTP/1.1" 304 - "http://localhost:3000/" "Mozilla/5.0 (Windows NT 10.0; Win64; x64) AppleWebKit/537.36 (KHTML, like Gecko) amiguinho-balcao/1.0.0 Chrome/140.0.7339.249 Electron/38.7.2 Safari/537.36"
::1 - - [05/Mar/2026:18:11:30 +0000] "GET /ler-formas-pagamento?status=ATIVO&solicitante=BALCAO HTTP/1.1" 304 - "http://localhost:3000/" "Mozilla/5.0 (Windows NT 10.0; Win64; x64) AppleWebKit/537.36 (KHTML, like Gecko) amiguinho-balcao/1.0.0 Chrome/140.0.7339.249 Electron/38.7.2 Safari/537.36"
::1 - - [05/Mar/2026:18:11:30 +0000] "GET /ler-formas-pagamento?status=ATIVO&solicitante=BALCAO HTTP/1.1" 304 - "http://localhost:3000/" "Mozilla/5.0 (Windows NT 10.0; Win64; x64) AppleWebKit/537.36 (KHTML, like Gecko) amiguinho-balcao/1.0.0 Chrome/140.0.7339.249 Electron/38.7.2 Safari/537.36"
::1 - - [05/Mar/2026:18:22:32 +0000] "GET /ler-formas-pagamento?status=ATIVO&solicitante=BALCAO HTTP/1.1" 304 - "http://localhost:3000/" "Mozilla/5.0 (Windows NT 10.0; Win64; x64) AppleWebKit/537.36 (KHTML, like Gecko) amiguinho-balcao/1.0.0 Chrome/140.0.7339.249 Electron/38.7.2 Safari/537.36"
::1 - - [05/Mar/2026:18:22:32 +0000] "GET /ler-formas-pagamento?status=ATIVO&solicitante=BALCAO HTTP/1.1" 304 - "http://localhost:3000/" "Mozilla/5.0 (Windows NT 10.0; Win64; x64) AppleWebKit/537.36 (KHTML, like Gecko) amiguinho-balcao/1.0.0 Chrome/140.0.7339.249 Electron/38.7.2 Safari/537.36"
::1 - - [05/Mar/2026:18:23:13 +0000] "GET /buscar-pedidos?setor=balcao&vendedor=b1&dataInicio=2026-03-05&dataFim=2026-03-05 HTTP/1.1" 200 2 "http://localhost:3000/" "Mozilla/5.0 (Windows NT 10.0; Win64; x64) AppleWebKit/537.36 (KHTML, like Gecko) amiguinho-balcao/1.0.0 Chrome/140.0.7339.249 Electron/38.7.2 Safari/537.36"
::1 - - [05/Mar/2026:18:23:15 +0000] "GET /ler-formas-pagamento?status=ATIVO&solicitante=BALCAO HTTP/1.1" 304 - "http://localhost:3000/" "Mozilla/5.0 (Windows NT 10.0; Win64; x64) AppleWebKit/537.36 (KHTML, like Gecko) amiguinho-balcao/1.0.0 Chrome/140.0.7339.249 Electron/38.7.2 Safari/537.36"
::1 - - [05/Mar/2026:18:23:15 +0000] "GET /ler-formas-pagamento?status=ATIVO&solicitante=BALCAO HTTP/1.1" 304 - "http://localhost:3000/" "Mozilla/5.0 (Windows NT 10.0; Win64; x64) AppleWebKit/537.36 (KHTML, like Gecko) amiguinho-balcao/1.0.0 Chrome/140.0.7339.249 Electron/38.7.2 Safari/537.36"
::1 - - [05/Mar/2026:18:23:18 +0000] "GET /buscar-fechamento-balcao-dia?data=2026-03-05&vendedor=b1 HTTP/1.1" 200 53 "http://localhost:3000/" "Mozilla/5.0 (Windows NT 10.0; Win64; x64) AppleWebKit/537.36 (KHTML, like Gecko) amiguinho-balcao/1.0.0 Chrome/140.0.7339.249 Electron/38.7.2 Safari/537.36"
::1 - - [05/Mar/2026:18:23:18 +0000] "GET /buscar-fechamento-balcao-dia?data=2026-03-05&vendedor=b1 HTTP/1.1" 304 - "http://localhost:3000/" "Mozilla/5.0 (Windows NT 10.0; Win64; x64) AppleWebKit/537.36 (KHTML, like Gecko) amiguinho-balcao/1.0.0 Chrome/140.0.7339.249 Electron/38.7.2 Safari/537.36"
::1 - - [05/Mar/2026:18:23:24 +0000] "GET /ler-formas-pagamento?status=ATIVO&solicitante=BALCAO HTTP/1.1" 304 - "http://localhost:3000/" "Mozilla/5.0 (Windows NT 10.0; Win64; x64) AppleWebKit/537.36 (KHTML, like Gecko) amiguinho-balcao/1.0.0 Chrome/140.0.7339.249 Electron/38.7.2 Safari/537.36"
::1 - - [05/Mar/2026:18:23:24 +0000] "GET /ler-formas-pagamento?status=ATIVO&solicitante=BALCAO HTTP/1.1" 304 - "http://localhost:3000/" "Mozilla/5.0 (Windows NT 10.0; Win64; x64) AppleWebKit/537.36 (KHTML, like Gecko) amiguinho-balcao/1.0.0 Chrome/140.0.7339.249 Electron/38.7.2 Safari/537.36"
::1 - - [05/Mar/2026:18:23:56 +0000] "GET /ler-formas-pagamento?status=ATIVO&solicitante=BALCAO HTTP/1.1" 304 - "http://localhost:3000/" "Mozilla/5.0 (Windows NT 10.0; Win64; x64) AppleWebKit/537.36 (KHTML, like Gecko) amiguinho-balcao/1.0.0 Chrome/140.0.7339.249 Electron/38.7.2 Safari/537.36"
::1 - - [05/Mar/2026:18:23:56 +0000] "GET /ler-formas-pagamento?status=ATIVO&solicitante=BALCAO HTTP/1.1" 304 - "http://localhost:3000/" "Mozilla/5.0 (Windows NT 10.0; Win64; x64) AppleWebKit/537.36 (KHTML, like Gecko) amiguinho-balcao/1.0.0 Chrome/140.0.7339.249 Electron/38.7.2 Safari/537.36"
::1 - - [05/Mar/2026:18:24:50 +0000] "GET /buscar-pedidos?setor=balcao&dataInicio=2026-03-03&dataFim=2026-03-04 HTTP/1.1" 200 2 "-" "Apidog/1.0.0 (https://apidog.com)"
::1 - - [05/Mar/2026:18:24:51 +0000] "GET /buscar-pedidos?setor=balcao&dataInicio=2026-03-03&dataFim=2026-03-04 HTTP/1.1" 200 2 "-" "Apidog/1.0.0 (https://apidog.com)"
::1 - - [05/Mar/2026:18:24:56 +0000] "GET /buscar-pedidos?setor=balcao&dataInicio=2026-03-03&dataFim=2026-03-03 HTTP/1.1" 200 2 "-" "Apidog/1.0.0 (https://apidog.com)"
::1 - - [05/Mar/2026:18:26:50 +0000] "GET /buscar-pedidos?setor=balcao&dataInicio=2026-03-02&dataFim=2026-03-02 HTTP/1.1" 200 2301 "-" "Apidog/1.0.0 (https://apidog.com)"
::1 - - [05/Mar/2026:18:28:06 +0000] "GET /buscar-pedidos?setor=balcao&dataInicio=2026-03-02&dataFim=2026-03-02&formaPagamentoId=16 HTTP/1.1" 200 388 "-" "Apidog/1.0.0 (https://apidog.com)"
::1 - - [05/Mar/2026:18:28:15 +0000] "GET /buscar-pedidos?setor=balcao&dataInicio=2026-03-02&dataFim=2026-03-02&formaPagamentoId=14 HTTP/1.1" 200 377 "-" "Apidog/1.0.0 (https://apidog.com)"
::1 - - [05/Mar/2026:18:34:07 +0000] "GET /ler-formas-pagamento?status=ATIVO&solicitante=BALCAO HTTP/1.1" 304 - "http://localhost:3000/" "Mozilla/5.0 (Windows NT 10.0; Win64; x64) AppleWebKit/537.36 (KHTML, like Gecko) amiguinho-balcao/1.0.0 Chrome/140.0.7339.249 Electron/38.7.2 Safari/537.36"
::1 - - [05/Mar/2026:18:34:55 +0000] "GET /ler-formas-pagamento?status=ATIVO&solicitante=BALCAO HTTP/1.1" 304 - "http://localhost:3000/" "Mozilla/5.0 (Windows NT 10.0; Win64; x64) AppleWebKit/537.36 (KHTML, like Gecko) amiguinho-balcao/1.0.0 Chrome/140.0.7339.249 Electron/38.7.2 Safari/537.36"
::1 - - [05/Mar/2026:18:34:55 +0000] "GET /ler-formas-pagamento?status=ATIVO&solicitante=BALCAO HTTP/1.1" 304 - "http://localhost:3000/" "Mozilla/5.0 (Windows NT 10.0; Win64; x64) AppleWebKit/537.36 (KHTML, like Gecko) amiguinho-balcao/1.0.0 Chrome/140.0.7339.249 Electron/38.7.2 Safari/537.36"
::1 - - [05/Mar/2026:18:34:58 +0000] "GET /ler-formas-pagamento?status=ATIVO&solicitante=BALCAO HTTP/1.1" 304 - "http://localhost:3000/" "Mozilla/5.0 (Windows NT 10.0; Win64; x64) AppleWebKit/537.36 (KHTML, like Gecko) amiguinho-balcao/1.0.0 Chrome/140.0.7339.249 Electron/38.7.2 Safari/537.36"
::1 - - [05/Mar/2026:18:34:58 +0000] "GET /ler-formas-pagamento?status=ATIVO&solicitante=BALCAO HTTP/1.1" 304 - "http://localhost:3000/" "Mozilla/5.0 (Windows NT 10.0; Win64; x64) AppleWebKit/537.36 (KHTML, like Gecko) amiguinho-balcao/1.0.0 Chrome/140.0.7339.249 Electron/38.7.2 Safari/537.36"
::1 - - [05/Mar/2026:18:39:05 +0000] "GET /ler-formas-pagamento?status=ATIVO&solicitante=BALCAO HTTP/1.1" 304 - "http://localhost:3000/" "Mozilla/5.0 (Windows NT 10.0; Win64; x64) AppleWebKit/537.36 (KHTML, like Gecko) amiguinho-balcao/1.0.0 Chrome/140.0.7339.249 Electron/38.7.2 Safari/537.36"
::1 - - [05/Mar/2026:18:39:31 +0000] "GET /ler-formas-pagamento?status=ATIVO&solicitante=BALCAO HTTP/1.1" 304 - "http://localhost:3000/" "Mozilla/5.0 (Windows NT 10.0; Win64; x64) AppleWebKit/537.36 (KHTML, like Gecko) amiguinho-balcao/1.0.0 Chrome/140.0.7339.249 Electron/38.7.2 Safari/537.36"
::1 - - [05/Mar/2026:18:40:09 +0000] "GET /ler-formas-pagamento?status=ATIVO&solicitante=BALCAO HTTP/1.1" 304 - "http://localhost:3000/" "Mozilla/5.0 (Windows NT 10.0; Win64; x64) AppleWebKit/537.36 (KHTML, like Gecko) amiguinho-balcao/1.0.0 Chrome/140.0.7339.249 Electron/38.7.2 Safari/537.36"
::1 - - [05/Mar/2026:18:40:46 +0000] "GET /ler-formas-pagamento?status=ATIVO&solicitante=BALCAO HTTP/1.1" 304 - "http://localhost:3000/" "Mozilla/5.0 (Windows NT 10.0; Win64; x64) AppleWebKit/537.36 (KHTML, like Gecko) amiguinho-balcao/1.0.0 Chrome/140.0.7339.249 Electron/38.7.2 Safari/537.36"
::1 - - [05/Mar/2026:18:40:59 +0000] "GET /ler-formas-pagamento?status=ATIVO&solicitante=BALCAO HTTP/1.1" 304 - "http://localhost:3000/" "Mozilla/5.0 (Windows NT 10.0; Win64; x64) AppleWebKit/537.36 (KHTML, like Gecko) amiguinho-balcao/1.0.0 Chrome/140.0.7339.249 Electron/38.7.2 Safari/537.36"
::1 - - [05/Mar/2026:18:42:21 +0000] "GET /ler-formas-pagamento?status=ATIVO&solicitante=BALCAO HTTP/1.1" 304 - "http://localhost:3000/" "Mozilla/5.0 (Windows NT 10.0; Win64; x64) AppleWebKit/537.36 (KHTML, like Gecko) amiguinho-balcao/1.0.0 Chrome/140.0.7339.249 Electron/38.7.2 Safari/537.36"
::1 - - [05/Mar/2026:18:42:48 +0000] "GET /ler-formas-pagamento?status=ATIVO&solicitante=BALCAO HTTP/1.1" 304 - "http://localhost:3000/" "Mozilla/5.0 (Windows NT 10.0; Win64; x64) AppleWebKit/537.36 (KHTML, like Gecko) amiguinho-balcao/1.0.0 Chrome/140.0.7339.249 Electron/38.7.2 Safari/537.36"
::1 - - [05/Mar/2026:18:43:14 +0000] "GET /ler-formas-pagamento?status=ATIVO&solicitante=BALCAO HTTP/1.1" 304 - "http://localhost:3000/" "Mozilla/5.0 (Windows NT 10.0; Win64; x64) AppleWebKit/537.36 (KHTML, like Gecko) amiguinho-balcao/1.0.0 Chrome/140.0.7339.249 Electron/38.7.2 Safari/537.36"
::1 - - [05/Mar/2026:18:44:00 +0000] "GET /ler-formas-pagamento?status=ATIVO&solicitante=BALCAO HTTP/1.1" 304 - "http://localhost:3000/" "Mozilla/5.0 (Windows NT 10.0; Win64; x64) AppleWebKit/537.36 (KHTML, like Gecko) amiguinho-balcao/1.0.0 Chrome/140.0.7339.249 Electron/38.7.2 Safari/537.36"
::1 - - [05/Mar/2026:18:44:25 +0000] "GET /ler-formas-pagamento?status=ATIVO&solicitante=BALCAO HTTP/1.1" 304 - "http://localhost:3000/" "Mozilla/5.0 (Windows NT 10.0; Win64; x64) AppleWebKit/537.36 (KHTML, like Gecko) amiguinho-balcao/1.0.0 Chrome/140.0.7339.249 Electron/38.7.2 Safari/537.36"
::1 - - [05/Mar/2026:18:44:25 +0000] "GET /buscar-pedidos?setor=balcao&vendedor=b1&dataInicio=2026-03-02&dataFim=2026-03-05&formaPagamentoId=14 HTTP/1.1" 200 377 "http://localhost:3000/" "Mozilla/5.0 (Windows NT 10.0; Win64; x64) AppleWebKit/537.36 (KHTML, like Gecko) amiguinho-balcao/1.0.0 Chrome/140.0.7339.249 Electron/38.7.2 Safari/537.36"
::1 - - [05/Mar/2026:18:44:25 +0000] "GET /buscar-pedidos?setor=balcao&vendedor=b1&dataInicio=2026-03-05&dataFim=2026-03-05&formaPagamentoId=14 HTTP/1.1" 200 2 "http://localhost:3000/" "Mozilla/5.0 (Windows NT 10.0; Win64; x64) AppleWebKit/537.36 (KHTML, like Gecko) amiguinho-balcao/1.0.0 Chrome/140.0.7339.249 Electron/38.7.2 Safari/537.36"
::1 - - [05/Mar/2026:18:44:32 +0000] "GET /buscar-pedidos?setor=balcao&vendedor=b1&dataInicio=2026-03-02&dataFim=2026-03-05&formaPagamentoId=14 HTTP/1.1" 304 - "http://localhost:3000/" "Mozilla/5.0 (Windows NT 10.0; Win64; x64) AppleWebKit/537.36 (KHTML, like Gecko) amiguinho-balcao/1.0.0 Chrome/140.0.7339.249 Electron/38.7.2 Safari/537.36"
::1 - - [05/Mar/2026:18:44:36 +0000] "GET /buscar-pedidos?setor=balcao&vendedor=b1&dataInicio=2026-03-02&dataFim=2026-03-02&formaPagamentoId=14 HTTP/1.1" 200 377 "http://localhost:3000/" "Mozilla/5.0 (Windows NT 10.0; Win64; x64) AppleWebKit/537.36 (KHTML, like Gecko) amiguinho-balcao/1.0.0 Chrome/140.0.7339.249 Electron/38.7.2 Safari/537.36"
::1 - - [05/Mar/2026:18:44:45 +0000] "GET /buscar-pedidos?setor=balcao&vendedor=b1&dataInicio=2026-03-02&dataFim=2026-03-02&formaPagamentoId=16 HTTP/1.1" 200 388 "http://localhost:3000/" "Mozilla/5.0 (Windows NT 10.0; Win64; x64) AppleWebKit/537.36 (KHTML, like Gecko) amiguinho-balcao/1.0.0 Chrome/140.0.7339.249 Electron/38.7.2 Safari/537.36"
::1 - - [05/Mar/2026:18:44:48 +0000] "GET /buscar-pedidos?setor=balcao&vendedor=b1&dataInicio=2026-03-02&dataFim=2026-03-02&formaPagamentoId=14 HTTP/1.1" 304 - "http://localhost:3000/" "Mozilla/5.0 (Windows NT 10.0; Win64; x64) AppleWebKit/537.36 (KHTML, like Gecko) amiguinho-balcao/1.0.0 Chrome/140.0.7339.249 Electron/38.7.2 Safari/537.36"
::1 - - [05/Mar/2026:18:45:16 +0000] "GET /ler-formas-pagamento?status=ATIVO&solicitante=BALCAO HTTP/1.1" 304 - "http://localhost:3000/" "Mozilla/5.0 (Windows NT 10.0; Win64; x64) AppleWebKit/537.36 (KHTML, like Gecko) amiguinho-balcao/1.0.0 Chrome/140.0.7339.249 Electron/38.7.2 Safari/537.36"
::1 - - [05/Mar/2026:18:45:16 +0000] "GET /buscar-pedidos?setor=balcao&vendedor=b1&dataInicio=2026-03-02&dataFim=2026-03-02&formaPagamentoId=14 HTTP/1.1" 304 - "http://localhost:3000/" "Mozilla/5.0 (Windows NT 10.0; Win64; x64) AppleWebKit/537.36 (KHTML, like Gecko) amiguinho-balcao/1.0.0 Chrome/140.0.7339.249 Electron/38.7.2 Safari/537.36"
::1 - - [05/Mar/2026:18:45:16 +0000] "GET /buscar-pedidos?setor=balcao&vendedor=b1&dataInicio=2026-03-05&dataFim=2026-03-05&formaPagamentoId=14 HTTP/1.1" 304 - "http://localhost:3000/" "Mozilla/5.0 (Windows NT 10.0; Win64; x64) AppleWebKit/537.36 (KHTML, like Gecko) amiguinho-balcao/1.0.0 Chrome/140.0.7339.249 Electron/38.7.2 Safari/537.36"
::1 - - [05/Mar/2026:18:45:24 +0000] "GET /ler-formas-pagamento?status=ATIVO&solicitante=BALCAO HTTP/1.1" 304 - "http://localhost:3000/" "Mozilla/5.0 (Windows NT 10.0; Win64; x64) AppleWebKit/537.36 (KHTML, like Gecko) amiguinho-balcao/1.0.0 Chrome/140.0.7339.249 Electron/38.7.2 Safari/537.36"
::1 - - [05/Mar/2026:18:45:24 +0000] "GET /buscar-pedidos?setor=balcao&vendedor=b1&dataInicio=2026-03-05&dataFim=2026-03-05&formaPagamentoId=14 HTTP/1.1" 304 - "http://localhost:3000/" "Mozilla/5.0 (Windows NT 10.0; Win64; x64) AppleWebKit/537.36 (KHTML, like Gecko) amiguinho-balcao/1.0.0 Chrome/140.0.7339.249 Electron/38.7.2 Safari/537.36"
::1 - - [05/Mar/2026:18:45:31 +0000] "GET /buscar-pedidos?setor=balcao&vendedor=b1&dataInicio=2026-03-02&dataFim=2026-03-05&formaPagamentoId=14 HTTP/1.1" 304 - "http://localhost:3000/" "Mozilla/5.0 (Windows NT 10.0; Win64; x64) AppleWebKit/537.36 (KHTML, like Gecko) amiguinho-balcao/1.0.0 Chrome/140.0.7339.249 Electron/38.7.2 Safari/537.36"
::1 - - [05/Mar/2026:18:45:49 +0000] "GET /ler-formas-pagamento?status=ATIVO&solicitante=BALCAO HTTP/1.1" 304 - "http://localhost:3000/" "Mozilla/5.0 (Windows NT 10.0; Win64; x64) AppleWebKit/537.36 (KHTML, like Gecko) amiguinho-balcao/1.0.0 Chrome/140.0.7339.249 Electron/38.7.2 Safari/537.36"
::1 - - [05/Mar/2026:18:45:49 +0000] "GET /ler-formas-pagamento?status=ATIVO&solicitante=BALCAO HTTP/1.1" 304 - "http://localhost:3000/" "Mozilla/5.0 (Windows NT 10.0; Win64; x64) AppleWebKit/537.36 (KHTML, like Gecko) amiguinho-balcao/1.0.0 Chrome/140.0.7339.249 Electron/38.7.2 Safari/537.36"
::1 - - [05/Mar/2026:18:45:49 +0000] "GET /buscar-pedidos?setor=balcao&vendedor=b1&dataInicio=2026-03-05&dataFim=2026-03-05&formaPagamentoId=1 HTTP/1.1" 200 2 "http://localhost:3000/" "Mozilla/5.0 (Windows NT 10.0; Win64; x64) AppleWebKit/537.36 (KHTML, like Gecko) amiguinho-balcao/1.0.0 Chrome/140.0.7339.249 Electron/38.7.2 Safari/537.36"
::1 - - [05/Mar/2026:18:45:52 +0000] "GET /ler-formas-pagamento?status=ATIVO&solicitante=BALCAO HTTP/1.1" 304 - "http://localhost:3000/" "Mozilla/5.0 (Windows NT 10.0; Win64; x64) AppleWebKit/537.36 (KHTML, like Gecko) amiguinho-balcao/1.0.0 Chrome/140.0.7339.249 Electron/38.7.2 Safari/537.36"
::1 - - [05/Mar/2026:18:45:52 +0000] "GET /ler-formas-pagamento?status=ATIVO&solicitante=BALCAO HTTP/1.1" 304 - "http://localhost:3000/" "Mozilla/5.0 (Windows NT 10.0; Win64; x64) AppleWebKit/537.36 (KHTML, like Gecko) amiguinho-balcao/1.0.0 Chrome/140.0.7339.249 Electron/38.7.2 Safari/537.36"
::1 - - [05/Mar/2026:18:45:52 +0000] "GET /buscar-pedidos?setor=balcao&vendedor=b1&dataInicio=2026-03-05&dataFim=2026-03-05&formaPagamentoId=1 HTTP/1.1" 304 - "http://localhost:3000/" "Mozilla/5.0 (Windows NT 10.0; Win64; x64) AppleWebKit/537.36 (KHTML, like Gecko) amiguinho-balcao/1.0.0 Chrome/140.0.7339.249 Electron/38.7.2 Safari/537.36"
::1 - - [05/Mar/2026:18:47:24 +0000] "GET /buscar-pedidos?setor=balcao&vendedor=b1&dataInicio=2026-03-05&dataFim=2026-03-05&formaPagamentoId=14 HTTP/1.1" 304 - "http://localhost:3000/" "Mozilla/5.0 (Windows NT 10.0; Win64; x64) AppleWebKit/537.36 (KHTML, like Gecko) amiguinho-balcao/1.0.0 Chrome/140.0.7339.249 Electron/38.7.2 Safari/537.36"
::1 - - [05/Mar/2026:18:47:26 +0000] "GET /buscar-pedidos?setor=balcao&vendedor=b1&dataInicio=2026-03-02&dataFim=2026-03-05&formaPagamentoId=14 HTTP/1.1" 304 - "http://localhost:3000/" "Mozilla/5.0 (Windows NT 10.0; Win64; x64) AppleWebKit/537.36 (KHTML, like Gecko) amiguinho-balcao/1.0.0 Chrome/140.0.7339.249 Electron/38.7.2 Safari/537.36"
::1 - - [05/Mar/2026:18:47:41 +0000] "GET /ler-formas-pagamento?status=ATIVO&solicitante=BALCAO HTTP/1.1" 304 - "http://localhost:3000/" "Mozilla/5.0 (Windows NT 10.0; Win64; x64) AppleWebKit/537.36 (KHTML, like Gecko) amiguinho-balcao/1.0.0 Chrome/140.0.7339.249 Electron/38.7.2 Safari/537.36"
::1 - - [05/Mar/2026:18:47:41 +0000] "GET /ler-formas-pagamento?status=ATIVO&solicitante=BALCAO HTTP/1.1" 304 - "http://localhost:3000/" "Mozilla/5.0 (Windows NT 10.0; Win64; x64) AppleWebKit/537.36 (KHTML, like Gecko) amiguinho-balcao/1.0.0 Chrome/140.0.7339.249 Electron/38.7.2 Safari/537.36"
::1 - - [05/Mar/2026:18:47:41 +0000] "GET /buscar-pedidos?setor=balcao&vendedor=b1&dataInicio=2026-03-05&dataFim=2026-03-05&formaPagamentoId=1 HTTP/1.1" 304 - "http://localhost:3000/" "Mozilla/5.0 (Windows NT 10.0; Win64; x64) AppleWebKit/537.36 (KHTML, like Gecko) amiguinho-balcao/1.0.0 Chrome/140.0.7339.249 Electron/38.7.2 Safari/537.36"
::1 - - [05/Mar/2026:18:47:43 +0000] "GET /ler-formas-pagamento?status=ATIVO&solicitante=BALCAO HTTP/1.1" 304 - "http://localhost:3000/" "Mozilla/5.0 (Windows NT 10.0; Win64; x64) AppleWebKit/537.36 (KHTML, like Gecko) amiguinho-balcao/1.0.0 Chrome/140.0.7339.249 Electron/38.7.2 Safari/537.36"
::1 - - [05/Mar/2026:18:47:43 +0000] "GET /ler-formas-pagamento?status=ATIVO&solicitante=BALCAO HTTP/1.1" 304 - "http://localhost:3000/" "Mozilla/5.0 (Windows NT 10.0; Win64; x64) AppleWebKit/537.36 (KHTML, like Gecko) amiguinho-balcao/1.0.0 Chrome/140.0.7339.249 Electron/38.7.2 Safari/537.36"
::1 - - [05/Mar/2026:18:47:46 +0000] "GET /buscar-pedidos?setor=balcao&vendedor=b1&dataInicio=2026-03-05&dataFim=2026-03-05 HTTP/1.1" 304 - "http://localhost:3000/" "Mozilla/5.0 (Windows NT 10.0; Win64; x64) AppleWebKit/537.36 (KHTML, like Gecko) amiguinho-balcao/1.0.0 Chrome/140.0.7339.249 Electron/38.7.2 Safari/537.36"
::1 - - [05/Mar/2026:18:47:47 +0000] "GET /buscar-fechamento-balcao-dia?data=2026-03-05&vendedor=b1 HTTP/1.1" 304 - "http://localhost:3000/" "Mozilla/5.0 (Windows NT 10.0; Win64; x64) AppleWebKit/537.36 (KHTML, like Gecko) amiguinho-balcao/1.0.0 Chrome/140.0.7339.249 Electron/38.7.2 Safari/537.36"
::1 - - [05/Mar/2026:18:47:47 +0000] "GET /buscar-fechamento-balcao-dia?data=2026-03-05&vendedor=b1 HTTP/1.1" 304 - "http://localhost:3000/" "Mozilla/5.0 (Windows NT 10.0; Win64; x64) AppleWebKit/537.36 (KHTML, like Gecko) amiguinho-balcao/1.0.0 Chrome/140.0.7339.249 Electron/38.7.2 Safari/537.36"
::1 - - [05/Mar/2026:18:47:50 +0000] "GET /ler-formas-pagamento?status=ATIVO&solicitante=BALCAO HTTP/1.1" 304 - "http://localhost:3000/" "Mozilla/5.0 (Windows NT 10.0; Win64; x64) AppleWebKit/537.36 (KHTML, like Gecko) amiguinho-balcao/1.0.0 Chrome/140.0.7339.249 Electron/38.7.2 Safari/537.36"
::1 - - [05/Mar/2026:18:47:50 +0000] "GET /ler-formas-pagamento?status=ATIVO&solicitante=BALCAO HTTP/1.1" 304 - "http://localhost:3000/" "Mozilla/5.0 (Windows NT 10.0; Win64; x64) AppleWebKit/537.36 (KHTML, like Gecko) amiguinho-balcao/1.0.0 Chrome/140.0.7339.249 Electron/38.7.2 Safari/537.36"
::1 - - [05/Mar/2026:18:47:50 +0000] "GET /buscar-pedidos?setor=balcao&vendedor=b1&dataInicio=2026-03-05&dataFim=2026-03-05&formaPagamentoId=1 HTTP/1.1" 304 - "http://localhost:3000/" "Mozilla/5.0 (Windows NT 10.0; Win64; x64) AppleWebKit/537.36 (KHTML, like Gecko) amiguinho-balcao/1.0.0 Chrome/140.0.7339.249 Electron/38.7.2 Safari/537.36"
::1 - - [05/Mar/2026:18:48:06 +0000] "GET /buscar-pedidos?setor=balcao&vendedor=b1&dataInicio=2026-03-05&dataFim=2026-03-05&formaPagamentoId=16 HTTP/1.1" 200 2 "http://localhost:3000/" "Mozilla/5.0 (Windows NT 10.0; Win64; x64) AppleWebKit/537.36 (KHTML, like Gecko) amiguinho-balcao/1.0.0 Chrome/140.0.7339.249 Electron/38.7.2 Safari/537.36"
::1 - - [05/Mar/2026:18:48:08 +0000] "GET /buscar-pedidos?setor=balcao&vendedor=b1&dataInicio=2026-03-02&dataFim=2026-03-05&formaPagamentoId=16 HTTP/1.1" 200 388 "http://localhost:3000/" "Mozilla/5.0 (Windows NT 10.0; Win64; x64) AppleWebKit/537.36 (KHTML, like Gecko) amiguinho-balcao/1.0.0 Chrome/140.0.7339.249 Electron/38.7.2 Safari/537.36"
::1 - - [05/Mar/2026:18:54:21 +0000] "GET /ler-formas-pagamento?status=ATIVO&solicitante=BALCAO HTTP/1.1" 304 - "http://localhost:3000/" "Mozilla/5.0 (Windows NT 10.0; Win64; x64) AppleWebKit/537.36 (KHTML, like Gecko) amiguinho-balcao/1.0.0 Chrome/140.0.7339.249 Electron/38.7.2 Safari/537.36"
::1 - - [05/Mar/2026:18:54:21 +0000] "GET /ler-formas-pagamento?status=ATIVO&solicitante=BALCAO HTTP/1.1" 304 - "http://localhost:3000/" "Mozilla/5.0 (Windows NT 10.0; Win64; x64) AppleWebKit/537.36 (KHTML, like Gecko) amiguinho-balcao/1.0.0 Chrome/140.0.7339.249 Electron/38.7.2 Safari/537.36"
::1 - - [05/Mar/2026:18:54:21 +0000] "GET /buscar-pedidos?setor=balcao&vendedor=b1&dataInicio=2026-03-05&dataFim=2026-03-05&formaPagamentoId=1 HTTP/1.1" 304 - "http://localhost:3000/" "Mozilla/5.0 (Windows NT 10.0; Win64; x64) AppleWebKit/537.36 (KHTML, like Gecko) amiguinho-balcao/1.0.0 Chrome/140.0.7339.249 Electron/38.7.2 Safari/537.36"
::1 - - [05/Mar/2026:18:54:29 +0000] "GET /buscar-fechamento-balcao-dia?data=2026-03-05&vendedor=b1 HTTP/1.1" 304 - "http://localhost:3000/" "Mozilla/5.0 (Windows NT 10.0; Win64; x64) AppleWebKit/537.36 (KHTML, like Gecko) amiguinho-balcao/1.0.0 Chrome/140.0.7339.249 Electron/38.7.2 Safari/537.36"
::1 - - [05/Mar/2026:18:54:29 +0000] "GET /buscar-fechamento-balcao-dia?data=2026-03-05&vendedor=b1 HTTP/1.1" 304 - "http://localhost:3000/" "Mozilla/5.0 (Windows NT 10.0; Win64; x64) AppleWebKit/537.36 (KHTML, like Gecko) amiguinho-balcao/1.0.0 Chrome/140.0.7339.249 Electron/38.7.2 Safari/537.36"
::1 - - [05/Mar/2026:18:54:32 +0000] "GET /ler-formas-pagamento?status=ATIVO&solicitante=BALCAO HTTP/1.1" 304 - "http://localhost:3000/" "Mozilla/5.0 (Windows NT 10.0; Win64; x64) AppleWebKit/537.36 (KHTML, like Gecko) amiguinho-balcao/1.0.0 Chrome/140.0.7339.249 Electron/38.7.2 Safari/537.36"
::1 - - [05/Mar/2026:18:54:32 +0000] "GET /ler-formas-pagamento?status=ATIVO&solicitante=BALCAO HTTP/1.1" 304 - "http://localhost:3000/" "Mozilla/5.0 (Windows NT 10.0; Win64; x64) AppleWebKit/537.36 (KHTML, like Gecko) amiguinho-balcao/1.0.0 Chrome/140.0.7339.249 Electron/38.7.2 Safari/537.36"
::1 - - [05/Mar/2026:18:54:32 +0000] "GET /buscar-pedidos?setor=balcao&vendedor=b1&dataInicio=2026-03-05&dataFim=2026-03-05&formaPagamentoId=1 HTTP/1.1" 304 - "http://localhost:3000/" "Mozilla/5.0 (Windows NT 10.0; Win64; x64) AppleWebKit/537.36 (KHTML, like Gecko) amiguinho-balcao/1.0.0 Chrome/140.0.7339.249 Electron/38.7.2 Safari/537.36"
::1 - - [05/Mar/2026:18:57:32 +0000] "GET /ler-formas-pagamento?status=ATIVO&solicitante=BALCAO HTTP/1.1" 304 - "http://localhost:3000/" "Mozilla/5.0 (Windows NT 10.0; Win64; x64) AppleWebKit/537.36 (KHTML, like Gecko) amiguinho-balcao/1.0.0 Chrome/140.0.7339.249 Electron/38.7.2 Safari/537.36"
::1 - - [05/Mar/2026:18:57:32 +0000] "GET /buscar-pedidos?setor=balcao&vendedor=b1&dataInicio=2026-03-05&dataFim=2026-03-05&formaPagamentoId=1 HTTP/1.1" 304 - "http://localhost:3000/" "Mozilla/5.0 (Windows NT 10.0; Win64; x64) AppleWebKit/537.36 (KHTML, like Gecko) amiguinho-balcao/1.0.0 Chrome/140.0.7339.249 Electron/38.7.2 Safari/537.36"
::1 - - [05/Mar/2026:18:57:40 +0000] "GET /ler-formas-pagamento?status=ATIVO&solicitante=BALCAO HTTP/1.1" 304 - "http://localhost:3000/" "Mozilla/5.0 (Windows NT 10.0; Win64; x64) AppleWebKit/537.36 (KHTML, like Gecko) amiguinho-balcao/1.0.0 Chrome/140.0.7339.249 Electron/38.7.2 Safari/537.36"
::1 - - [05/Mar/2026:18:57:40 +0000] "GET /ler-formas-pagamento?status=ATIVO&solicitante=BALCAO HTTP/1.1" 304 - "http://localhost:3000/" "Mozilla/5.0 (Windows NT 10.0; Win64; x64) AppleWebKit/537.36 (KHTML, like Gecko) amiguinho-balcao/1.0.0 Chrome/140.0.7339.249 Electron/38.7.2 Safari/537.36"
::1 - - [05/Mar/2026:18:57:40 +0000] "GET /buscar-pedidos?setor=balcao&vendedor=b1&dataInicio=2026-03-05&dataFim=2026-03-05&formaPagamentoId=1 HTTP/1.1" 304 - "http://localhost:3000/" "Mozilla/5.0 (Windows NT 10.0; Win64; x64) AppleWebKit/537.36 (KHTML, like Gecko) amiguinho-balcao/1.0.0 Chrome/140.0.7339.249 Electron/38.7.2 Safari/537.36"
::1 - - [05/Mar/2026:18:57:43 +0000] "GET /buscar-fechamento/balcao?data=2026-03-05&vendedor=b1 HTTP/1.1" 200 4 "http://localhost:3000/" "Mozilla/5.0 (Windows NT 10.0; Win64; x64) AppleWebKit/537.36 (KHTML, like Gecko) amiguinho-balcao/1.0.0 Chrome/140.0.7339.249 Electron/38.7.2 Safari/537.36"
::1 - - [05/Mar/2026:18:57:43 +0000] "GET /buscar-fechamento-balcao-dia?setor=balcao&data=2026-03-05&vendedor=b1 HTTP/1.1" 200 53 "http://localhost:3000/" "Mozilla/5.0 (Windows NT 10.0; Win64; x64) AppleWebKit/537.36 (KHTML, like Gecko) amiguinho-balcao/1.0.0 Chrome/140.0.7339.249 Electron/38.7.2 Safari/537.36"
::1 - - [05/Mar/2026:18:57:43 +0000] "GET /buscar-fechamento/balcao?data=2026-03-05&vendedor=b1 HTTP/1.1" 304 - "http://localhost:3000/" "Mozilla/5.0 (Windows NT 10.0; Win64; x64) AppleWebKit/537.36 (KHTML, like Gecko) amiguinho-balcao/1.0.0 Chrome/140.0.7339.249 Electron/38.7.2 Safari/537.36"
::1 - - [05/Mar/2026:18:57:43 +0000] "GET /buscar-fechamento-balcao-dia?setor=balcao&data=2026-03-05&vendedor=b1 HTTP/1.1" 304 - "http://localhost:3000/" "Mozilla/5.0 (Windows NT 10.0; Win64; x64) AppleWebKit/537.36 (KHTML, like Gecko) amiguinho-balcao/1.0.0 Chrome/140.0.7339.249 Electron/38.7.2 Safari/537.36"
::1 - - [05/Mar/2026:18:57:43 +0000] "POST /criar-fechamento/balcao HTTP/1.1" 201 162 "http://localhost:3000/" "Mozilla/5.0 (Windows NT 10.0; Win64; x64) AppleWebKit/537.36 (KHTML, like Gecko) amiguinho-balcao/1.0.0 Chrome/140.0.7339.249 Electron/38.7.2 Safari/537.36"
::1 - - [05/Mar/2026:18:57:43 +0000] "GET /buscar-fechamento/balcao?data=2026-03-05&vendedor=b1 HTTP/1.1" 200 162 "http://localhost:3000/" "Mozilla/5.0 (Windows NT 10.0; Win64; x64) AppleWebKit/537.36 (KHTML, like Gecko) amiguinho-balcao/1.0.0 Chrome/140.0.7339.249 Electron/38.7.2 Safari/537.36"
::1 - - [05/Mar/2026:18:57:43 +0000] "POST /criar-fechamento/balcao HTTP/1.1" 500 39 "http://localhost:3000/" "Mozilla/5.0 (Windows NT 10.0; Win64; x64) AppleWebKit/537.36 (KHTML, like Gecko) amiguinho-balcao/1.0.0 Chrome/140.0.7339.249 Electron/38.7.2 Safari/537.36"
::1 - - [05/Mar/2026:18:57:43 +0000] "GET /buscar-movimentacao/3 HTTP/1.1" 200 2 "http://localhost:3000/" "Mozilla/5.0 (Windows NT 10.0; Win64; x64) AppleWebKit/537.36 (KHTML, like Gecko) amiguinho-balcao/1.0.0 Chrome/140.0.7339.249 Electron/38.7.2 Safari/537.36"
::1 - - [05/Mar/2026:18:57:45 +0000] "GET /ler-formas-pagamento?status=ATIVO&solicitante=BALCAO HTTP/1.1" 304 - "http://localhost:3000/" "Mozilla/5.0 (Windows NT 10.0; Win64; x64) AppleWebKit/537.36 (KHTML, like Gecko) amiguinho-balcao/1.0.0 Chrome/140.0.7339.249 Electron/38.7.2 Safari/537.36"
::1 - - [05/Mar/2026:18:57:45 +0000] "GET /ler-formas-pagamento?status=ATIVO&solicitante=BALCAO HTTP/1.1" 304 - "http://localhost:3000/" "Mozilla/5.0 (Windows NT 10.0; Win64; x64) AppleWebKit/537.36 (KHTML, like Gecko) amiguinho-balcao/1.0.0 Chrome/140.0.7339.249 Electron/38.7.2 Safari/537.36"
::1 - - [05/Mar/2026:18:57:45 +0000] "GET /buscar-pedidos?setor=balcao&vendedor=b1&dataInicio=2026-03-05&dataFim=2026-03-05&formaPagamentoId=1 HTTP/1.1" 304 - "http://localhost:3000/" "Mozilla/5.0 (Windows NT 10.0; Win64; x64) AppleWebKit/537.36 (KHTML, like Gecko) amiguinho-balcao/1.0.0 Chrome/140.0.7339.249 Electron/38.7.2 Safari/537.36"
::1 - - [05/Mar/2026:18:57:48 +0000] "GET /buscar-fechamento/balcao?data=2026-03-05&vendedor=b1 HTTP/1.1" 304 - "http://localhost:3000/" "Mozilla/5.0 (Windows NT 10.0; Win64; x64) AppleWebKit/537.36 (KHTML, like Gecko) amiguinho-balcao/1.0.0 Chrome/140.0.7339.249 Electron/38.7.2 Safari/537.36"
::1 - - [05/Mar/2026:18:57:48 +0000] "GET /buscar-fechamento-balcao-dia?setor=balcao&data=2026-03-05&vendedor=b1 HTTP/1.1" 304 - "http://localhost:3000/" "Mozilla/5.0 (Windows NT 10.0; Win64; x64) AppleWebKit/537.36 (KHTML, like Gecko) amiguinho-balcao/1.0.0 Chrome/140.0.7339.249 Electron/38.7.2 Safari/537.36"
::1 - - [05/Mar/2026:18:57:48 +0000] "GET /buscar-fechamento/balcao?data=2026-03-05&vendedor=b1 HTTP/1.1" 304 - "http://localhost:3000/" "Mozilla/5.0 (Windows NT 10.0; Win64; x64) AppleWebKit/537.36 (KHTML, like Gecko) amiguinho-balcao/1.0.0 Chrome/140.0.7339.249 Electron/38.7.2 Safari/537.36"
::1 - - [05/Mar/2026:18:57:48 +0000] "GET /buscar-fechamento-balcao-dia?setor=balcao&data=2026-03-05&vendedor=b1 HTTP/1.1" 304 - "http://localhost:3000/" "Mozilla/5.0 (Windows NT 10.0; Win64; x64) AppleWebKit/537.36 (KHTML, like Gecko) amiguinho-balcao/1.0.0 Chrome/140.0.7339.249 Electron/38.7.2 Safari/537.36"
::1 - - [05/Mar/2026:18:57:48 +0000] "GET /buscar-movimentacao/3 HTTP/1.1" 304 - "http://localhost:3000/" "Mozilla/5.0 (Windows NT 10.0; Win64; x64) AppleWebKit/537.36 (KHTML, like Gecko) amiguinho-balcao/1.0.0 Chrome/140.0.7339.249 Electron/38.7.2 Safari/537.36"
::1 - - [05/Mar/2026:18:57:50 +0000] "GET /ler-formas-pagamento?status=ATIVO&solicitante=BALCAO HTTP/1.1" 304 - "http://localhost:3000/" "Mozilla/5.0 (Windows NT 10.0; Win64; x64) AppleWebKit/537.36 (KHTML, like Gecko) amiguinho-balcao/1.0.0 Chrome/140.0.7339.249 Electron/38.7.2 Safari/537.36"
::1 - - [05/Mar/2026:18:57:50 +0000] "GET /ler-formas-pagamento?status=ATIVO&solicitante=BALCAO HTTP/1.1" 304 - "http://localhost:3000/" "Mozilla/5.0 (Windows NT 10.0; Win64; x64) AppleWebKit/537.36 (KHTML, like Gecko) amiguinho-balcao/1.0.0 Chrome/140.0.7339.249 Electron/38.7.2 Safari/537.36"
::1 - - [05/Mar/2026:18:57:50 +0000] "GET /buscar-pedidos?setor=balcao&vendedor=b1&dataInicio=2026-03-05&dataFim=2026-03-05&formaPagamentoId=1 HTTP/1.1" 304 - "http://localhost:3000/" "Mozilla/5.0 (Windows NT 10.0; Win64; x64) AppleWebKit/537.36 (KHTML, like Gecko) amiguinho-balcao/1.0.0 Chrome/140.0.7339.249 Electron/38.7.2 Safari/537.36"
::1 - - [05/Mar/2026:18:58:18 +0000] "GET /buscar-pedidos?setor=balcao&vendedor=b1&dataInicio=2026-03-05&dataFim=2026-03-05&formaPagamentoId=8 HTTP/1.1" 200 2 "http://localhost:3000/" "Mozilla/5.0 (Windows NT 10.0; Win64; x64) AppleWebKit/537.36 (KHTML, like Gecko) amiguinho-balcao/1.0.0 Chrome/140.0.7339.249 Electron/38.7.2 Safari/537.36"
::1 - - [05/Mar/2026:18:58:29 +0000] "GET /buscar-pedidos?setor=balcao&vendedor=b1&dataInicio=2026-03-05&dataFim=2026-03-05&formaPagamentoId=16 HTTP/1.1" 304 - "http://localhost:3000/" "Mozilla/5.0 (Windows NT 10.0; Win64; x64) AppleWebKit/537.36 (KHTML, like Gecko) amiguinho-balcao/1.0.0 Chrome/140.0.7339.249 Electron/38.7.2 Safari/537.36"
::1 - - [05/Mar/2026:18:58:31 +0000] "GET /buscar-pedidos?setor=balcao&vendedor=b1&dataInicio=2026-03-02&dataFim=2026-03-05&formaPagamentoId=16 HTTP/1.1" 304 - "http://localhost:3000/" "Mozilla/5.0 (Windows NT 10.0; Win64; x64) AppleWebKit/537.36 (KHTML, like Gecko) amiguinho-balcao/1.0.0 Chrome/140.0.7339.249 Electron/38.7.2 Safari/537.36"
::1 - - [05/Mar/2026:19:39:37 +0000] "GET /ler-formas-pagamento?status=ATIVO&solicitante=BALCAO HTTP/1.1" 304 - "http://localhost:3000/" "Mozilla/5.0 (Windows NT 10.0; Win64; x64) AppleWebKit/537.36 (KHTML, like Gecko) amiguinho-balcao/1.0.0 Chrome/140.0.7339.249 Electron/38.7.2 Safari/537.36"
::1 - - [05/Mar/2026:19:39:37 +0000] "GET /ler-formas-pagamento?status=ATIVO&solicitante=BALCAO HTTP/1.1" 304 - "http://localhost:3000/" "Mozilla/5.0 (Windows NT 10.0; Win64; x64) AppleWebKit/537.36 (KHTML, like Gecko) amiguinho-balcao/1.0.0 Chrome/140.0.7339.249 Electron/38.7.2 Safari/537.36"
::1 - - [05/Mar/2026:19:39:37 +0000] "GET /buscar-pedidos?setor=balcao&vendedor=b1&dataInicio=2026-03-05&dataFim=2026-03-05&formaPagamentoId=1 HTTP/1.1" 304 - "http://localhost:3000/" "Mozilla/5.0 (Windows NT 10.0; Win64; x64) AppleWebKit/537.36 (KHTML, like Gecko) amiguinho-balcao/1.0.0 Chrome/140.0.7339.249 Electron/38.7.2 Safari/537.36"
